2025-04-23 12:28:21,734 - INFO - Starting RGB statistics computation
2025-04-23 12:28:21,734 - INFO - Dataset directory: /media/krkavinda/New Volume/Mid-Air-Dataset/MidAir_processed
2025-04-23 12:28:21,734 - INFO - Climate sets: ['Kite_training/sunny']
2025-04-23 12:28:21,734 - INFO - Training trajectories: {'Kite_training/sunny': ['trajectory_0000', 'trajectory_0001', 'trajectory_0002', 'trajectory_0003', 'trajectory_0004', 'trajectory_0005', 'trajectory_0006', 'trajectory_0007', 'trajectory_0008', 'trajectory_0009', 'trajectory_0010', 'trajectory_0011', 'trajectory_0012', 'trajectory_0013', 'trajectory_0014']}
2025-04-23 12:28:21,734 - INFO - Validation trajectories: {'Kite_training/sunny': ['trajectory_0015', 'trajectory_0016', 'trajectory_0017', 'trajectory_0018', 'trajectory_0019', 'trajectory_0020', 'trajectory_0021', 'trajectory_0022', 'trajectory_0023', 'trajectory_0024', 'trajectory_0025', 'trajectory_0026', 'trajectory_0027', 'trajectory_0028', 'trajectory_0029']}
2025-04-23 12:28:21,736 - INFO - Processing trajectory: Kite_training/sunny/trajectory_0000, 2205 images
2025-04-23 12:28:41,635 - INFO - Processing trajectory: Kite_training/sunny/trajectory_0001, 2205 images
2025-04-23 12:29:02,504 - INFO - Processing trajectory: Kite_training/sunny/trajectory_0002, 2202 images
2025-04-23 12:29:22,428 - INFO - Processing trajectory: Kite_training/sunny/trajectory_0003, 2205 images
2025-04-23 12:29:42,415 - INFO - Processing trajectory: Kite_training/sunny/trajectory_0004, 2232 images
2025-04-23 12:30:03,585 - INFO - Processing trajectory: Kite_training/sunny/trajectory_0005, 2206 images
2025-04-23 12:30:25,489 - INFO - Processing trajectory: Kite_training/sunny/trajectory_0006, 2206 images
2025-04-23 12:30:46,460 - INFO - Processing trajectory: Kite_training/sunny/trajectory_0007, 2204 images
2025-04-23 12:31:06,975 - INFO - Processing trajectory: Kite_training/sunny/trajectory_0008, 2205 images
2025-04-23 12:31:26,728 - INFO - Processing trajectory: Kite_training/sunny/trajectory_0009, 2209 images
2025-04-23 12:31:48,350 - INFO - Processing trajectory: Kite_training/sunny/trajectory_0010, 2207 images
2025-04-23 12:32:08,365 - INFO - Processing trajectory: Kite_training/sunny/trajectory_0011, 2209 images
2025-04-23 12:32:29,880 - INFO - Processing trajectory: Kite_training/sunny/trajectory_0012, 2205 images
2025-04-23 12:32:50,861 - INFO - Processing trajectory: Kite_training/sunny/trajectory_0013, 2206 images
2025-04-23 12:33:11,221 - INFO - Processing trajectory: Kite_training/sunny/trajectory_0014, 2211 images
2025-04-23 12:33:31,543 - INFO - Processing trajectory: Kite_training/sunny/trajectory_0015, 2200 images
2025-04-23 12:33:52,043 - INFO - Processing trajectory: Kite_training/sunny/trajectory_0016, 2200 images
2025-04-23 12:34:11,901 - INFO - Processing trajectory: Kite_training/sunny/trajectory_0017, 2202 images
2025-04-23 12:34:33,820 - INFO - Processing trajectory: Kite_training/sunny/trajectory_0018, 2207 images
2025-04-23 12:34:55,476 - INFO - Processing trajectory: Kite_training/sunny/trajectory_0019, 2206 images
2025-04-23 12:35:16,734 - INFO - Processing trajectory: Kite_training/sunny/trajectory_0020, 2205 images
2025-04-23 12:35:37,239 - INFO - Processing trajectory: Kite_training/sunny/trajectory_0021, 2204 images
2025-04-23 12:35:56,832 - INFO - Processing trajectory: Kite_training/sunny/trajectory_0022, 2203 images
2025-04-23 12:36:17,473 - INFO - Processing trajectory: Kite_training/sunny/trajectory_0023, 2205 images
2025-04-23 12:36:38,618 - INFO - Processing trajectory: Kite_training/sunny/trajectory_0024, 2256 images
2025-04-23 12:36:59,213 - INFO - Processing trajectory: Kite_training/sunny/trajectory_0025, 2205 images
2025-04-23 12:37:20,185 - INFO - Processing trajectory: Kite_training/sunny/trajectory_0026, 2204 images
2025-04-23 12:37:42,058 - INFO - Processing trajectory: Kite_training/sunny/trajectory_0027, 2205 images
2025-04-23 12:38:04,478 - INFO - Processing trajectory: Kite_training/sunny/trajectory_0028, 2205 images
2025-04-23 12:38:26,864 - INFO - Processing trajectory: Kite_training/sunny/trajectory_0029, 2205 images
2025-04-23 12:38:49,288 - INFO - Computed RGB Mean: [0.4966488927202278, 0.49786435686051056, 0.3430027377544532]
2025-04-23 12:38:49,288 - INFO - Computed RGB Std: [0.25857655965412435, 0.24064073569741573, 0.27678512740123107]
2025-04-23 12:38:49,288 - INFO - Total pixels processed: 69446139904
2025-04-23 12:38:49,291 - INFO - Saved statistics to rgb_stats.

(Fusion-env) krkavinda@OULM20045:~/PROJECT-IGI$ python cal_stats.py
Kite_training/sunny: Total=30, Train=15, Valid=15
Train trajectories: ['trajectory_0000', 'trajectory_0001', 'trajectory_0002', 'trajectory_0003', 'trajectory_0004', 'trajectory_0005', 'trajectory_0006', 'trajectory_0007', 'trajectory_0008', 'trajectory_0009', 'trajectory_0010', 'trajectory_0011', 'trajectory_0012', 'trajectory_0013', 'trajectory_0014']
Valid trajectories: ['trajectory_0015', 'trajectory_0016', 'trajectory_0017', 'trajectory_0018', 'trajectory_0019', 'trajectory_0020', 'trajectory_0021', 'trajectory_0022', 'trajectory_0023', 'trajectory_0024', 'trajectory_0025', 'trajectory_0026', 'trajectory_0027', 'trajectory_0028', 'trajectory_0029']
Pose Directory is :
/media/krkavinda/New Volume/Mid-Air-Dataset/MidAir_processed
2025-04-23 12:28:21,734 - INFO - Starting RGB statistics computation
2025-04-23 12:28:21,734 - INFO - Dataset directory: /media/krkavinda/New Volume/Mid-Air-Dataset/MidAir_processed
2025-04-23 12:28:21,734 - INFO - Climate sets: ['Kite_training/sunny']
2025-04-23 12:28:21,734 - INFO - Training trajectories: {'Kite_training/sunny': ['trajectory_0000', 'trajectory_0001', 'trajectory_0002', 'trajectory_0003', 'trajectory_0004', 'trajectory_0005', 'trajectory_0006', 'trajectory_0007', 'trajectory_0008', 'trajectory_0009', 'trajectory_0010', 'trajectory_0011', 'trajectory_0012', 'trajectory_0013', 'trajectory_0014']}
2025-04-23 12:28:21,734 - INFO - Validation trajectories: {'Kite_training/sunny': ['trajectory_0015', 'trajectory_0016', 'trajectory_0017', 'trajectory_0018', 'trajectory_0019', 'trajectory_0020', 'trajectory_0021', 'trajectory_0022', 'trajectory_0023', 'trajectory_0024', 'trajectory_0025', 'trajectory_0026', 'trajectory_0027', 'trajectory_0028', 'trajectory_0029']}
2025-04-23 12:28:21,736 - INFO - Processing trajectory: Kite_training/sunny/trajectory_0000, 2205 images
2025-04-23 12:28:41,635 - INFO - Processing trajectory: Kite_training/sunny/trajectory_0001, 2205 images
2025-04-23 12:29:02,504 - INFO - Processing trajectory: Kite_training/sunny/trajectory_0002, 2202 images
2025-04-23 12:29:22,428 - INFO - Processing trajectory: Kite_training/sunny/trajectory_0003, 2205 images
2025-04-23 12:29:42,415 - INFO - Processing trajectory: Kite_training/sunny/trajectory_0004, 2232 images
2025-04-23 12:30:03,585 - INFO - Processing trajectory: Kite_training/sunny/trajectory_0005, 2206 images
2025-04-23 12:30:25,489 - INFO - Processing trajectory: Kite_training/sunny/trajectory_0006, 2206 images
2025-04-23 12:30:46,460 - INFO - Processing trajectory: Kite_training/sunny/trajectory_0007, 2204 images
2025-04-23 12:31:06,975 - INFO - Processing trajectory: Kite_training/sunny/trajectory_0008, 2205 images
2025-04-23 12:31:26,728 - INFO - Processing trajectory: Kite_training/sunny/trajectory_0009, 2209 images
2025-04-23 12:31:48,350 - INFO - Processing trajectory: Kite_training/sunny/trajectory_0010, 2207 images
2025-04-23 12:32:08,365 - INFO - Processing trajectory: Kite_training/sunny/trajectory_0011, 2209 images
2025-04-23 12:32:29,880 - INFO - Processing trajectory: Kite_training/sunny/trajectory_0012, 2205 images
2025-04-23 12:32:50,861 - INFO - Processing trajectory: Kite_training/sunny/trajectory_0013, 2206 images
2025-04-23 12:33:11,221 - INFO - Processing trajectory: Kite_training/sunny/trajectory_0014, 2211 images
2025-04-23 12:33:31,543 - INFO - Processing trajectory: Kite_training/sunny/trajectory_0015, 2200 images
2025-04-23 12:33:52,043 - INFO - Processing trajectory: Kite_training/sunny/trajectory_0016, 2200 images
2025-04-23 12:34:11,901 - INFO - Processing trajectory: Kite_training/sunny/trajectory_0017, 2202 images
2025-04-23 12:34:33,820 - INFO - Processing trajectory: Kite_training/sunny/trajectory_0018, 2207 images
2025-04-23 12:34:55,476 - INFO - Processing trajectory: Kite_training/sunny/trajectory_0019, 2206 images
2025-04-23 12:35:16,734 - INFO - Processing trajectory: Kite_training/sunny/trajectory_0020, 2205 images
2025-04-23 12:35:37,239 - INFO - Processing trajectory: Kite_training/sunny/trajectory_0021, 2204 images
2025-04-23 12:35:56,832 - INFO - Processing trajectory: Kite_training/sunny/trajectory_0022, 2203 images
2025-04-23 12:36:17,473 - INFO - Processing trajectory: Kite_training/sunny/trajectory_0023, 2205 images
2025-04-23 12:36:38,618 - INFO - Processing trajectory: Kite_training/sunny/trajectory_0024, 2256 images
2025-04-23 12:36:59,213 - INFO - Processing trajectory: Kite_training/sunny/trajectory_0025, 2205 images
2025-04-23 12:37:20,185 - INFO - Processing trajectory: Kite_training/sunny/trajectory_0026, 2204 images
2025-04-23 12:37:42,058 - INFO - Processing trajectory: Kite_training/sunny/trajectory_0027, 2205 images
2025-04-23 12:38:04,478 - INFO - Processing trajectory: Kite_training/sunny/trajectory_0028, 2205 images
2025-04-23 12:38:26,864 - INFO - Processing trajectory: Kite_training/sunny/trajectory_0029, 2205 images
2025-04-23 12:38:49,288 - INFO - Computed RGB Mean: [0.4966488927202278, 0.49786435686051056, 0.3430027377544532]
2025-04-23 12:38:49,288 - INFO - Computed RGB Std: [0.25857655965412435, 0.24064073569741573, 0.27678512740123107]
2025-04-23 12:38:49,288 - INFO - Total pixels processed: 69446139904
2025-04-23 12:38:49,291 - INFO - Saved statistics to rgb_stats.txt

Update params.py with the following values:
self.img_means_03 = [0.4966488927202278, 0.49786435686051056, 0.3430027377544532]
self.img_stds_03 = [0.25857655965412435, 0.24064073569741573, 0.27678512740123107]
self.img_means_02 = self.img_means_03
self.img_stds_02 = self.img_stds_03
