2025-04-24 12:13:34,349 - INFO - Training trajectories: [('Kite_training/sunny', 'trajectory_0000'), ('Kite_training/sunny', 'trajectory_0001'), ('Kite_training/sunny', 'trajectory_0002'), ('Kite_training/sunny', 'trajectory_0003'), ('Kite_training/sunny', 'trajectory_0004'), ('Kite_training/sunny', 'trajectory_0005')], Count: 6
2025-04-24 12:13:34,349 - INFO - Validation trajectories: [('Kite_training/sunny', 'trajectory_0006'), ('Kite_training/sunny', 'trajectory_0007'), ('Kite_training/sunny', 'trajectory_0008'), ('Kite_training/sunny', 'trajectory_0009')], Count: 4
2025-04-24 12:13:34,349 - INFO - Generating new data info (files not found)
2025-04-24 12:13:34,694 - INFO - Number of training samples: 7958
2025-04-24 12:13:34,694 - INFO - Number of validation samples: 2204
2025-04-24 12:13:34,837 - INFO - Number of training batches: 330
2025-04-24 12:13:34,837 - INFO - Number of validation batches: 91
2025-04-24 12:13:34,837 - INFO - Instantiating RGBVO model
2025-04-24 12:13:35,776 - INFO - Loading pre-trained FlowNet weights from /home/krkavinda/DeepVO-pytorch/FlowNet_models/pytorch/flownets_bn_EPE2.459.pth
2025-04-24 12:13:35,878 - WARNING - No matching layers found between FlowNet weights and model architecture
2025-04-24 12:13:35,878 - INFO - Starting training for 100 epochs
2025-04-25 02:45:39,301 - INFO - Training trajectories: [('Kite_training/sunny', 'trajectory_0000'), ('Kite_training/sunny', 'trajectory_0001'), ('Kite_training/sunny', 'trajectory_0002'), ('Kite_training/sunny', 'trajectory_0003'), ('Kite_training/sunny', 'trajectory_0004'), ('Kite_training/sunny', 'trajectory_0005')], Count: 6
2025-04-25 02:45:39,303 - INFO - Validation trajectories: [('Kite_training/sunny', 'trajectory_0006'), ('Kite_training/sunny', 'trajectory_0007'), ('Kite_training/sunny', 'trajectory_0008'), ('Kite_training/sunny', 'trajectory_0009')], Count: 4
2025-04-25 02:45:39,386 - INFO - Using existing data info files with 10 trajectories
2025-04-25 02:45:39,386 - INFO - Number of training samples: 7958
2025-04-25 02:45:39,386 - INFO - Number of validation samples: 1763
2025-04-25 02:45:39,522 - INFO - Number of training batches: 330
2025-04-25 02:45:39,522 - INFO - Number of validation batches: 73
2025-04-25 02:45:39,522 - INFO - Instantiating RGBVO model
2025-04-25 02:45:40,508 - INFO - Model has 64 parameters
2025-04-25 02:45:40,509 - INFO - Sample model keys: ['rgb_deepvo.conv1.0.weight', 'rgb_deepvo.conv1.1.weight', 'rgb_deepvo.conv1.1.bias', 'rgb_deepvo.conv1.1.running_mean', 'rgb_deepvo.conv1.1.running_var', 'rgb_deepvo.conv1.1.num_batches_tracked', 'rgb_deepvo.conv2.0.weight', 'rgb_deepvo.conv2.1.weight', 'rgb_deepvo.conv2.1.bias', 'rgb_deepvo.conv2.1.running_mean']
2025-04-25 02:45:40,509 - INFO - Target prefixes that exist in model: []
2025-04-25 02:45:40,509 - INFO - Extended target prefixes: ['rgb_deepvo.flownet', 'rgb_deepvo.conv1', 'rgb_deepvo.conv2', 'rgb_deepvo.conv3', 'rgb_deepvo.conv3_1', 'rgb_deepvo.conv4', 'rgb_deepvo.conv4_1', 'rgb_deepvo.conv5', 'rgb_deepvo.conv5_1', 'rgb_deepvo.conv6', 'rgb_deepvo_flownet']
2025-04-25 02:45:40,509 - INFO - Loading pre-trained FlowNet weights from /home/krkavinda/DeepVO-pytorch/FlowNet_models/pytorch/flownets_bn_EPE2.459.pth
2025-04-25 02:45:40,587 - INFO - FlowNet weights file contains 4 keys: ['state_dict', 'epoch', 'arch', 'best_EPE']
2025-04-25 02:45:40,587 - INFO - Found 'state_dict' key in weights file, using it for loading
2025-04-25 02:45:40,587 - INFO - Pretrained weights contain 63 parameters
2025-04-25 02:45:40,587 - INFO - Sample weight keys: ['conv1.0.weight', 'conv1.1.weight', 'conv1.1.bias', 'conv1.1.running_mean', 'conv1.1.running_var']
2025-04-25 02:45:40,588 - INFO - No key matches found, attempting shape-based matching...
2025-04-25 02:45:40,588 - INFO - Matched 45 layers by shape
2025-04-25 02:45:40,588 - INFO - Successfully loaded 45 layers from FlowNet weights
2025-04-25 02:45:40,589 - INFO - Starting training for 100 epochs
