2025-05-05 13:37:40,990 - INFO - Epoch 1/125
2025-05-05 13:38:40,612 - INFO - Epoch 1/125
2025-05-05 13:44:11,763 - INFO - Train Loss: 1125.126503 ± 8961.846834
2025-05-05 13:44:11,763 - INFO - Val Loss: 18.357814 ± 3.661936
2025-05-05 13:44:11,763 - INFO - Train Depth Trans Loss: 0.000000
2025-05-05 13:44:11,763 - INFO - Train GPS Trans Loss: 277.546868
2025-05-05 13:44:11,763 - INFO - Val Depth Trans Loss: 0.000000
2025-05-05 13:44:11,763 - INFO - Val GPS Trans Loss: 0.173536
2025-05-05 13:44:11,763 - INFO - ATE: 2.6389 ± 1.7466 m
2025-05-05 13:44:11,763 - INFO - RPE Trans: 0.5271 ± 0.0054 m
2025-05-05 13:44:11,763 - INFO - RPE Rot: 0.0065 ± 0.0008 rad
2025-05-05 13:44:11,957 - INFO - New best model saved with validation loss: 18.357814
2025-05-05 13:44:12,141 - INFO - New best ATE model saved with ATE: 2.6389m
2025-05-05 13:44:12,141 - INFO - Epoch 2/125
2025-05-05 13:49:51,742 - INFO - Train Loss: 11.665535 ± 1.571741
2025-05-05 13:49:51,742 - INFO - Val Loss: 11.171522 ± 2.131739
2025-05-05 13:49:51,742 - INFO - Train Depth Trans Loss: 0.000000
2025-05-05 13:49:51,742 - INFO - Train GPS Trans Loss: 0.067152
2025-05-05 13:49:51,742 - INFO - Val Depth Trans Loss: 0.000000
2025-05-05 13:49:51,742 - INFO - Val GPS Trans Loss: 0.054470
2025-05-05 13:49:51,742 - INFO - ATE: 1.6283 ± 1.0810 m
2025-05-05 13:49:51,742 - INFO - RPE Trans: 0.3261 ± 0.0040 m
2025-05-05 13:49:51,742 - INFO - RPE Rot: 0.0060 ± 0.0009 rad
2025-05-05 13:49:52,032 - INFO - New best model saved with validation loss: 11.171522
2025-05-05 13:49:52,272 - INFO - New best ATE model saved with ATE: 1.6283m
2025-05-05 13:49:52,273 - INFO - Epoch 3/125
2025-05-05 13:55:31,762 - INFO - Train Loss: 8.405758 ± 0.506514
2025-05-05 13:55:31,762 - INFO - Val Loss: 8.690883 ± 1.085733
2025-05-05 13:55:31,762 - INFO - Train Depth Trans Loss: 0.000000
2025-05-05 13:55:31,762 - INFO - Train GPS Trans Loss: 0.017928
2025-05-05 13:55:31,762 - INFO - Val Depth Trans Loss: 0.000000
2025-05-05 13:55:31,762 - INFO - Val GPS Trans Loss: 0.030833
2025-05-05 13:55:31,762 - INFO - ATE: 1.2595 ± 0.8359 m
2025-05-05 13:55:31,762 - INFO - RPE Trans: 0.2522 ± 0.0040 m
2025-05-05 13:55:31,762 - INFO - RPE Rot: 0.0070 ± 0.0008 rad
2025-05-05 13:55:32,010 - INFO - New best model saved with validation loss: 8.690883
2025-05-05 13:55:32,245 - INFO - New best ATE model saved with ATE: 1.2595m
2025-05-05 13:55:32,246 - INFO - Epoch 4/125
2025-05-05 14:01:12,243 - INFO - Train Loss: 7.248024 ± 0.229766
2025-05-05 14:01:12,244 - INFO - Val Loss: 7.602351 ± 0.649836
2025-05-05 14:01:12,244 - INFO - Train Depth Trans Loss: 0.000000
2025-05-05 14:01:12,244 - INFO - Train GPS Trans Loss: 0.010055
2025-05-05 14:01:12,244 - INFO - Val Depth Trans Loss: 0.000000
2025-05-05 14:01:12,244 - INFO - Val GPS Trans Loss: 0.022007
2025-05-05 14:01:12,244 - INFO - ATE: 1.0699 ± 0.7104 m
2025-05-05 14:01:12,244 - INFO - RPE Trans: 0.2144 ± 0.0042 m
2025-05-05 14:01:12,244 - INFO - RPE Rot: 0.0071 ± 0.0009 rad
2025-05-05 14:01:12,482 - INFO - New best model saved with validation loss: 7.602351
2025-05-05 14:01:12,718 - INFO - New best ATE model saved with ATE: 1.0699m
2025-05-05 14:01:12,718 - INFO - Epoch 5/125
2025-05-05 14:06:38,582 - INFO - Train Loss: 6.625706 ± 0.153297
2025-05-05 14:06:38,582 - INFO - Val Loss: 6.895609 ± 0.467773
2025-05-05 14:06:38,582 - INFO - Train Depth Trans Loss: 0.000000
2025-05-05 14:06:38,582 - INFO - Train GPS Trans Loss: 0.006690
2025-05-05 14:06:38,582 - INFO - Val Depth Trans Loss: 0.000000
2025-05-05 14:06:38,582 - INFO - Val GPS Trans Loss: 0.015872
2025-05-05 14:06:38,583 - INFO - ATE: 0.9075 ± 0.6013 m
2025-05-05 14:06:38,583 - INFO - RPE Trans: 0.1815 ± 0.0036 m
2025-05-05 14:06:38,583 - INFO - RPE Rot: 0.0061 ± 0.0009 rad
2025-05-05 14:06:39,017 - INFO - New best model saved with validation loss: 6.895609
2025-05-05 14:06:39,457 - INFO - New best ATE model saved with ATE: 0.9075m
2025-05-05 14:06:39,458 - INFO - Epoch 6/125
2025-05-05 14:12:22,254 - INFO - Train Loss: 6.173245 ± 0.121020
2025-05-05 14:12:22,254 - INFO - Val Loss: 6.460717 ± 0.531807
2025-05-05 14:12:22,254 - INFO - Train Depth Trans Loss: 0.000000
2025-05-05 14:12:22,254 - INFO - Train GPS Trans Loss: 0.005027
2025-05-05 14:12:22,254 - INFO - Val Depth Trans Loss: 0.000000
2025-05-05 14:12:22,254 - INFO - Val GPS Trans Loss: 0.017100
2025-05-05 14:12:22,254 - INFO - ATE: 0.8543 ± 0.5666 m
2025-05-05 14:12:22,254 - INFO - RPE Trans: 0.1710 ± 0.0039 m
2025-05-05 14:12:22,254 - INFO - RPE Rot: 0.0063 ± 0.0008 rad
2025-05-05 14:12:22,553 - INFO - New best model saved with validation loss: 6.460717
2025-05-05 14:12:22,974 - INFO - New best ATE model saved with ATE: 0.8543m
2025-05-05 14:12:22,974 - INFO - Epoch 7/125
2025-05-05 14:18:03,950 - INFO - Train Loss: 5.810846 ± 0.103262
2025-05-05 14:18:03,950 - INFO - Val Loss: 6.014017 ± 0.382238
2025-05-05 14:18:03,950 - INFO - Train Depth Trans Loss: 0.000000
2025-05-05 14:18:03,950 - INFO - Train GPS Trans Loss: 0.004170
2025-05-05 14:18:03,950 - INFO - Val Depth Trans Loss: 0.000000
2025-05-05 14:18:03,950 - INFO - Val GPS Trans Loss: 0.011076
2025-05-05 14:18:03,950 - INFO - ATE: 0.7631 ± 0.5062 m
2025-05-05 14:18:03,950 - INFO - RPE Trans: 0.1528 ± 0.0038 m
2025-05-05 14:18:03,950 - INFO - RPE Rot: 0.0058 ± 0.0009 rad
2025-05-05 14:18:04,279 - INFO - New best model saved with validation loss: 6.014017
2025-05-05 14:18:04,708 - INFO - New best ATE model saved with ATE: 0.7631m
2025-05-05 14:18:04,708 - INFO - Epoch 8/125
2025-05-05 14:23:28,215 - INFO - Train Loss: 5.483887 ± 0.099982
2025-05-05 14:23:28,215 - INFO - Val Loss: 5.560825 ± 0.319531
2025-05-05 14:23:28,215 - INFO - Train Depth Trans Loss: 0.000000
2025-05-05 14:23:28,215 - INFO - Train GPS Trans Loss: 0.003314
2025-05-05 14:23:28,215 - INFO - Val Depth Trans Loss: 0.000000
2025-05-05 14:23:28,215 - INFO - Val GPS Trans Loss: 0.007557
2025-05-05 14:23:28,216 - INFO - ATE: 0.5467 ± 0.3621 m
2025-05-05 14:23:28,216 - INFO - RPE Trans: 0.1093 ± 0.0029 m
2025-05-05 14:23:28,216 - INFO - RPE Rot: 0.0061 ± 0.0009 rad
2025-05-05 14:23:28,607 - INFO - New best model saved with validation loss: 5.560825
2025-05-05 14:23:29,036 - INFO - New best ATE model saved with ATE: 0.5467m
2025-05-05 14:23:29,037 - INFO - Epoch 9/125
2025-05-05 14:29:07,639 - INFO - Train Loss: 5.200760 ± 0.074016
2025-05-05 14:29:07,640 - INFO - Val Loss: 5.211792 ± 0.200248
2025-05-05 14:29:07,640 - INFO - Train Depth Trans Loss: 0.000000
2025-05-05 14:29:07,640 - INFO - Train GPS Trans Loss: 0.002544
2025-05-05 14:29:07,640 - INFO - Val Depth Trans Loss: 0.000000
2025-05-05 14:29:07,640 - INFO - Val GPS Trans Loss: 0.006391
2025-05-05 14:29:07,640 - INFO - ATE: 0.4369 ± 0.2896 m
2025-05-05 14:29:07,640 - INFO - RPE Trans: 0.0875 ± 0.0025 m
2025-05-05 14:29:07,640 - INFO - RPE Rot: 0.0059 ± 0.0009 rad
2025-05-05 14:29:08,085 - INFO - New best model saved with validation loss: 5.211792
2025-05-05 14:29:08,510 - INFO - New best ATE model saved with ATE: 0.4369m
2025-05-05 14:29:08,510 - INFO - Epoch 10/125
2025-05-05 14:34:41,301 - INFO - Train Loss: 4.963741 ± 0.066800
2025-05-05 14:34:41,302 - INFO - Val Loss: 5.028070 ± 0.202585
2025-05-05 14:34:41,302 - INFO - Train Depth Trans Loss: 0.000000
2025-05-05 14:34:41,304 - INFO - Train GPS Trans Loss: 0.002274
2025-05-05 14:34:41,304 - INFO - Val Depth Trans Loss: 0.000000
2025-05-05 14:34:41,304 - INFO - Val GPS Trans Loss: 0.004824
2025-05-05 14:34:41,304 - INFO - ATE: 0.5021 ± 0.3321 m
2025-05-05 14:34:41,304 - INFO - RPE Trans: 0.1004 ± 0.0030 m
2025-05-05 14:34:41,304 - INFO - RPE Rot: 0.0066 ± 0.0008 rad
2025-05-05 14:34:41,688 - INFO - New best model saved with validation loss: 5.028070
2025-05-05 14:34:42,051 - INFO - Checkpoint saved at epoch 10
2025-05-05 14:34:43,455 - INFO - Epoch 11/125
2025-05-05 14:40:10,031 - INFO - Train Loss: 4.748652 ± 0.062547
2025-05-05 14:40:10,031 - INFO - Val Loss: 4.792160 ± 0.214539
2025-05-05 14:40:10,031 - INFO - Train Depth Trans Loss: 0.000000
2025-05-05 14:40:10,031 - INFO - Train GPS Trans Loss: 0.002096
2025-05-05 14:40:10,031 - INFO - Val Depth Trans Loss: 0.000000
2025-05-05 14:40:10,031 - INFO - Val GPS Trans Loss: 0.004508
2025-05-05 14:40:10,031 - INFO - ATE: 0.4700 ± 0.3123 m
2025-05-05 14:40:10,031 - INFO - RPE Trans: 0.0943 ± 0.0029 m
2025-05-05 14:40:10,031 - INFO - RPE Rot: 0.0063 ± 0.0008 rad
2025-05-05 14:40:10,415 - INFO - New best model saved with validation loss: 4.792160
2025-05-05 14:40:10,416 - INFO - Epoch 12/125
2025-05-05 14:45:39,513 - INFO - Train Loss: 4.547658 ± 0.056605
2025-05-05 14:45:39,514 - INFO - Val Loss: 4.610741 ± 0.201974
2025-05-05 14:45:39,514 - INFO - Train Depth Trans Loss: 0.000000
2025-05-05 14:45:39,514 - INFO - Train GPS Trans Loss: 0.001929
2025-05-05 14:45:39,514 - INFO - Val Depth Trans Loss: 0.000000
2025-05-05 14:45:39,514 - INFO - Val GPS Trans Loss: 0.005331
2025-05-05 14:45:39,514 - INFO - ATE: 0.4721 ± 0.3132 m
2025-05-05 14:45:39,514 - INFO - RPE Trans: 0.0946 ± 0.0023 m
2025-05-05 14:45:39,514 - INFO - RPE Rot: 0.0059 ± 0.0009 rad
2025-05-05 14:45:39,749 - INFO - New best model saved with validation loss: 4.610741
2025-05-05 14:45:39,750 - INFO - Epoch 13/125
2025-05-05 14:51:23,010 - INFO - Train Loss: 4.363009 ± 0.052680
2025-05-05 14:51:23,010 - INFO - Val Loss: 4.435695 ± 0.200850
2025-05-05 14:51:23,010 - INFO - Train Depth Trans Loss: 0.000000
2025-05-05 14:51:23,010 - INFO - Train GPS Trans Loss: 0.001816
2025-05-05 14:51:23,010 - INFO - Val Depth Trans Loss: 0.000000
2025-05-05 14:51:23,010 - INFO - Val GPS Trans Loss: 0.004992
2025-05-05 14:51:23,010 - INFO - ATE: 0.4819 ± 0.3198 m
2025-05-05 14:51:23,010 - INFO - RPE Trans: 0.0965 ± 0.0025 m
2025-05-05 14:51:23,010 - INFO - RPE Rot: 0.0061 ± 0.0009 rad
2025-05-05 14:51:23,406 - INFO - New best model saved with validation loss: 4.435695
2025-05-05 14:51:23,407 - INFO - Epoch 14/125
2025-05-05 14:56:59,697 - INFO - Train Loss: 4.194572 ± 0.047803
2025-05-05 14:56:59,698 - INFO - Val Loss: 4.287663 ± 0.251171
2025-05-05 14:56:59,698 - INFO - Train Depth Trans Loss: 0.000000
2025-05-05 14:56:59,698 - INFO - Train GPS Trans Loss: 0.001787
2025-05-05 14:56:59,698 - INFO - Val Depth Trans Loss: 0.000000
2025-05-05 14:56:59,698 - INFO - Val GPS Trans Loss: 0.005753
2025-05-05 14:56:59,698 - INFO - ATE: 0.4765 ± 0.3157 m
2025-05-05 14:56:59,698 - INFO - RPE Trans: 0.0954 ± 0.0032 m
2025-05-05 14:56:59,698 - INFO - RPE Rot: 0.0067 ± 0.0008 rad
2025-05-05 14:56:59,964 - INFO - New best model saved with validation loss: 4.287663
2025-05-05 14:56:59,965 - INFO - Epoch 15/125
2025-05-05 15:03:23,122 - INFO - Train Loss: 4.037120 ± 0.045396
2025-05-05 15:03:23,122 - INFO - Val Loss: 4.159144 ± 0.242371
2025-05-05 15:03:23,122 - INFO - Train Depth Trans Loss: 0.000000
2025-05-05 15:03:23,122 - INFO - Train GPS Trans Loss: 0.001698
2025-05-05 15:03:23,122 - INFO - Val Depth Trans Loss: 0.000000
2025-05-05 15:03:23,122 - INFO - Val GPS Trans Loss: 0.006598
2025-05-05 15:03:23,123 - INFO - ATE: 0.5204 ± 0.3462 m
2025-05-05 15:03:23,123 - INFO - RPE Trans: 0.1046 ± 0.0030 m
2025-05-05 15:03:23,123 - INFO - RPE Rot: 0.0067 ± 0.0008 rad
2025-05-05 15:03:23,563 - INFO - New best model saved with validation loss: 4.159144
2025-05-05 15:03:23,564 - INFO - Epoch 16/125
2025-05-05 15:09:01,559 - INFO - Train Loss: 3.893808 ± 0.042452
2025-05-05 15:09:01,559 - INFO - Val Loss: 4.060604 ± 0.271151
2025-05-05 15:09:01,559 - INFO - Train Depth Trans Loss: 0.000000
2025-05-05 15:09:01,559 - INFO - Train GPS Trans Loss: 0.001664
2025-05-05 15:09:01,559 - INFO - Val Depth Trans Loss: 0.000000
2025-05-05 15:09:01,559 - INFO - Val GPS Trans Loss: 0.007108
2025-05-05 15:09:01,559 - INFO - ATE: 0.5640 ± 0.3750 m
2025-05-05 15:09:01,559 - INFO - RPE Trans: 0.1132 ± 0.0032 m
2025-05-05 15:09:01,559 - INFO - RPE Rot: 0.0065 ± 0.0008 rad
2025-05-05 15:09:01,954 - INFO - New best model saved with validation loss: 4.060604
2025-05-05 15:09:01,955 - INFO - Epoch 17/125
2025-05-05 15:14:26,530 - INFO - Train Loss: 3.763238 ± 0.037193
2025-05-05 15:14:26,531 - INFO - Val Loss: 3.937578 ± 0.293121
2025-05-05 15:14:26,531 - INFO - Train Depth Trans Loss: 0.000000
2025-05-05 15:14:26,531 - INFO - Train GPS Trans Loss: 0.001628
2025-05-05 15:14:26,531 - INFO - Val Depth Trans Loss: 0.000000
2025-05-05 15:14:26,531 - INFO - Val GPS Trans Loss: 0.007423
2025-05-05 15:14:26,531 - INFO - ATE: 0.5541 ± 0.3685 m
2025-05-05 15:14:26,531 - INFO - RPE Trans: 0.1112 ± 0.0026 m
2025-05-05 15:14:26,531 - INFO - RPE Rot: 0.0060 ± 0.0009 rad
2025-05-05 15:14:26,950 - INFO - New best model saved with validation loss: 3.937578
2025-05-05 15:14:26,950 - INFO - Epoch 18/125
2025-05-05 15:20:05,980 - INFO - Train Loss: 3.644851 ± 0.035026
2025-05-05 15:20:05,981 - INFO - Val Loss: 4.036542 ± 0.584763
2025-05-05 15:20:05,981 - INFO - Train Depth Trans Loss: 0.000000
2025-05-05 15:20:05,981 - INFO - Train GPS Trans Loss: 0.001547
2025-05-05 15:20:05,981 - INFO - Val Depth Trans Loss: 0.000000
2025-05-05 15:20:05,981 - INFO - Val GPS Trans Loss: 0.014544
2025-05-05 15:20:05,981 - INFO - ATE: 0.7330 ± 0.4875 m
2025-05-05 15:20:05,981 - INFO - RPE Trans: 0.1471 ± 0.0024 m
2025-05-05 15:20:05,981 - INFO - RPE Rot: 0.0059 ± 0.0009 rad
2025-05-05 15:20:05,981 - INFO - Epoch 19/125
2025-05-05 15:25:38,984 - INFO - Train Loss: 3.543039 ± 0.030150
2025-05-05 15:25:38,984 - INFO - Val Loss: 3.756021 ± 0.326925
2025-05-05 15:25:38,984 - INFO - Train Depth Trans Loss: 0.000000
2025-05-05 15:25:38,984 - INFO - Train GPS Trans Loss: 0.001533
2025-05-05 15:25:38,984 - INFO - Val Depth Trans Loss: 0.000000
2025-05-05 15:25:38,984 - INFO - Val GPS Trans Loss: 0.008047
2025-05-05 15:25:38,984 - INFO - ATE: 0.5679 ± 0.3764 m
2025-05-05 15:25:38,984 - INFO - RPE Trans: 0.1136 ± 0.0025 m
2025-05-05 15:25:38,984 - INFO - RPE Rot: 0.0060 ± 0.0009 rad
2025-05-05 15:25:39,225 - INFO - New best model saved with validation loss: 3.756021
2025-05-05 15:25:39,226 - INFO - Epoch 20/125
2025-05-05 15:31:14,365 - INFO - Train Loss: 3.455638 ± 0.027106
2025-05-05 15:31:14,365 - INFO - Val Loss: 3.609756 ± 0.272262
2025-05-05 15:31:14,365 - INFO - Train Depth Trans Loss: 0.000000
2025-05-05 15:31:14,365 - INFO - Train GPS Trans Loss: 0.001523
2025-05-05 15:31:14,365 - INFO - Val Depth Trans Loss: 0.000000
2025-05-05 15:31:14,365 - INFO - Val GPS Trans Loss: 0.006770
2025-05-05 15:31:14,365 - INFO - ATE: 0.4914 ± 0.3264 m
2025-05-05 15:31:14,365 - INFO - RPE Trans: 0.0986 ± 0.0024 m
2025-05-05 15:31:14,365 - INFO - RPE Rot: 0.0061 ± 0.0009 rad
2025-05-05 15:31:14,602 - INFO - New best model saved with validation loss: 3.609756
2025-05-05 15:31:14,794 - INFO - Checkpoint saved at epoch 20
2025-05-05 15:31:15,159 - INFO - Epoch 21/125
2025-05-05 15:36:48,182 - INFO - Train Loss: 3.378235 ± 0.023693
2025-05-05 15:36:48,182 - INFO - Val Loss: 3.700581 ± 0.533455
2025-05-05 15:36:48,182 - INFO - Train Depth Trans Loss: 0.000000
2025-05-05 15:36:48,182 - INFO - Train GPS Trans Loss: 0.001484
2025-05-05 15:36:48,182 - INFO - Val Depth Trans Loss: 0.000000
2025-05-05 15:36:48,182 - INFO - Val GPS Trans Loss: 0.011160
2025-05-05 15:36:48,182 - INFO - ATE: 0.6305 ± 0.4195 m
2025-05-05 15:36:48,182 - INFO - RPE Trans: 0.1267 ± 0.0036 m
2025-05-05 15:36:48,182 - INFO - RPE Rot: 0.0066 ± 0.0008 rad
2025-05-05 15:36:48,182 - INFO - Epoch 22/125
2025-05-05 15:42:17,337 - INFO - Train Loss: 3.315792 ± 0.020584
2025-05-05 15:42:17,338 - INFO - Val Loss: 3.519871 ± 0.266104
2025-05-05 15:42:17,338 - INFO - Train Depth Trans Loss: 0.000000
2025-05-05 15:42:17,338 - INFO - Train GPS Trans Loss: 0.001491
2025-05-05 15:42:17,338 - INFO - Val Depth Trans Loss: 0.000000
2025-05-05 15:42:17,338 - INFO - Val GPS Trans Loss: 0.006255
2025-05-05 15:42:17,338 - INFO - ATE: 0.5648 ± 0.3761 m
2025-05-05 15:42:17,338 - INFO - RPE Trans: 0.1138 ± 0.0044 m
2025-05-05 15:42:17,338 - INFO - RPE Rot: 0.0079 ± 0.0009 rad
2025-05-05 15:42:17,579 - INFO - New best model saved with validation loss: 3.519871
2025-05-05 15:42:17,580 - INFO - Epoch 23/125
2025-05-05 15:47:43,969 - INFO - Train Loss: 3.264877 ± 0.018646
2025-05-05 15:47:43,969 - INFO - Val Loss: 3.554472 ± 0.377641
2025-05-05 15:47:43,969 - INFO - Train Depth Trans Loss: 0.000000
2025-05-05 15:47:43,969 - INFO - Train GPS Trans Loss: 0.001493
2025-05-05 15:47:43,969 - INFO - Val Depth Trans Loss: 0.000000
2025-05-05 15:47:43,969 - INFO - Val GPS Trans Loss: 0.009522
2025-05-05 15:47:43,969 - INFO - ATE: 0.6256 ± 0.4154 m
2025-05-05 15:47:43,969 - INFO - RPE Trans: 0.1255 ± 0.0031 m
2025-05-05 15:47:43,969 - INFO - RPE Rot: 0.0067 ± 0.0008 rad
2025-05-05 15:47:43,970 - INFO - Epoch 24/125
2025-05-05 15:53:19,223 - INFO - Train Loss: 3.224129 ± 0.018151
2025-05-05 15:53:19,223 - INFO - Val Loss: 3.580014 ± 0.581030
2025-05-05 15:53:19,223 - INFO - Train Depth Trans Loss: 0.000000
2025-05-05 15:53:19,223 - INFO - Train GPS Trans Loss: 0.001469
2025-05-05 15:53:19,224 - INFO - Val Depth Trans Loss: 0.000000
2025-05-05 15:53:19,224 - INFO - Val GPS Trans Loss: 0.012892
2025-05-05 15:53:19,224 - INFO - ATE: 0.6359 ± 0.4237 m
2025-05-05 15:53:19,224 - INFO - RPE Trans: 0.1281 ± 0.0035 m
2025-05-05 15:53:19,224 - INFO - RPE Rot: 0.0071 ± 0.0008 rad
2025-05-05 15:53:19,224 - INFO - Epoch 25/125
2025-05-05 15:58:46,009 - INFO - Train Loss: 3.193782 ± 0.014105
2025-05-05 15:58:46,009 - INFO - Val Loss: 3.543292 ± 0.444592
2025-05-05 15:58:46,009 - INFO - Train Depth Trans Loss: 0.000000
2025-05-05 15:58:46,009 - INFO - Train GPS Trans Loss: 0.001459
2025-05-05 15:58:46,009 - INFO - Val Depth Trans Loss: 0.000000
2025-05-05 15:58:46,009 - INFO - Val GPS Trans Loss: 0.011442
2025-05-05 15:58:46,009 - INFO - ATE: 0.6622 ± 0.4411 m
2025-05-05 15:58:46,009 - INFO - RPE Trans: 0.1331 ± 0.0035 m
2025-05-05 15:58:46,010 - INFO - RPE Rot: 0.0065 ± 0.0008 rad
2025-05-05 15:58:46,010 - INFO - Epoch 26/125
2025-05-05 16:04:26,442 - INFO - Train Loss: 3.173932 ± 0.014173
2025-05-05 16:04:26,442 - INFO - Val Loss: 3.394618 ± 0.273813
2025-05-05 16:04:26,442 - INFO - Train Depth Trans Loss: 0.000000
2025-05-05 16:04:26,442 - INFO - Train GPS Trans Loss: 0.001434
2025-05-05 16:04:26,442 - INFO - Val Depth Trans Loss: 0.000000
2025-05-05 16:04:26,442 - INFO - Val GPS Trans Loss: 0.007158
2025-05-05 16:04:26,442 - INFO - ATE: 0.5446 ± 0.3625 m
2025-05-05 16:04:26,442 - INFO - RPE Trans: 0.1094 ± 0.0027 m
2025-05-05 16:04:26,442 - INFO - RPE Rot: 0.0060 ± 0.0009 rad
2025-05-05 16:04:26,685 - INFO - New best model saved with validation loss: 3.394618
2025-05-05 16:04:26,686 - INFO - Epoch 27/125
2025-05-05 16:10:06,639 - INFO - Train Loss: 3.162938 ± 0.013491
2025-05-05 16:10:06,639 - INFO - Val Loss: 3.371664 ± 0.214097
2025-05-05 16:10:06,639 - INFO - Train Depth Trans Loss: 0.000000
2025-05-05 16:10:06,639 - INFO - Train GPS Trans Loss: 0.001451
2025-05-05 16:10:06,639 - INFO - Val Depth Trans Loss: 0.000000
2025-05-05 16:10:06,639 - INFO - Val GPS Trans Loss: 0.005406
2025-05-05 16:10:06,639 - INFO - ATE: 0.5508 ± 0.3655 m
2025-05-05 16:10:06,639 - INFO - RPE Trans: 0.1103 ± 0.0021 m
2025-05-05 16:10:06,639 - INFO - RPE Rot: 0.0057 ± 0.0009 rad
2025-05-05 16:10:06,879 - INFO - New best model saved with validation loss: 3.371664
2025-05-05 16:10:06,880 - INFO - Epoch 28/125
2025-05-05 16:16:33,350 - INFO - Train Loss: 3.155469 ± 0.013081
2025-05-05 16:16:33,350 - INFO - Val Loss: 3.358025 ± 0.219994
2025-05-05 16:16:33,350 - INFO - Train Depth Trans Loss: 0.000000
2025-05-05 16:16:33,350 - INFO - Train GPS Trans Loss: 0.001428
2025-05-05 16:16:33,350 - INFO - Val Depth Trans Loss: 0.000000
2025-05-05 16:16:33,350 - INFO - Val GPS Trans Loss: 0.005487
2025-05-05 16:16:33,350 - INFO - ATE: 0.5331 ± 0.3532 m
2025-05-05 16:16:33,350 - INFO - RPE Trans: 0.1067 ± 0.0031 m
2025-05-05 16:16:33,350 - INFO - RPE Rot: 0.0067 ± 0.0008 rad
2025-05-05 16:16:33,593 - INFO - New best model saved with validation loss: 3.358025
2025-05-05 16:16:33,593 - INFO - Epoch 29/125
2025-05-05 16:22:05,046 - INFO - Train Loss: 3.154015 ± 0.013426
2025-05-05 16:22:05,046 - INFO - Val Loss: 3.435978 ± 0.289465
2025-05-05 16:22:05,046 - INFO - Train Depth Trans Loss: 0.000000
2025-05-05 16:22:05,046 - INFO - Train GPS Trans Loss: 0.001412
2025-05-05 16:22:05,046 - INFO - Val Depth Trans Loss: 0.000000
2025-05-05 16:22:05,046 - INFO - Val GPS Trans Loss: 0.007976
2025-05-05 16:22:05,046 - INFO - ATE: 0.6137 ± 0.4077 m
2025-05-05 16:22:05,046 - INFO - RPE Trans: 0.1231 ± 0.0032 m
2025-05-05 16:22:05,046 - INFO - RPE Rot: 0.0068 ± 0.0008 rad
2025-05-05 16:22:05,046 - INFO - Epoch 30/125
2025-05-05 16:27:39,163 - INFO - Train Loss: 3.153438 ± 0.012979
2025-05-05 16:27:39,163 - INFO - Val Loss: 3.358183 ± 0.213476
2025-05-05 16:27:39,163 - INFO - Train Depth Trans Loss: 0.000000
2025-05-05 16:27:39,163 - INFO - Train GPS Trans Loss: 0.001428
2025-05-05 16:27:39,163 - INFO - Val Depth Trans Loss: 0.000000
2025-05-05 16:27:39,163 - INFO - Val GPS Trans Loss: 0.005255
2025-05-05 16:27:39,163 - INFO - ATE: 0.5352 ± 0.3550 m
2025-05-05 16:27:39,163 - INFO - RPE Trans: 0.1072 ± 0.0023 m
2025-05-05 16:27:39,163 - INFO - RPE Rot: 0.0060 ± 0.0009 rad
2025-05-05 16:27:39,348 - INFO - Checkpoint saved at epoch 30
2025-05-05 16:27:39,697 - INFO - Epoch 31/125
2025-05-05 16:33:17,826 - INFO - Train Loss: 3.152149 ± 0.012341
2025-05-05 16:33:17,826 - INFO - Val Loss: 3.393034 ± 0.285958
2025-05-05 16:33:17,827 - INFO - Train Depth Trans Loss: 0.000000
2025-05-05 16:33:17,827 - INFO - Train GPS Trans Loss: 0.001378
2025-05-05 16:33:17,827 - INFO - Val Depth Trans Loss: 0.000000
2025-05-05 16:33:17,827 - INFO - Val GPS Trans Loss: 0.007007
2025-05-05 16:33:17,827 - INFO - ATE: 0.5645 ± 0.3750 m
2025-05-05 16:33:17,827 - INFO - RPE Trans: 0.1132 ± 0.0025 m
2025-05-05 16:33:17,827 - INFO - RPE Rot: 0.0061 ± 0.0009 rad
2025-05-05 16:33:17,827 - INFO - Epoch 32/125
2025-05-05 16:38:50,406 - INFO - Train Loss: 3.151656 ± 0.013468
2025-05-05 16:38:50,406 - INFO - Val Loss: 3.410241 ± 0.315977
2025-05-05 16:38:50,406 - INFO - Train Depth Trans Loss: 0.000000
2025-05-05 16:38:50,406 - INFO - Train GPS Trans Loss: 0.001360
2025-05-05 16:38:50,406 - INFO - Val Depth Trans Loss: 0.000000
2025-05-05 16:38:50,406 - INFO - Val GPS Trans Loss: 0.007755
2025-05-05 16:38:50,406 - INFO - ATE: 0.5775 ± 0.3832 m
2025-05-05 16:38:50,406 - INFO - RPE Trans: 0.1157 ± 0.0026 m
2025-05-05 16:38:50,406 - INFO - RPE Rot: 0.0061 ± 0.0009 rad
2025-05-05 16:38:50,406 - INFO - Epoch 33/125
2025-05-05 16:44:14,823 - INFO - Train Loss: 3.152105 ± 0.012781
2025-05-05 16:44:14,823 - INFO - Val Loss: 3.448197 ± 0.361794
2025-05-05 16:44:14,823 - INFO - Train Depth Trans Loss: 0.000000
2025-05-05 16:44:14,823 - INFO - Train GPS Trans Loss: 0.001358
2025-05-05 16:44:14,823 - INFO - Val Depth Trans Loss: 0.000000
2025-05-05 16:44:14,823 - INFO - Val GPS Trans Loss: 0.008486
2025-05-05 16:44:14,823 - INFO - ATE: 0.5989 ± 0.3975 m
2025-05-05 16:44:14,823 - INFO - RPE Trans: 0.1200 ± 0.0024 m
2025-05-05 16:44:14,823 - INFO - RPE Rot: 0.0059 ± 0.0009 rad
2025-05-05 16:44:14,823 - INFO - Epoch 34/125
2025-05-05 16:49:53,678 - INFO - Train Loss: 3.153988 ± 0.014026
2025-05-05 16:49:53,678 - INFO - Val Loss: 3.402658 ± 0.347212
2025-05-05 16:49:53,678 - INFO - Train Depth Trans Loss: 0.000000
2025-05-05 16:49:53,678 - INFO - Train GPS Trans Loss: 0.001402
2025-05-05 16:49:53,678 - INFO - Val Depth Trans Loss: 0.000000
2025-05-05 16:49:53,679 - INFO - Val GPS Trans Loss: 0.007626
2025-05-05 16:49:53,679 - INFO - ATE: 0.5547 ± 0.3691 m
2025-05-05 16:49:53,679 - INFO - RPE Trans: 0.1114 ± 0.0028 m
2025-05-05 16:49:53,679 - INFO - RPE Rot: 0.0061 ± 0.0009 rad
2025-05-05 16:49:53,679 - INFO - Epoch 35/125
2025-05-05 16:55:26,611 - INFO - Train Loss: 3.142566 ± 0.009950
2025-05-05 16:55:26,611 - INFO - Val Loss: 3.468106 ± 0.470880
2025-05-05 16:55:26,611 - INFO - Train Depth Trans Loss: 0.000000
2025-05-05 16:55:26,611 - INFO - Train GPS Trans Loss: 0.001125
2025-05-05 16:55:26,611 - INFO - Val Depth Trans Loss: 0.000000
2025-05-05 16:55:26,611 - INFO - Val GPS Trans Loss: 0.009643
2025-05-05 16:55:26,611 - INFO - ATE: 0.6106 ± 0.4065 m
2025-05-05 16:55:26,611 - INFO - RPE Trans: 0.1227 ± 0.0027 m
2025-05-05 16:55:26,611 - INFO - RPE Rot: 0.0061 ± 0.0009 rad
2025-05-05 16:55:26,611 - INFO - Epoch 36/125
2025-05-05 17:01:00,743 - INFO - Train Loss: 3.141302 ± 0.009220
2025-05-05 17:01:00,743 - INFO - Val Loss: 3.355827 ± 0.254431
2025-05-05 17:01:00,743 - INFO - Train Depth Trans Loss: 0.000000
2025-05-05 17:01:00,743 - INFO - Train GPS Trans Loss: 0.001065
2025-05-05 17:01:00,743 - INFO - Val Depth Trans Loss: 0.000000
2025-05-05 17:01:00,743 - INFO - Val GPS Trans Loss: 0.005496
2025-05-05 17:01:00,743 - INFO - ATE: 0.5125 ± 0.3400 m
2025-05-05 17:01:00,743 - INFO - RPE Trans: 0.1027 ± 0.0027 m
2025-05-05 17:01:00,743 - INFO - RPE Rot: 0.0064 ± 0.0008 rad
2025-05-05 17:01:00,985 - INFO - New best model saved with validation loss: 3.355827
2025-05-05 17:01:00,985 - INFO - Epoch 37/125
2025-05-05 17:06:33,227 - INFO - Train Loss: 3.141498 ± 0.009501
2025-05-05 17:06:33,228 - INFO - Val Loss: 3.458251 ± 0.407705
2025-05-05 17:06:33,228 - INFO - Train Depth Trans Loss: 0.000000
2025-05-05 17:06:33,228 - INFO - Train GPS Trans Loss: 0.001062
2025-05-05 17:06:33,228 - INFO - Val Depth Trans Loss: 0.000000
2025-05-05 17:06:33,228 - INFO - Val GPS Trans Loss: 0.009038
2025-05-05 17:06:33,228 - INFO - ATE: 0.6103 ± 0.4062 m
2025-05-05 17:06:33,228 - INFO - RPE Trans: 0.1226 ± 0.0028 m
2025-05-05 17:06:33,228 - INFO - RPE Rot: 0.0063 ± 0.0009 rad
2025-05-05 17:06:33,228 - INFO - Epoch 38/125
2025-05-05 17:12:02,766 - INFO - Train Loss: 3.141759 ± 0.009901
2025-05-05 17:12:02,767 - INFO - Val Loss: 3.395863 ± 0.334943
2025-05-05 17:12:02,767 - INFO - Train Depth Trans Loss: 0.000000
2025-05-05 17:12:02,767 - INFO - Train GPS Trans Loss: 0.001061
2025-05-05 17:12:02,767 - INFO - Val Depth Trans Loss: 0.000000
2025-05-05 17:12:02,767 - INFO - Val GPS Trans Loss: 0.006843
2025-05-05 17:12:02,767 - INFO - ATE: 0.5515 ± 0.3667 m
2025-05-05 17:12:02,767 - INFO - RPE Trans: 0.1107 ± 0.0030 m
2025-05-05 17:12:02,767 - INFO - RPE Rot: 0.0062 ± 0.0009 rad
2025-05-05 17:12:02,767 - INFO - Epoch 39/125
2025-05-05 17:17:36,914 - INFO - Train Loss: 3.140832 ± 0.008822
2025-05-05 17:17:36,914 - INFO - Val Loss: 3.425766 ± 0.423698
2025-05-05 17:17:36,914 - INFO - Train Depth Trans Loss: 0.000000
2025-05-05 17:17:36,914 - INFO - Train GPS Trans Loss: 0.001048
2025-05-05 17:17:36,914 - INFO - Val Depth Trans Loss: 0.000000
2025-05-05 17:17:36,914 - INFO - Val GPS Trans Loss: 0.008375
2025-05-05 17:17:36,914 - INFO - ATE: 0.5514 ± 0.3656 m
2025-05-05 17:17:36,914 - INFO - RPE Trans: 0.1104 ± 0.0025 m
2025-05-05 17:17:36,914 - INFO - RPE Rot: 0.0060 ± 0.0009 rad
2025-05-05 17:17:36,914 - INFO - Epoch 40/125
2025-05-05 17:23:08,949 - INFO - Train Loss: 3.140613 ± 0.009330
2025-05-05 17:23:08,949 - INFO - Val Loss: 3.430075 ± 0.352718
2025-05-05 17:23:08,950 - INFO - Train Depth Trans Loss: 0.000000
2025-05-05 17:23:08,950 - INFO - Train GPS Trans Loss: 0.001031
2025-05-05 17:23:08,950 - INFO - Val Depth Trans Loss: 0.000000
2025-05-05 17:23:08,950 - INFO - Val GPS Trans Loss: 0.007822
2025-05-05 17:23:08,950 - INFO - ATE: 0.5853 ± 0.3889 m
2025-05-05 17:23:08,950 - INFO - RPE Trans: 0.1175 ± 0.0033 m
2025-05-05 17:23:08,950 - INFO - RPE Rot: 0.0069 ± 0.0008 rad
2025-05-05 17:23:09,136 - INFO - Checkpoint saved at epoch 40
2025-05-05 17:23:09,496 - INFO - Epoch 41/125
2025-05-05 17:28:30,627 - INFO - Train Loss: 3.141277 ± 0.009444
2025-05-05 17:28:30,627 - INFO - Val Loss: 3.409325 ± 0.372125
2025-05-05 17:28:30,627 - INFO - Train Depth Trans Loss: 0.000000
2025-05-05 17:28:30,627 - INFO - Train GPS Trans Loss: 0.001045
2025-05-05 17:28:30,627 - INFO - Val Depth Trans Loss: 0.000000
2025-05-05 17:28:30,627 - INFO - Val GPS Trans Loss: 0.008039
2025-05-05 17:28:30,627 - INFO - ATE: 0.5427 ± 0.3604 m
2025-05-05 17:28:30,627 - INFO - RPE Trans: 0.1089 ± 0.0031 m
2025-05-05 17:28:30,627 - INFO - RPE Rot: 0.0065 ± 0.0008 rad
2025-05-05 17:28:30,628 - INFO - Epoch 42/125
2025-05-05 17:34:04,514 - INFO - Train Loss: 3.140458 ± 0.009031
2025-05-05 17:34:04,514 - INFO - Val Loss: 3.361482 ± 0.299462
2025-05-05 17:34:04,514 - INFO - Train Depth Trans Loss: 0.000000
2025-05-05 17:34:04,514 - INFO - Train GPS Trans Loss: 0.001030
2025-05-05 17:34:04,514 - INFO - Val Depth Trans Loss: 0.000000
2025-05-05 17:34:04,514 - INFO - Val GPS Trans Loss: 0.005291
2025-05-05 17:34:04,514 - INFO - ATE: 0.5208 ± 0.3469 m
2025-05-05 17:34:04,514 - INFO - RPE Trans: 0.1048 ± 0.0028 m
2025-05-05 17:34:04,514 - INFO - RPE Rot: 0.0063 ± 0.0008 rad
2025-05-05 17:34:04,514 - INFO - Epoch 43/125
2025-05-05 17:39:38,831 - INFO - Train Loss: 3.136311 ± 0.008717
2025-05-05 17:39:38,831 - INFO - Val Loss: 3.360748 ± 0.314412
2025-05-05 17:39:38,831 - INFO - Train Depth Trans Loss: 0.000000
2025-05-05 17:39:38,831 - INFO - Train GPS Trans Loss: 0.000937
2025-05-05 17:39:38,831 - INFO - Val Depth Trans Loss: 0.000000
2025-05-05 17:39:38,831 - INFO - Val GPS Trans Loss: 0.005860
2025-05-05 17:39:38,831 - INFO - ATE: 0.5025 ± 0.3340 m
2025-05-05 17:39:38,831 - INFO - RPE Trans: 0.1009 ± 0.0028 m
2025-05-05 17:39:38,831 - INFO - RPE Rot: 0.0063 ± 0.0008 rad
2025-05-05 17:39:38,831 - INFO - Epoch 44/125
2025-05-05 17:45:15,146 - INFO - Train Loss: 3.135862 ± 0.008432
2025-05-05 17:45:15,146 - INFO - Val Loss: 3.369219 ± 0.337266
2025-05-05 17:45:15,146 - INFO - Train Depth Trans Loss: 0.000000
2025-05-05 17:45:15,146 - INFO - Train GPS Trans Loss: 0.000918
2025-05-05 17:45:15,146 - INFO - Val Depth Trans Loss: 0.000000
2025-05-05 17:45:15,146 - INFO - Val GPS Trans Loss: 0.006586
2025-05-05 17:45:15,146 - INFO - ATE: 0.5077 ± 0.3375 m
2025-05-05 17:45:15,146 - INFO - RPE Trans: 0.1020 ± 0.0028 m
2025-05-05 17:45:15,146 - INFO - RPE Rot: 0.0063 ± 0.0008 rad
2025-05-05 17:45:15,146 - INFO - Epoch 45/125
2025-05-05 17:50:53,731 - INFO - Train Loss: 3.135372 ± 0.008268
2025-05-05 17:50:53,731 - INFO - Val Loss: 3.368975 ± 0.333243
2025-05-05 17:50:53,731 - INFO - Train Depth Trans Loss: 0.000000
2025-05-05 17:50:53,731 - INFO - Train GPS Trans Loss: 0.000902
2025-05-05 17:50:53,731 - INFO - Val Depth Trans Loss: 0.000000
2025-05-05 17:50:53,731 - INFO - Val GPS Trans Loss: 0.006712
2025-05-05 17:50:53,731 - INFO - ATE: 0.5080 ± 0.3381 m
2025-05-05 17:50:53,731 - INFO - RPE Trans: 0.1021 ± 0.0029 m
2025-05-05 17:50:53,731 - INFO - RPE Rot: 0.0062 ± 0.0008 rad
2025-05-05 17:50:53,732 - INFO - Epoch 46/125
2025-05-05 17:56:30,903 - INFO - Train Loss: 3.135467 ± 0.008684
2025-05-05 17:56:30,903 - INFO - Val Loss: 3.397912 ± 0.378789
2025-05-05 17:56:30,903 - INFO - Train Depth Trans Loss: 0.000000
2025-05-05 17:56:30,903 - INFO - Train GPS Trans Loss: 0.000899
2025-05-05 17:56:30,903 - INFO - Val Depth Trans Loss: 0.000000
2025-05-05 17:56:30,903 - INFO - Val GPS Trans Loss: 0.007149
2025-05-05 17:56:30,903 - INFO - ATE: 0.5320 ± 0.3535 m
2025-05-05 17:56:30,903 - INFO - RPE Trans: 0.1067 ± 0.0026 m
2025-05-05 17:56:30,903 - INFO - RPE Rot: 0.0060 ± 0.0009 rad
2025-05-05 17:56:30,904 - INFO - Epoch 47/125
2025-05-05 18:02:01,611 - INFO - Train Loss: 3.134780 ± 0.008085
2025-05-05 18:02:01,611 - INFO - Val Loss: 3.408655 ± 0.398582
2025-05-05 18:02:01,611 - INFO - Train Depth Trans Loss: 0.000000
2025-05-05 18:02:01,611 - INFO - Train GPS Trans Loss: 0.000884
2025-05-05 18:02:01,611 - INFO - Val Depth Trans Loss: 0.000000
2025-05-05 18:02:01,612 - INFO - Val GPS Trans Loss: 0.007430
2025-05-05 18:02:01,612 - INFO - ATE: 0.5442 ± 0.3612 m
2025-05-05 18:02:01,612 - INFO - RPE Trans: 0.1091 ± 0.0026 m
2025-05-05 18:02:01,612 - INFO - RPE Rot: 0.0061 ± 0.0009 rad
2025-05-05 18:02:01,612 - INFO - Epoch 48/125
2025-05-05 18:07:34,522 - INFO - Train Loss: 3.134946 ± 0.007841
2025-05-05 18:07:34,523 - INFO - Val Loss: 3.359983 ± 0.299575
2025-05-05 18:07:34,523 - INFO - Train Depth Trans Loss: 0.000000
2025-05-05 18:07:34,523 - INFO - Train GPS Trans Loss: 0.000885
2025-05-05 18:07:34,523 - INFO - Val Depth Trans Loss: 0.000000
2025-05-05 18:07:34,523 - INFO - Val GPS Trans Loss: 0.005776
2025-05-05 18:07:34,523 - INFO - ATE: 0.5105 ± 0.3389 m
2025-05-05 18:07:34,523 - INFO - RPE Trans: 0.1024 ± 0.0029 m
2025-05-05 18:07:34,523 - INFO - RPE Rot: 0.0064 ± 0.0008 rad
2025-05-05 18:07:34,523 - INFO - Epoch 49/125
2025-05-05 18:13:10,890 - INFO - Train Loss: 3.132690 ± 0.007638
2025-05-05 18:13:10,890 - INFO - Val Loss: 3.377294 ± 0.331503
2025-05-05 18:13:10,891 - INFO - Train Depth Trans Loss: 0.000000
2025-05-05 18:13:10,891 - INFO - Train GPS Trans Loss: 0.000834
2025-05-05 18:13:10,891 - INFO - Val Depth Trans Loss: 0.000000
2025-05-05 18:13:10,891 - INFO - Val GPS Trans Loss: 0.006460
2025-05-05 18:13:10,891 - INFO - ATE: 0.5182 ± 0.3440 m
2025-05-05 18:13:10,891 - INFO - RPE Trans: 0.1039 ± 0.0026 m
2025-05-05 18:13:10,891 - INFO - RPE Rot: 0.0062 ± 0.0009 rad
2025-05-05 18:13:10,891 - INFO - Epoch 50/125
2025-05-05 18:29:41,425 - INFO - Epoch 1/125
2025-05-05 18:42:21,846 - INFO - Train Loss: 947.735937 ± 12109.750694
2025-05-05 18:42:21,846 - INFO - Val Loss: 13.420349 ± 0.763590
2025-05-05 18:42:21,846 - INFO - Train Depth Trans Loss: 0.000000
2025-05-05 18:42:21,846 - INFO - Train GPS Trans Loss: 256.989945
2025-05-05 18:42:21,846 - INFO - Val Depth Trans Loss: 0.000000
2025-05-05 18:42:21,847 - INFO - Val GPS Trans Loss: 0.119338
2025-05-05 18:42:21,847 - INFO - ATE: 2.2716 ± 1.4927 m
2025-05-05 18:42:21,847 - INFO - RPE Trans: 0.4528 ± 0.0159 m
2025-05-05 18:42:21,847 - INFO - RPE Rot: 0.0172 ± 0.0033 rad
2025-05-05 18:42:22,073 - INFO - New best model saved with validation loss: 13.420349
2025-05-05 18:42:22,314 - INFO - New best ATE model saved with ATE: 2.2716m
2025-05-05 18:42:22,314 - INFO - Epoch 2/125
2025-05-05 18:54:55,420 - INFO - Train Loss: 10.302645 ± 1.271726
2025-05-05 18:54:55,420 - INFO - Val Loss: 8.784559 ± 0.425598
2025-05-05 18:54:55,420 - INFO - Train Depth Trans Loss: 0.000000
2025-05-05 18:54:55,420 - INFO - Train GPS Trans Loss: 0.031010
2025-05-05 18:54:55,420 - INFO - Val Depth Trans Loss: 0.000000
2025-05-05 18:54:55,421 - INFO - Val GPS Trans Loss: 0.044511
2025-05-05 18:54:55,421 - INFO - ATE: 1.6126 ± 1.0306 m
2025-05-05 18:54:55,421 - INFO - RPE Trans: 0.3170 ± 0.0239 m
2025-05-05 18:54:55,421 - INFO - RPE Rot: 0.0152 ± 0.0046 rad
2025-05-05 18:54:55,660 - INFO - New best model saved with validation loss: 8.784559
2025-05-05 18:54:55,897 - INFO - New best ATE model saved with ATE: 1.6126m
2025-05-05 18:54:55,897 - INFO - Epoch 3/125
2025-05-05 19:07:49,447 - INFO - Train Loss: 7.648319 ± 0.405525
2025-05-05 19:07:49,448 - INFO - Val Loss: 7.262059 ± 0.356615
2025-05-05 19:07:49,448 - INFO - Train Depth Trans Loss: 0.000000
2025-05-05 19:07:49,448 - INFO - Train GPS Trans Loss: 0.008880
2025-05-05 19:07:49,448 - INFO - Val Depth Trans Loss: 0.000000
2025-05-05 19:07:49,448 - INFO - Val GPS Trans Loss: 0.027440
2025-05-05 19:07:49,448 - INFO - ATE: 1.1452 ± 0.7293 m
2025-05-05 19:07:49,448 - INFO - RPE Trans: 0.2245 ± 0.0189 m
2025-05-05 19:07:49,448 - INFO - RPE Rot: 0.0115 ± 0.0027 rad
2025-05-05 19:07:49,690 - INFO - New best model saved with validation loss: 7.262059
2025-05-05 19:07:49,939 - INFO - New best ATE model saved with ATE: 1.1452m
2025-05-05 19:07:49,940 - INFO - Epoch 4/125
2025-05-05 19:15:20,259 - INFO - Epoch 1/125
2025-05-05 19:28:04,555 - INFO - Train Loss: 3791.392024 ± 55129.194965
2025-05-05 19:28:04,555 - INFO - Val Loss: 15.921506 ± 1.142193
2025-05-05 19:28:04,555 - INFO - Train Depth Trans Loss: 0.000000
2025-05-05 19:28:04,555 - INFO - Train GPS Trans Loss: 228.215303
2025-05-05 19:28:04,555 - INFO - Val Depth Trans Loss: 0.000000
2025-05-05 19:28:04,555 - INFO - Val GPS Trans Loss: 0.220164
2025-05-05 19:28:04,555 - INFO - ATE: 2.8662 ± 1.9117 m
2025-05-05 19:28:04,556 - INFO - RPE Trans: 0.5767 ± 0.0093 m
2025-05-05 19:28:04,556 - INFO - RPE Rot: 0.0342 ± 0.0019 rad
2025-05-05 19:28:04,769 - INFO - New best model saved with validation loss: 15.921506
2025-05-05 19:28:04,973 - INFO - New best ATE model saved with ATE: 2.8662m
2025-05-05 19:28:04,973 - INFO - Epoch 2/125
2025-05-05 19:40:38,186 - INFO - Train Loss: 11.681772 ± 1.654338
2025-05-05 19:40:38,187 - INFO - Val Loss: 9.891630 ± 0.761803
2025-05-05 19:40:38,187 - INFO - Train Depth Trans Loss: 0.000000
2025-05-05 19:40:38,187 - INFO - Train GPS Trans Loss: 0.054828
2025-05-05 19:40:38,187 - INFO - Val Depth Trans Loss: 0.000000
2025-05-05 19:40:38,187 - INFO - Val GPS Trans Loss: 0.086306
2025-05-05 19:40:38,187 - INFO - ATE: 2.1436 ± 1.4237 m
2025-05-05 19:40:38,187 - INFO - RPE Trans: 0.4295 ± 0.0054 m
2025-05-05 19:40:38,187 - INFO - RPE Rot: 0.0139 ± 0.0021 rad
2025-05-05 19:40:38,452 - INFO - New best model saved with validation loss: 9.891630
2025-05-05 19:40:38,710 - INFO - New best ATE model saved with ATE: 2.1436m
2025-05-05 19:40:38,711 - INFO - Epoch 3/125
2025-05-05 19:53:18,951 - INFO - Train Loss: 8.133877 ± 0.572519
2025-05-05 19:53:18,952 - INFO - Val Loss: 7.639147 ± 0.489837
2025-05-05 19:53:18,952 - INFO - Train Depth Trans Loss: 0.000000
2025-05-05 19:53:18,952 - INFO - Train GPS Trans Loss: 0.017630
2025-05-05 19:53:18,952 - INFO - Val Depth Trans Loss: 0.000000
2025-05-05 19:53:18,952 - INFO - Val GPS Trans Loss: 0.038652
2025-05-05 19:53:18,952 - INFO - ATE: 1.4555 ± 0.9658 m
2025-05-05 19:53:18,952 - INFO - RPE Trans: 0.2915 ± 0.0053 m
2025-05-05 19:53:18,952 - INFO - RPE Rot: 0.0139 ± 0.0021 rad
2025-05-05 19:53:19,210 - INFO - New best model saved with validation loss: 7.639147
2025-05-05 19:53:19,473 - INFO - New best ATE model saved with ATE: 1.4555m
2025-05-05 19:53:19,474 - INFO - Epoch 4/125
2025-05-05 20:06:06,247 - INFO - Train Loss: 6.918510 ± 0.225033
2025-05-05 20:06:06,248 - INFO - Val Loss: 6.795574 ± 0.310520
2025-05-05 20:06:06,248 - INFO - Train Depth Trans Loss: 0.000000
2025-05-05 20:06:06,248 - INFO - Train GPS Trans Loss: 0.008221
2025-05-05 20:06:06,248 - INFO - Val Depth Trans Loss: 0.000000
2025-05-05 20:06:06,248 - INFO - Val GPS Trans Loss: 0.026580
2025-05-05 20:06:06,248 - INFO - ATE: 1.2658 ± 0.8426 m
2025-05-05 20:06:06,248 - INFO - RPE Trans: 0.2543 ± 0.0063 m
2025-05-05 20:06:06,248 - INFO - RPE Rot: 0.0130 ± 0.0021 rad
2025-05-05 20:06:06,509 - INFO - New best model saved with validation loss: 6.795574
2025-05-05 20:06:06,773 - INFO - New best ATE model saved with ATE: 1.2658m
2025-05-05 20:06:06,774 - INFO - Epoch 5/125
2025-05-05 20:18:48,449 - INFO - Train Loss: 6.329892 ± 0.152392
2025-05-05 20:18:48,449 - INFO - Val Loss: 6.369308 ± 0.349384
2025-05-05 20:18:48,449 - INFO - Train Depth Trans Loss: 0.000000
2025-05-05 20:18:48,449 - INFO - Train GPS Trans Loss: 0.005574
2025-05-05 20:18:48,449 - INFO - Val Depth Trans Loss: 0.000000
2025-05-05 20:18:48,449 - INFO - Val GPS Trans Loss: 0.029131
2025-05-05 20:18:48,449 - INFO - ATE: 1.3555 ± 0.9034 m
2025-05-05 20:18:48,449 - INFO - RPE Trans: 0.2726 ± 0.0057 m
2025-05-05 20:18:48,449 - INFO - RPE Rot: 0.0127 ± 0.0021 rad
2025-05-05 20:18:48,710 - INFO - New best model saved with validation loss: 6.369308
2025-05-05 20:18:48,711 - INFO - Epoch 6/125
2025-05-05 20:31:27,251 - INFO - Train Loss: 5.918545 ± 0.127311
2025-05-05 20:31:27,251 - INFO - Val Loss: 5.897399 ± 0.281745
2025-05-05 20:31:27,251 - INFO - Train Depth Trans Loss: 0.000000
2025-05-05 20:31:27,251 - INFO - Train GPS Trans Loss: 0.004405
2025-05-05 20:31:27,251 - INFO - Val Depth Trans Loss: 0.000000
2025-05-05 20:31:27,251 - INFO - Val GPS Trans Loss: 0.020637
2025-05-05 20:31:27,251 - INFO - ATE: 1.0410 ± 0.6898 m
2025-05-05 20:31:27,251 - INFO - RPE Trans: 0.2083 ± 0.0049 m
2025-05-05 20:31:27,251 - INFO - RPE Rot: 0.0112 ± 0.0022 rad
2025-05-05 20:31:27,510 - INFO - New best model saved with validation loss: 5.897399
2025-05-05 20:31:27,774 - INFO - New best ATE model saved with ATE: 1.0410m
2025-05-05 20:31:27,775 - INFO - Epoch 7/125
2025-05-05 20:43:46,994 - INFO - Train Loss: 5.585959 ± 0.112511
2025-05-05 20:43:46,994 - INFO - Val Loss: 5.579871 ± 0.275257
2025-05-05 20:43:46,994 - INFO - Train Depth Trans Loss: 0.000000
2025-05-05 20:43:46,994 - INFO - Train GPS Trans Loss: 0.003799
2025-05-05 20:43:46,994 - INFO - Val Depth Trans Loss: 0.000000
2025-05-05 20:43:46,994 - INFO - Val GPS Trans Loss: 0.019536
2025-05-05 20:43:46,994 - INFO - ATE: 0.9669 ± 0.6389 m
2025-05-05 20:43:46,995 - INFO - RPE Trans: 0.1934 ± 0.0077 m
2025-05-05 20:43:46,995 - INFO - RPE Rot: 0.0155 ± 0.0020 rad
2025-05-05 20:43:47,255 - INFO - New best model saved with validation loss: 5.579871
2025-05-05 20:43:47,524 - INFO - New best ATE model saved with ATE: 0.9669m
2025-05-05 20:43:47,525 - INFO - Epoch 8/125
2025-05-05 20:56:07,158 - INFO - Train Loss: 5.303857 ± 0.104093
2025-05-05 20:56:07,158 - INFO - Val Loss: 5.307240 ± 0.278615
2025-05-05 20:56:07,158 - INFO - Train Depth Trans Loss: 0.000000
2025-05-05 20:56:07,158 - INFO - Train GPS Trans Loss: 0.003542
2025-05-05 20:56:07,158 - INFO - Val Depth Trans Loss: 0.000000
2025-05-05 20:56:07,158 - INFO - Val GPS Trans Loss: 0.017555
2025-05-05 20:56:07,158 - INFO - ATE: 0.9330 ± 0.6151 m
2025-05-05 20:56:07,158 - INFO - RPE Trans: 0.1859 ± 0.0066 m
2025-05-05 20:56:07,158 - INFO - RPE Rot: 0.0128 ± 0.0022 rad
2025-05-05 20:56:07,419 - INFO - New best model saved with validation loss: 5.307240
2025-05-05 20:56:07,678 - INFO - New best ATE model saved with ATE: 0.9330m
2025-05-05 20:56:07,678 - INFO - Epoch 9/125
2025-05-05 21:08:55,719 - INFO - Train Loss: 5.052226 ± 0.094995
2025-05-05 21:08:55,719 - INFO - Val Loss: 5.061519 ± 0.274315
2025-05-05 21:08:55,719 - INFO - Train Depth Trans Loss: 0.000000
2025-05-05 21:08:55,719 - INFO - Train GPS Trans Loss: 0.003353
2025-05-05 21:08:55,719 - INFO - Val Depth Trans Loss: 0.000000
2025-05-05 21:08:55,719 - INFO - Val GPS Trans Loss: 0.016217
2025-05-05 21:08:55,719 - INFO - ATE: 0.9170 ± 0.6062 m
2025-05-05 21:08:55,719 - INFO - RPE Trans: 0.1833 ± 0.0067 m
2025-05-05 21:08:55,719 - INFO - RPE Rot: 0.0135 ± 0.0021 rad
2025-05-05 21:08:55,987 - INFO - New best model saved with validation loss: 5.061519
2025-05-05 21:08:56,240 - INFO - New best ATE model saved with ATE: 0.9170m
2025-05-05 21:08:56,241 - INFO - Epoch 10/125
2025-05-05 21:21:37,057 - INFO - Train Loss: 4.823945 ± 0.096325
2025-05-05 21:21:37,057 - INFO - Val Loss: 4.875591 ± 0.361158
2025-05-05 21:21:37,057 - INFO - Train Depth Trans Loss: 0.000000
2025-05-05 21:21:37,057 - INFO - Train GPS Trans Loss: 0.002929
2025-05-05 21:21:37,057 - INFO - Val Depth Trans Loss: 0.000000
2025-05-05 21:21:37,057 - INFO - Val GPS Trans Loss: 0.020181
2025-05-05 21:21:37,057 - INFO - ATE: 0.8742 ± 0.5777 m
2025-05-05 21:21:37,057 - INFO - RPE Trans: 0.1750 ± 0.0054 m
2025-05-05 21:21:37,057 - INFO - RPE Rot: 0.0144 ± 0.0022 rad
2025-05-05 21:21:37,317 - INFO - New best model saved with validation loss: 4.875591
2025-05-05 21:21:37,575 - INFO - New best ATE model saved with ATE: 0.8742m
2025-05-05 21:21:37,792 - INFO - Checkpoint saved at epoch 10
2025-05-05 21:21:38,640 - INFO - Epoch 11/125
2025-05-05 21:34:03,286 - INFO - Train Loss: 4.616201 ± 0.089524
2025-05-05 21:34:03,286 - INFO - Val Loss: 4.616288 ± 0.282031
2025-05-05 21:34:03,286 - INFO - Train Depth Trans Loss: 0.000000
2025-05-05 21:34:03,286 - INFO - Train GPS Trans Loss: 0.002026
2025-05-05 21:34:03,286 - INFO - Val Depth Trans Loss: 0.000000
2025-05-05 21:34:03,286 - INFO - Val GPS Trans Loss: 0.011969
2025-05-05 21:34:03,286 - INFO - ATE: 0.7217 ± 0.4795 m
2025-05-05 21:34:03,286 - INFO - RPE Trans: 0.1453 ± 0.0089 m
2025-05-05 21:34:03,286 - INFO - RPE Rot: 0.0157 ± 0.0021 rad
2025-05-05 21:34:03,553 - INFO - New best model saved with validation loss: 4.616288
2025-05-05 21:34:03,816 - INFO - New best ATE model saved with ATE: 0.7217m
2025-05-05 21:34:03,816 - INFO - Epoch 12/125
2025-05-05 21:46:44,359 - INFO - Train Loss: 4.428108 ± 0.084521
2025-05-05 21:46:44,359 - INFO - Val Loss: 4.450808 ± 0.302100
2025-05-05 21:46:44,359 - INFO - Train Depth Trans Loss: 0.000000
2025-05-05 21:46:44,359 - INFO - Train GPS Trans Loss: 0.001882
2025-05-05 21:46:44,359 - INFO - Val Depth Trans Loss: 0.000000
2025-05-05 21:46:44,359 - INFO - Val GPS Trans Loss: 0.013459
2025-05-05 21:46:44,359 - INFO - ATE: 0.7656 ± 0.5145 m
2025-05-05 21:46:44,360 - INFO - RPE Trans: 0.1560 ± 0.0075 m
2025-05-05 21:46:44,360 - INFO - RPE Rot: 0.0146 ± 0.0022 rad
2025-05-05 21:46:44,622 - INFO - New best model saved with validation loss: 4.450808
2025-05-05 21:46:44,623 - INFO - Epoch 13/125
2025-05-05 21:59:33,553 - INFO - Train Loss: 4.254360 ± 0.083280
2025-05-05 21:59:33,554 - INFO - Val Loss: 4.256472 ± 0.273768
2025-05-05 21:59:33,554 - INFO - Train Depth Trans Loss: 0.000000
2025-05-05 21:59:33,554 - INFO - Train GPS Trans Loss: 0.001829
2025-05-05 21:59:33,554 - INFO - Val Depth Trans Loss: 0.000000
2025-05-05 21:59:33,554 - INFO - Val GPS Trans Loss: 0.010510
2025-05-05 21:59:33,554 - INFO - ATE: 0.7023 ± 0.4716 m
2025-05-05 21:59:33,554 - INFO - RPE Trans: 0.1434 ± 0.0082 m
2025-05-05 21:59:33,554 - INFO - RPE Rot: 0.0150 ± 0.0021 rad
2025-05-05 21:59:33,811 - INFO - New best model saved with validation loss: 4.256472
2025-05-05 21:59:34,070 - INFO - New best ATE model saved with ATE: 0.7023m
2025-05-05 21:59:34,071 - INFO - Epoch 14/125
2025-05-05 22:12:24,443 - INFO - Train Loss: 4.093753 ± 0.083327
2025-05-05 22:12:24,443 - INFO - Val Loss: 4.092438 ± 0.258548
2025-05-05 22:12:24,443 - INFO - Train Depth Trans Loss: 0.000000
2025-05-05 22:12:24,443 - INFO - Train GPS Trans Loss: 0.001772
2025-05-05 22:12:24,443 - INFO - Val Depth Trans Loss: 0.000000
2025-05-05 22:12:24,443 - INFO - Val GPS Trans Loss: 0.008689
2025-05-05 22:12:24,443 - INFO - ATE: 0.6607 ± 0.4361 m
2025-05-05 22:12:24,443 - INFO - RPE Trans: 0.1326 ± 0.0081 m
2025-05-05 22:12:24,443 - INFO - RPE Rot: 0.0141 ± 0.0022 rad
2025-05-05 22:12:24,700 - INFO - New best model saved with validation loss: 4.092438
2025-05-05 22:12:24,969 - INFO - New best ATE model saved with ATE: 0.6607m
2025-05-05 22:12:24,970 - INFO - Epoch 15/125
2025-05-05 22:25:10,238 - INFO - Train Loss: 3.944245 ± 0.081456
2025-05-05 22:25:10,239 - INFO - Val Loss: 3.978619 ± 0.296900
2025-05-05 22:25:10,239 - INFO - Train Depth Trans Loss: 0.000000
2025-05-05 22:25:10,239 - INFO - Train GPS Trans Loss: 0.001720
2025-05-05 22:25:10,239 - INFO - Val Depth Trans Loss: 0.000000
2025-05-05 22:25:10,239 - INFO - Val GPS Trans Loss: 0.012040
2025-05-05 22:25:10,239 - INFO - ATE: 0.7106 ± 0.4750 m
2025-05-05 22:25:10,239 - INFO - RPE Trans: 0.1445 ± 0.0064 m
2025-05-05 22:25:10,239 - INFO - RPE Rot: 0.0144 ± 0.0021 rad
2025-05-05 22:25:10,500 - INFO - New best model saved with validation loss: 3.978619
2025-05-05 22:25:10,501 - INFO - Epoch 16/125
2025-05-05 22:37:48,285 - INFO - Train Loss: 3.807836 ± 0.079618
2025-05-05 22:37:48,286 - INFO - Val Loss: 3.817805 ± 0.260612
2025-05-05 22:37:48,286 - INFO - Train Depth Trans Loss: 0.000000
2025-05-05 22:37:48,286 - INFO - Train GPS Trans Loss: 0.001698
2025-05-05 22:37:48,286 - INFO - Val Depth Trans Loss: 0.000000
2025-05-05 22:37:48,286 - INFO - Val GPS Trans Loss: 0.008888
2025-05-05 22:37:48,286 - INFO - ATE: 0.6630 ± 0.4398 m
2025-05-05 22:37:48,286 - INFO - RPE Trans: 0.1335 ± 0.0047 m
2025-05-05 22:37:48,286 - INFO - RPE Rot: 0.0127 ± 0.0022 rad
2025-05-05 22:37:48,546 - INFO - New best model saved with validation loss: 3.817805
2025-05-05 22:37:48,547 - INFO - Epoch 17/125
2025-05-05 22:50:35,665 - INFO - Train Loss: 3.685803 ± 0.077302
2025-05-05 22:50:35,665 - INFO - Val Loss: 3.711568 ± 0.256943
2025-05-05 22:50:35,665 - INFO - Train Depth Trans Loss: 0.000000
2025-05-05 22:50:35,665 - INFO - Train GPS Trans Loss: 0.001676
2025-05-05 22:50:35,665 - INFO - Val Depth Trans Loss: 0.000000
2025-05-05 22:50:35,665 - INFO - Val GPS Trans Loss: 0.009116
2025-05-05 22:50:35,665 - INFO - ATE: 0.6964 ± 0.4619 m
2025-05-05 22:50:35,665 - INFO - RPE Trans: 0.1406 ± 0.0067 m
2025-05-05 22:50:35,665 - INFO - RPE Rot: 0.0154 ± 0.0021 rad
2025-05-05 22:50:35,926 - INFO - New best model saved with validation loss: 3.711568
2025-05-05 22:50:35,927 - INFO - Epoch 18/125
2025-05-05 23:03:02,286 - INFO - Train Loss: 3.578316 ± 0.077927
2025-05-05 23:03:02,286 - INFO - Val Loss: 3.620139 ± 0.276851
2025-05-05 23:03:02,286 - INFO - Train Depth Trans Loss: 0.000000
2025-05-05 23:03:02,286 - INFO - Train GPS Trans Loss: 0.001672
2025-05-05 23:03:02,286 - INFO - Val Depth Trans Loss: 0.000000
2025-05-05 23:03:02,286 - INFO - Val GPS Trans Loss: 0.011286
2025-05-05 23:03:02,286 - INFO - ATE: 0.6949 ± 0.4590 m
2025-05-05 23:03:02,286 - INFO - RPE Trans: 0.1397 ± 0.0062 m
2025-05-05 23:03:02,286 - INFO - RPE Rot: 0.0149 ± 0.0021 rad
2025-05-05 23:03:02,544 - INFO - New best model saved with validation loss: 3.620139
2025-05-05 23:03:02,545 - INFO - Epoch 19/125
2025-05-05 23:15:31,665 - INFO - Train Loss: 3.483814 ± 0.073242
2025-05-05 23:15:31,665 - INFO - Val Loss: 3.480204 ± 0.244280
2025-05-05 23:15:31,665 - INFO - Train Depth Trans Loss: 0.000000
2025-05-05 23:15:31,665 - INFO - Train GPS Trans Loss: 0.001658
2025-05-05 23:15:31,665 - INFO - Val Depth Trans Loss: 0.000000
2025-05-05 23:15:31,665 - INFO - Val GPS Trans Loss: 0.005706
2025-05-05 23:15:31,665 - INFO - ATE: 0.5295 ± 0.3554 m
2025-05-05 23:15:31,665 - INFO - RPE Trans: 0.1084 ± 0.0077 m
2025-05-05 23:15:31,665 - INFO - RPE Rot: 0.0146 ± 0.0021 rad
2025-05-05 23:15:31,927 - INFO - New best model saved with validation loss: 3.480204
2025-05-05 23:15:32,193 - INFO - New best ATE model saved with ATE: 0.5295m
2025-05-05 23:15:32,193 - INFO - Epoch 20/125
2025-05-05 23:28:21,172 - INFO - Train Loss: 3.401898 ± 0.071886
2025-05-05 23:28:21,172 - INFO - Val Loss: 3.449943 ± 0.259954
2025-05-05 23:28:21,172 - INFO - Train Depth Trans Loss: 0.000000
2025-05-05 23:28:21,172 - INFO - Train GPS Trans Loss: 0.001665
2025-05-05 23:28:21,172 - INFO - Val Depth Trans Loss: 0.000000
2025-05-05 23:28:21,172 - INFO - Val GPS Trans Loss: 0.010018
2025-05-05 23:28:21,172 - INFO - ATE: 0.7079 ± 0.4747 m
2025-05-05 23:28:21,172 - INFO - RPE Trans: 0.1447 ± 0.0091 m
2025-05-05 23:28:21,172 - INFO - RPE Rot: 0.0166 ± 0.0021 rad
2025-05-05 23:28:21,431 - INFO - New best model saved with validation loss: 3.449943
2025-05-05 23:28:21,646 - INFO - Checkpoint saved at epoch 20
2025-05-05 23:28:22,004 - INFO - Epoch 21/125
2025-05-05 23:40:47,890 - INFO - Train Loss: 3.332180 ± 0.070542
2025-05-05 23:40:47,890 - INFO - Val Loss: 3.360791 ± 0.252532
2025-05-05 23:40:47,890 - INFO - Train Depth Trans Loss: 0.000000
2025-05-05 23:40:47,890 - INFO - Train GPS Trans Loss: 0.001701
2025-05-05 23:40:47,890 - INFO - Val Depth Trans Loss: 0.000000
2025-05-05 23:40:47,890 - INFO - Val GPS Trans Loss: 0.008234
2025-05-05 23:40:47,890 - INFO - ATE: 0.6223 ± 0.4121 m
2025-05-05 23:40:47,890 - INFO - RPE Trans: 0.1249 ± 0.0053 m
2025-05-05 23:40:47,890 - INFO - RPE Rot: 0.0126 ± 0.0021 rad
2025-05-05 23:40:48,158 - INFO - New best model saved with validation loss: 3.360791
2025-05-05 23:40:48,158 - INFO - Epoch 22/125
2025-05-05 23:53:34,970 - INFO - Train Loss: 3.275102 ± 0.070263
2025-05-05 23:53:34,970 - INFO - Val Loss: 3.309659 ± 0.260050
2025-05-05 23:53:34,970 - INFO - Train Depth Trans Loss: 0.000000
2025-05-05 23:53:34,970 - INFO - Train GPS Trans Loss: 0.001697
2025-05-05 23:53:34,970 - INFO - Val Depth Trans Loss: 0.000000
2025-05-05 23:53:34,970 - INFO - Val GPS Trans Loss: 0.007436
2025-05-05 23:53:34,970 - INFO - ATE: 0.6094 ± 0.4086 m
2025-05-05 23:53:34,970 - INFO - RPE Trans: 0.1244 ± 0.0077 m
2025-05-05 23:53:34,970 - INFO - RPE Rot: 0.0145 ± 0.0021 rad
2025-05-05 23:53:35,236 - INFO - New best model saved with validation loss: 3.309659
2025-05-05 23:53:35,237 - INFO - Epoch 23/125
2025-05-06 00:06:13,706 - INFO - Train Loss: 3.229407 ± 0.073985
2025-05-06 00:06:13,706 - INFO - Val Loss: 3.281120 ± 0.259407
2025-05-06 00:06:13,706 - INFO - Train Depth Trans Loss: 0.000000
2025-05-06 00:06:13,706 - INFO - Train GPS Trans Loss: 0.001726
2025-05-06 00:06:13,706 - INFO - Val Depth Trans Loss: 0.000000
2025-05-06 00:06:13,706 - INFO - Val GPS Trans Loss: 0.008390
2025-05-06 00:06:13,706 - INFO - ATE: 0.6640 ± 0.4443 m
2025-05-06 00:06:13,706 - INFO - RPE Trans: 0.1351 ± 0.0080 m
2025-05-06 00:06:13,706 - INFO - RPE Rot: 0.0156 ± 0.0021 rad
2025-05-06 00:06:13,975 - INFO - New best model saved with validation loss: 3.281120
2025-05-06 00:06:13,976 - INFO - Epoch 24/125
2025-05-06 00:19:03,706 - INFO - Train Loss: 3.194105 ± 0.069427
2025-05-06 00:19:03,706 - INFO - Val Loss: 3.251930 ± 0.262695
2025-05-06 00:19:03,706 - INFO - Train Depth Trans Loss: 0.000000
2025-05-06 00:19:03,707 - INFO - Train GPS Trans Loss: 0.001706
2025-05-06 00:19:03,707 - INFO - Val Depth Trans Loss: 0.000000
2025-05-06 00:19:03,707 - INFO - Val GPS Trans Loss: 0.009378
2025-05-06 00:19:03,707 - INFO - ATE: 0.6388 ± 0.4235 m
2025-05-06 00:19:03,707 - INFO - RPE Trans: 0.1286 ± 0.0068 m
2025-05-06 00:19:03,707 - INFO - RPE Rot: 0.0134 ± 0.0021 rad
2025-05-06 00:19:03,978 - INFO - New best model saved with validation loss: 3.251930
2025-05-06 00:19:03,978 - INFO - Epoch 25/125
2025-05-06 00:31:17,453 - INFO - Train Loss: 3.170231 ± 0.069413
2025-05-06 00:31:17,454 - INFO - Val Loss: 3.245005 ± 0.269416
2025-05-06 00:31:17,454 - INFO - Train Depth Trans Loss: 0.000000
2025-05-06 00:31:17,454 - INFO - Train GPS Trans Loss: 0.001740
2025-05-06 00:31:17,454 - INFO - Val Depth Trans Loss: 0.000000
2025-05-06 00:31:17,454 - INFO - Val GPS Trans Loss: 0.009743
2025-05-06 00:31:17,454 - INFO - ATE: 0.7052 ± 0.4674 m
2025-05-06 00:31:17,454 - INFO - RPE Trans: 0.1415 ± 0.0051 m
2025-05-06 00:31:17,454 - INFO - RPE Rot: 0.0120 ± 0.0021 rad
2025-05-06 00:31:17,722 - INFO - New best model saved with validation loss: 3.245005
2025-05-06 00:31:17,723 - INFO - Epoch 26/125
2025-05-06 00:43:45,807 - INFO - Train Loss: 3.154333 ± 0.067973
2025-05-06 00:43:45,807 - INFO - Val Loss: 3.218587 ± 0.262699
2025-05-06 00:43:45,807 - INFO - Train Depth Trans Loss: 0.000000
2025-05-06 00:43:45,807 - INFO - Train GPS Trans Loss: 0.001742
2025-05-06 00:43:45,807 - INFO - Val Depth Trans Loss: 0.000000
2025-05-06 00:43:45,807 - INFO - Val GPS Trans Loss: 0.008170
2025-05-06 00:43:45,807 - INFO - ATE: 0.5969 ± 0.3942 m
2025-05-06 00:43:45,807 - INFO - RPE Trans: 0.1206 ± 0.0079 m
2025-05-06 00:43:45,807 - INFO - RPE Rot: 0.0176 ± 0.0020 rad
2025-05-06 00:43:46,056 - INFO - New best model saved with validation loss: 3.218587
2025-05-06 00:43:46,056 - INFO - Epoch 27/125
2025-05-06 00:56:35,378 - INFO - Train Loss: 3.145489 ± 0.072686
2025-05-06 00:56:35,378 - INFO - Val Loss: 3.191691 ± 0.248657
2025-05-06 00:56:35,378 - INFO - Train Depth Trans Loss: 0.000000
2025-05-06 00:56:35,378 - INFO - Train GPS Trans Loss: 0.001741
2025-05-06 00:56:35,378 - INFO - Val Depth Trans Loss: 0.000000
2025-05-06 00:56:35,378 - INFO - Val GPS Trans Loss: 0.006517
2025-05-06 00:56:35,378 - INFO - ATE: 0.5433 ± 0.3576 m
2025-05-06 00:56:35,379 - INFO - RPE Trans: 0.1091 ± 0.0071 m
2025-05-06 00:56:35,379 - INFO - RPE Rot: 0.0145 ± 0.0021 rad
2025-05-06 00:56:35,647 - INFO - New best model saved with validation loss: 3.191691
2025-05-06 00:56:35,652 - INFO - Epoch 28/125
2025-05-06 01:09:00,202 - INFO - Train Loss: 3.140834 ± 0.071866
2025-05-06 01:09:00,202 - INFO - Val Loss: 3.211889 ± 0.254906
2025-05-06 01:09:00,202 - INFO - Train Depth Trans Loss: 0.000000
2025-05-06 01:09:00,202 - INFO - Train GPS Trans Loss: 0.001724
2025-05-06 01:09:00,202 - INFO - Val Depth Trans Loss: 0.000000
2025-05-06 01:09:00,202 - INFO - Val GPS Trans Loss: 0.006759
2025-05-06 01:09:00,202 - INFO - ATE: 0.6193 ± 0.4111 m
2025-05-06 01:09:00,202 - INFO - RPE Trans: 0.1267 ± 0.0099 m
2025-05-06 01:09:00,202 - INFO - RPE Rot: 0.0212 ± 0.0020 rad
2025-05-06 01:09:00,202 - INFO - Epoch 29/125
2025-05-06 01:21:26,260 - INFO - Train Loss: 3.140198 ± 0.068793
2025-05-06 01:21:26,260 - INFO - Val Loss: 3.216890 ± 0.263631
2025-05-06 01:21:26,260 - INFO - Train Depth Trans Loss: 0.000000
2025-05-06 01:21:26,260 - INFO - Train GPS Trans Loss: 0.001764
2025-05-06 01:21:26,261 - INFO - Val Depth Trans Loss: 0.000000
2025-05-06 01:21:26,261 - INFO - Val GPS Trans Loss: 0.008221
2025-05-06 01:21:26,261 - INFO - ATE: 0.6683 ± 0.4416 m
2025-05-06 01:21:26,261 - INFO - RPE Trans: 0.1338 ± 0.0051 m
2025-05-06 01:21:26,261 - INFO - RPE Rot: 0.0134 ± 0.0022 rad
2025-05-06 01:21:26,261 - INFO - Epoch 30/125
2025-05-06 01:33:47,700 - INFO - Train Loss: 3.139814 ± 0.067942
2025-05-06 01:33:47,700 - INFO - Val Loss: 3.199929 ± 0.256077
2025-05-06 01:33:47,700 - INFO - Train Depth Trans Loss: 0.000000
2025-05-06 01:33:47,700 - INFO - Train GPS Trans Loss: 0.001744
2025-05-06 01:33:47,700 - INFO - Val Depth Trans Loss: 0.000000
2025-05-06 01:33:47,700 - INFO - Val GPS Trans Loss: 0.007196
2025-05-06 01:33:47,700 - INFO - ATE: 0.6041 ± 0.3984 m
2025-05-06 01:33:47,700 - INFO - RPE Trans: 0.1211 ± 0.0050 m
2025-05-06 01:33:47,700 - INFO - RPE Rot: 0.0125 ± 0.0021 rad
2025-05-06 01:33:47,912 - INFO - Checkpoint saved at epoch 30
2025-05-06 01:33:48,264 - INFO - Epoch 31/125
2025-05-06 01:46:29,654 - INFO - Train Loss: 3.139578 ± 0.067186
2025-05-06 01:46:29,654 - INFO - Val Loss: 3.212432 ± 0.261823
2025-05-06 01:46:29,654 - INFO - Train Depth Trans Loss: 0.000000
2025-05-06 01:46:29,654 - INFO - Train GPS Trans Loss: 0.001776
2025-05-06 01:46:29,654 - INFO - Val Depth Trans Loss: 0.000000
2025-05-06 01:46:29,654 - INFO - Val GPS Trans Loss: 0.008512
2025-05-06 01:46:29,654 - INFO - ATE: 0.6583 ± 0.4339 m
2025-05-06 01:46:29,654 - INFO - RPE Trans: 0.1319 ± 0.0053 m
2025-05-06 01:46:29,654 - INFO - RPE Rot: 0.0144 ± 0.0021 rad
2025-05-06 01:46:29,654 - INFO - Epoch 32/125
2025-05-06 01:59:19,338 - INFO - Train Loss: 3.139383 ± 0.068218
2025-05-06 01:59:19,338 - INFO - Val Loss: 3.224978 ± 0.271840
2025-05-06 01:59:19,338 - INFO - Train Depth Trans Loss: 0.000000
2025-05-06 01:59:19,338 - INFO - Train GPS Trans Loss: 0.001747
2025-05-06 01:59:19,338 - INFO - Val Depth Trans Loss: 0.000000
2025-05-06 01:59:19,338 - INFO - Val GPS Trans Loss: 0.010063
2025-05-06 01:59:19,338 - INFO - ATE: 0.6850 ± 0.4509 m
2025-05-06 01:59:19,338 - INFO - RPE Trans: 0.1375 ± 0.0071 m
2025-05-06 01:59:19,338 - INFO - RPE Rot: 0.0154 ± 0.0021 rad
2025-05-06 01:59:19,338 - INFO - Epoch 33/125
2025-05-06 02:11:40,002 - INFO - Train Loss: 3.139632 ± 0.070113
2025-05-06 02:11:40,002 - INFO - Val Loss: 3.213897 ± 0.263682
2025-05-06 02:11:40,002 - INFO - Train Depth Trans Loss: 0.000000
2025-05-06 02:11:40,002 - INFO - Train GPS Trans Loss: 0.001757
2025-05-06 02:11:40,002 - INFO - Val Depth Trans Loss: 0.000000
2025-05-06 02:11:40,002 - INFO - Val GPS Trans Loss: 0.009950
2025-05-06 02:11:40,002 - INFO - ATE: 0.6453 ± 0.4265 m
2025-05-06 02:11:40,003 - INFO - RPE Trans: 0.1295 ± 0.0057 m
2025-05-06 02:11:40,003 - INFO - RPE Rot: 0.0129 ± 0.0021 rad
2025-05-06 02:11:40,003 - INFO - Epoch 34/125
2025-05-06 02:24:26,398 - INFO - Train Loss: 3.135590 ± 0.067142
2025-05-06 02:24:26,398 - INFO - Val Loss: 3.211459 ± 0.275509
2025-05-06 02:24:26,398 - INFO - Train Depth Trans Loss: 0.000000
2025-05-06 02:24:26,398 - INFO - Train GPS Trans Loss: 0.001580
2025-05-06 02:24:26,398 - INFO - Val Depth Trans Loss: 0.000000
2025-05-06 02:24:26,398 - INFO - Val GPS Trans Loss: 0.009727
2025-05-06 02:24:26,398 - INFO - ATE: 0.5756 ± 0.3758 m
2025-05-06 02:24:26,398 - INFO - RPE Trans: 0.1149 ± 0.0070 m
2025-05-06 02:24:26,398 - INFO - RPE Rot: 0.0150 ± 0.0021 rad
2025-05-06 02:24:26,398 - INFO - Epoch 35/125
2025-05-06 02:37:14,509 - INFO - Train Loss: 3.135773 ± 0.068507
2025-05-06 02:37:14,509 - INFO - Val Loss: 3.205281 ± 0.261014
2025-05-06 02:37:14,509 - INFO - Train Depth Trans Loss: 0.000000
2025-05-06 02:37:14,509 - INFO - Train GPS Trans Loss: 0.001601
2025-05-06 02:37:14,510 - INFO - Val Depth Trans Loss: 0.000000
2025-05-06 02:37:14,510 - INFO - Val GPS Trans Loss: 0.007791
2025-05-06 02:37:14,510 - INFO - ATE: 0.6145 ± 0.4045 m
2025-05-06 02:37:14,510 - INFO - RPE Trans: 0.1232 ± 0.0071 m
2025-05-06 02:37:14,510 - INFO - RPE Rot: 0.0148 ± 0.0021 rad
2025-05-06 02:37:14,510 - INFO - Epoch 36/125
2025-05-06 02:49:30,988 - INFO - Train Loss: 3.135353 ± 0.067602
2025-05-06 02:49:30,988 - INFO - Val Loss: 3.205661 ± 0.270057
2025-05-06 02:49:30,988 - INFO - Train Depth Trans Loss: 0.000000
2025-05-06 02:49:30,988 - INFO - Train GPS Trans Loss: 0.001605
2025-05-06 02:49:30,988 - INFO - Val Depth Trans Loss: 0.000000
2025-05-06 02:49:30,988 - INFO - Val GPS Trans Loss: 0.008402
2025-05-06 02:49:30,988 - INFO - ATE: 0.5684 ± 0.3747 m
2025-05-06 02:49:30,988 - INFO - RPE Trans: 0.1146 ± 0.0081 m
2025-05-06 02:49:30,988 - INFO - RPE Rot: 0.0151 ± 0.0021 rad
2025-05-06 02:49:30,988 - INFO - Epoch 37/125
2025-05-06 03:02:01,956 - INFO - Train Loss: 3.135415 ± 0.068635
2025-05-06 03:02:01,956 - INFO - Val Loss: 3.196110 ± 0.258626
2025-05-06 03:02:01,956 - INFO - Train Depth Trans Loss: 0.000000
2025-05-06 03:02:01,957 - INFO - Train GPS Trans Loss: 0.001627
2025-05-06 03:02:01,957 - INFO - Val Depth Trans Loss: 0.000000
2025-05-06 03:02:01,957 - INFO - Val GPS Trans Loss: 0.006943
2025-05-06 03:02:01,957 - INFO - ATE: 0.5738 ± 0.3789 m
2025-05-06 03:02:01,957 - INFO - RPE Trans: 0.1157 ± 0.0088 m
2025-05-06 03:02:01,957 - INFO - RPE Rot: 0.0154 ± 0.0021 rad
2025-05-06 03:02:01,957 - INFO - Epoch 38/125
2025-05-06 03:14:17,841 - INFO - Train Loss: 3.135066 ± 0.071322
2025-05-06 03:14:17,841 - INFO - Val Loss: 3.188382 ± 0.258243
2025-05-06 03:14:17,841 - INFO - Train Depth Trans Loss: 0.000000
2025-05-06 03:14:17,841 - INFO - Train GPS Trans Loss: 0.001596
2025-05-06 03:14:17,842 - INFO - Val Depth Trans Loss: 0.000000
2025-05-06 03:14:17,842 - INFO - Val GPS Trans Loss: 0.006373
2025-05-06 03:14:17,842 - INFO - ATE: 0.5321 ± 0.3502 m
2025-05-06 03:14:17,842 - INFO - RPE Trans: 0.1068 ± 0.0085 m
2025-05-06 03:14:17,842 - INFO - RPE Rot: 0.0147 ± 0.0021 rad
2025-05-06 03:14:18,115 - INFO - New best model saved with validation loss: 3.188382
2025-05-06 03:14:18,116 - INFO - Epoch 39/125
2025-05-06 03:27:05,236 - INFO - Train Loss: 3.135112 ± 0.069985
2025-05-06 03:27:05,236 - INFO - Val Loss: 3.191538 ± 0.263531
2025-05-06 03:27:05,236 - INFO - Train Depth Trans Loss: 0.000000
2025-05-06 03:27:05,236 - INFO - Train GPS Trans Loss: 0.001620
2025-05-06 03:27:05,236 - INFO - Val Depth Trans Loss: 0.000000
2025-05-06 03:27:05,236 - INFO - Val GPS Trans Loss: 0.006881
2025-05-06 03:27:05,236 - INFO - ATE: 0.5445 ± 0.3639 m
2025-05-06 03:27:05,236 - INFO - RPE Trans: 0.1108 ± 0.0078 m
2025-05-06 03:27:05,236 - INFO - RPE Rot: 0.0134 ± 0.0021 rad
2025-05-06 03:27:05,237 - INFO - Epoch 40/125
2025-05-06 03:39:56,567 - INFO - Train Loss: 3.135136 ± 0.068502
2025-05-06 03:39:56,567 - INFO - Val Loss: 3.207106 ± 0.271976
2025-05-06 03:39:56,567 - INFO - Train Depth Trans Loss: 0.000000
2025-05-06 03:39:56,567 - INFO - Train GPS Trans Loss: 0.001635
2025-05-06 03:39:56,567 - INFO - Val Depth Trans Loss: 0.000000
2025-05-06 03:39:56,567 - INFO - Val GPS Trans Loss: 0.008308
2025-05-06 03:39:56,567 - INFO - ATE: 0.5798 ± 0.3842 m
2025-05-06 03:39:56,567 - INFO - RPE Trans: 0.1177 ± 0.0076 m
2025-05-06 03:39:56,567 - INFO - RPE Rot: 0.0155 ± 0.0021 rad
2025-05-06 03:39:56,771 - INFO - Checkpoint saved at epoch 40
2025-05-06 03:39:57,239 - INFO - Epoch 41/125
2025-05-06 03:52:29,871 - INFO - Train Loss: 3.135121 ± 0.068849
2025-05-06 03:52:29,871 - INFO - Val Loss: 3.208825 ± 0.264552
2025-05-06 03:52:29,871 - INFO - Train Depth Trans Loss: 0.000000
2025-05-06 03:52:29,872 - INFO - Train GPS Trans Loss: 0.001629
2025-05-06 03:52:29,872 - INFO - Val Depth Trans Loss: 0.000000
2025-05-06 03:52:29,872 - INFO - Val GPS Trans Loss: 0.008223
2025-05-06 03:52:29,872 - INFO - ATE: 0.6201 ± 0.4084 m
2025-05-06 03:52:29,872 - INFO - RPE Trans: 0.1244 ± 0.0088 m
2025-05-06 03:52:29,872 - INFO - RPE Rot: 0.0149 ± 0.0021 rad
2025-05-06 03:52:29,872 - INFO - Epoch 42/125
2025-05-06 04:05:04,237 - INFO - Train Loss: 3.134883 ± 0.067099
2025-05-06 04:05:04,237 - INFO - Val Loss: 3.204605 ± 0.266223
2025-05-06 04:05:04,237 - INFO - Train Depth Trans Loss: 0.000000
2025-05-06 04:05:04,237 - INFO - Train GPS Trans Loss: 0.001629
2025-05-06 04:05:04,237 - INFO - Val Depth Trans Loss: 0.000000
2025-05-06 04:05:04,237 - INFO - Val GPS Trans Loss: 0.007444
2025-05-06 04:05:04,237 - INFO - ATE: 0.5802 ± 0.3849 m
2025-05-06 04:05:04,237 - INFO - RPE Trans: 0.1179 ± 0.0091 m
2025-05-06 04:05:04,237 - INFO - RPE Rot: 0.0161 ± 0.0021 rad
2025-05-06 04:05:04,237 - INFO - Epoch 43/125
2025-05-06 04:17:42,345 - INFO - Train Loss: 3.134806 ± 0.070812
2025-05-06 04:17:42,345 - INFO - Val Loss: 3.198052 ± 0.259926
2025-05-06 04:17:42,346 - INFO - Train Depth Trans Loss: 0.000000
2025-05-06 04:17:42,346 - INFO - Train GPS Trans Loss: 0.001626
2025-05-06 04:17:42,346 - INFO - Val Depth Trans Loss: 0.000000
2025-05-06 04:17:42,346 - INFO - Val GPS Trans Loss: 0.007104
2025-05-06 04:17:42,346 - INFO - ATE: 0.5830 ± 0.3860 m
2025-05-06 04:17:42,346 - INFO - RPE Trans: 0.1174 ± 0.0079 m
2025-05-06 04:17:42,346 - INFO - RPE Rot: 0.0143 ± 0.0022 rad
2025-05-06 04:17:42,346 - INFO - Epoch 44/125
2025-05-06 04:30:23,351 - INFO - Train Loss: 3.134905 ± 0.070336
2025-05-06 04:30:23,351 - INFO - Val Loss: 3.204923 ± 0.270141
2025-05-06 04:30:23,351 - INFO - Train Depth Trans Loss: 0.000000
2025-05-06 04:30:23,351 - INFO - Train GPS Trans Loss: 0.001635
2025-05-06 04:30:23,351 - INFO - Val Depth Trans Loss: 0.000000
2025-05-06 04:30:23,351 - INFO - Val GPS Trans Loss: 0.008316
2025-05-06 04:30:23,351 - INFO - ATE: 0.5993 ± 0.3990 m
2025-05-06 04:30:23,351 - INFO - RPE Trans: 0.1216 ± 0.0073 m
2025-05-06 04:30:23,351 - INFO - RPE Rot: 0.0138 ± 0.0021 rad
2025-05-06 04:30:23,351 - INFO - Epoch 45/125
2025-05-06 04:42:41,494 - INFO - Train Loss: 3.133119 ± 0.067578
2025-05-06 04:42:41,494 - INFO - Val Loss: 3.201372 ± 0.272572
2025-05-06 04:42:41,494 - INFO - Train Depth Trans Loss: 0.000000
2025-05-06 04:42:41,494 - INFO - Train GPS Trans Loss: 0.001557
2025-05-06 04:42:41,494 - INFO - Val Depth Trans Loss: 0.000000
2025-05-06 04:42:41,494 - INFO - Val GPS Trans Loss: 0.007882
2025-05-06 04:42:41,494 - INFO - ATE: 0.5429 ± 0.3545 m
2025-05-06 04:42:41,494 - INFO - RPE Trans: 0.1086 ± 0.0071 m
2025-05-06 04:42:41,494 - INFO - RPE Rot: 0.0139 ± 0.0021 rad
2025-05-06 04:42:41,494 - INFO - Epoch 46/125
2025-05-06 04:55:02,490 - INFO - Train Loss: 3.132940 ± 0.068128
2025-05-06 04:55:02,490 - INFO - Val Loss: 3.189804 ± 0.264147
2025-05-06 04:55:02,491 - INFO - Train Depth Trans Loss: 0.000000
2025-05-06 04:55:02,491 - INFO - Train GPS Trans Loss: 0.001563
2025-05-06 04:55:02,491 - INFO - Val Depth Trans Loss: 0.000000
2025-05-06 04:55:02,491 - INFO - Val GPS Trans Loss: 0.006836
2025-05-06 04:55:02,491 - INFO - ATE: 0.5125 ± 0.3354 m
2025-05-06 04:55:02,491 - INFO - RPE Trans: 0.1025 ± 0.0077 m
2025-05-06 04:55:02,491 - INFO - RPE Rot: 0.0138 ± 0.0021 rad
2025-05-06 04:55:02,748 - INFO - New best ATE model saved with ATE: 0.5125m
2025-05-06 04:55:02,749 - INFO - Epoch 47/125
2025-05-06 05:07:46,682 - INFO - Train Loss: 3.132846 ± 0.069176
2025-05-06 05:07:46,683 - INFO - Val Loss: 3.214513 ± 0.284913
2025-05-06 05:07:46,683 - INFO - Train Depth Trans Loss: 0.000000
2025-05-06 05:07:46,683 - INFO - Train GPS Trans Loss: 0.001565
2025-05-06 05:07:46,683 - INFO - Val Depth Trans Loss: 0.000000
2025-05-06 05:07:46,683 - INFO - Val GPS Trans Loss: 0.008990
2025-05-06 05:07:46,683 - INFO - ATE: 0.5717 ± 0.3717 m
2025-05-06 05:07:46,683 - INFO - RPE Trans: 0.1140 ± 0.0076 m
2025-05-06 05:07:46,683 - INFO - RPE Rot: 0.0159 ± 0.0021 rad
2025-05-06 05:07:46,683 - INFO - Epoch 48/125
2025-05-06 05:20:41,450 - INFO - Train Loss: 3.132721 ± 0.069791
2025-05-06 05:20:41,450 - INFO - Val Loss: 3.193147 ± 0.264664
2025-05-06 05:20:41,450 - INFO - Train Depth Trans Loss: 0.000000
2025-05-06 05:20:41,450 - INFO - Train GPS Trans Loss: 0.001561
2025-05-06 05:20:41,450 - INFO - Val Depth Trans Loss: 0.000000
2025-05-06 05:20:41,450 - INFO - Val GPS Trans Loss: 0.007182
2025-05-06 05:20:41,450 - INFO - ATE: 0.5159 ± 0.3382 m
2025-05-06 05:20:41,450 - INFO - RPE Trans: 0.1034 ± 0.0087 m
2025-05-06 05:20:41,450 - INFO - RPE Rot: 0.0143 ± 0.0022 rad
2025-05-06 05:20:41,450 - INFO - Epoch 49/125
2025-05-06 05:33:29,972 - INFO - Train Loss: 3.132670 ± 0.068900
2025-05-06 05:33:29,972 - INFO - Val Loss: 3.188502 ± 0.263387
2025-05-06 05:33:29,972 - INFO - Train Depth Trans Loss: 0.000000
2025-05-06 05:33:29,972 - INFO - Train GPS Trans Loss: 0.001568
2025-05-06 05:33:29,972 - INFO - Val Depth Trans Loss: 0.000000
2025-05-06 05:33:29,973 - INFO - Val GPS Trans Loss: 0.006671
2025-05-06 05:33:29,973 - INFO - ATE: 0.5030 ± 0.3360 m
2025-05-06 05:33:29,973 - INFO - RPE Trans: 0.1031 ± 0.0083 m
2025-05-06 05:33:29,973 - INFO - RPE Rot: 0.0149 ± 0.0021 rad
2025-05-06 05:33:30,229 - INFO - New best ATE model saved with ATE: 0.5030m
2025-05-06 05:33:30,230 - INFO - Epoch 50/125
2025-05-06 05:46:21,537 - INFO - Train Loss: 3.132702 ± 0.068455
2025-05-06 05:46:21,537 - INFO - Val Loss: 3.193496 ± 0.267841
2025-05-06 05:46:21,537 - INFO - Train Depth Trans Loss: 0.000000
2025-05-06 05:46:21,537 - INFO - Train GPS Trans Loss: 0.001579
2025-05-06 05:46:21,537 - INFO - Val Depth Trans Loss: 0.000000
2025-05-06 05:46:21,537 - INFO - Val GPS Trans Loss: 0.007297
2025-05-06 05:46:21,537 - INFO - ATE: 0.5098 ± 0.3357 m
2025-05-06 05:46:21,537 - INFO - RPE Trans: 0.1027 ± 0.0080 m
2025-05-06 05:46:21,537 - INFO - RPE Rot: 0.0145 ± 0.0021 rad
2025-05-06 05:46:21,751 - INFO - Checkpoint saved at epoch 50
2025-05-06 05:46:22,089 - INFO - Epoch 51/125
2025-05-06 05:58:59,458 - INFO - Train Loss: 3.131728 ± 0.067761
2025-05-06 05:58:59,459 - INFO - Val Loss: 3.191353 ± 0.265180
2025-05-06 05:58:59,459 - INFO - Train Depth Trans Loss: 0.000000
2025-05-06 05:58:59,459 - INFO - Train GPS Trans Loss: 0.001543
2025-05-06 05:58:59,459 - INFO - Val Depth Trans Loss: 0.000000
2025-05-06 05:58:59,459 - INFO - Val GPS Trans Loss: 0.006938
2025-05-06 05:58:59,459 - INFO - ATE: 0.4930 ± 0.3224 m
2025-05-06 05:58:59,459 - INFO - RPE Trans: 0.0989 ± 0.0095 m
2025-05-06 05:58:59,459 - INFO - RPE Rot: 0.0152 ± 0.0022 rad
2025-05-06 05:58:59,717 - INFO - New best ATE model saved with ATE: 0.4930m
2025-05-06 05:58:59,718 - INFO - Epoch 52/125
2025-05-06 06:11:30,738 - INFO - Train Loss: 3.131687 ± 0.068284
2025-05-06 06:11:30,738 - INFO - Val Loss: 3.186684 ± 0.262423
2025-05-06 06:11:30,738 - INFO - Train Depth Trans Loss: 0.000000
2025-05-06 06:11:30,738 - INFO - Train GPS Trans Loss: 0.001545
2025-05-06 06:11:30,738 - INFO - Val Depth Trans Loss: 0.000000
2025-05-06 06:11:30,738 - INFO - Val GPS Trans Loss: 0.006605
2025-05-06 06:11:30,738 - INFO - ATE: 0.4789 ± 0.3158 m
2025-05-06 06:11:30,738 - INFO - RPE Trans: 0.0971 ± 0.0092 m
2025-05-06 06:11:30,738 - INFO - RPE Rot: 0.0153 ± 0.0021 rad
2025-05-06 06:11:31,008 - INFO - New best model saved with validation loss: 3.186684
2025-05-06 06:11:31,269 - INFO - New best ATE model saved with ATE: 0.4789m
2025-05-06 06:11:31,270 - INFO - Epoch 53/125
2025-05-06 06:24:20,882 - INFO - Train Loss: 3.131613 ± 0.068510
2025-05-06 06:24:20,882 - INFO - Val Loss: 3.190540 ± 0.264309
2025-05-06 06:24:20,882 - INFO - Train Depth Trans Loss: 0.000000
2025-05-06 06:24:20,882 - INFO - Train GPS Trans Loss: 0.001548
2025-05-06 06:24:20,882 - INFO - Val Depth Trans Loss: 0.000000
2025-05-06 06:24:20,882 - INFO - Val GPS Trans Loss: 0.006921
2025-05-06 06:24:20,882 - INFO - ATE: 0.4993 ± 0.3299 m
2025-05-06 06:24:20,882 - INFO - RPE Trans: 0.1010 ± 0.0081 m
2025-05-06 06:24:20,882 - INFO - RPE Rot: 0.0145 ± 0.0022 rad
2025-05-06 06:24:20,882 - INFO - Epoch 54/125
2025-05-06 06:37:05,638 - INFO - Train Loss: 3.131566 ± 0.070324
2025-05-06 06:37:05,638 - INFO - Val Loss: 3.188585 ± 0.263433
2025-05-06 06:37:05,638 - INFO - Train Depth Trans Loss: 0.000000
2025-05-06 06:37:05,638 - INFO - Train GPS Trans Loss: 0.001544
2025-05-06 06:37:05,638 - INFO - Val Depth Trans Loss: 0.000000
2025-05-06 06:37:05,638 - INFO - Val GPS Trans Loss: 0.006721
2025-05-06 06:37:05,638 - INFO - ATE: 0.4831 ± 0.3177 m
2025-05-06 06:37:05,638 - INFO - RPE Trans: 0.0976 ± 0.0088 m
2025-05-06 06:37:05,638 - INFO - RPE Rot: 0.0150 ± 0.0021 rad
2025-05-06 06:37:05,638 - INFO - Epoch 55/125
2025-05-06 06:49:36,115 - INFO - Train Loss: 3.131492 ± 0.069763
2025-05-06 06:49:36,115 - INFO - Val Loss: 3.188697 ± 0.263687
2025-05-06 06:49:36,115 - INFO - Train Depth Trans Loss: 0.000000
2025-05-06 06:49:36,115 - INFO - Train GPS Trans Loss: 0.001545
2025-05-06 06:49:36,115 - INFO - Val Depth Trans Loss: 0.000000
2025-05-06 06:49:36,115 - INFO - Val GPS Trans Loss: 0.007015
2025-05-06 06:49:36,115 - INFO - ATE: 0.5015 ± 0.3298 m
2025-05-06 06:49:36,115 - INFO - RPE Trans: 0.1008 ± 0.0077 m
2025-05-06 06:49:36,115 - INFO - RPE Rot: 0.0140 ± 0.0021 rad
2025-05-06 06:49:36,115 - INFO - Epoch 56/125
2025-05-06 07:02:24,514 - INFO - Train Loss: 3.131415 ± 0.068918
2025-05-06 07:02:24,514 - INFO - Val Loss: 3.197476 ± 0.275160
2025-05-06 07:02:24,514 - INFO - Train Depth Trans Loss: 0.000000
2025-05-06 07:02:24,514 - INFO - Train GPS Trans Loss: 0.001542
2025-05-06 07:02:24,515 - INFO - Val Depth Trans Loss: 0.000000
2025-05-06 07:02:24,515 - INFO - Val GPS Trans Loss: 0.007619
2025-05-06 07:02:24,515 - INFO - ATE: 0.5194 ± 0.3454 m
2025-05-06 07:02:24,515 - INFO - RPE Trans: 0.1058 ± 0.0084 m
2025-05-06 07:02:24,515 - INFO - RPE Rot: 0.0152 ± 0.0021 rad
2025-05-06 07:02:24,515 - INFO - Epoch 57/125
2025-05-06 07:15:04,519 - INFO - Train Loss: 3.131364 ± 0.069594
2025-05-06 07:15:04,519 - INFO - Val Loss: 3.187283 ± 0.266804
2025-05-06 07:15:04,519 - INFO - Train Depth Trans Loss: 0.000000
2025-05-06 07:15:04,519 - INFO - Train GPS Trans Loss: 0.001539
2025-05-06 07:15:04,519 - INFO - Val Depth Trans Loss: 0.000000
2025-05-06 07:15:04,519 - INFO - Val GPS Trans Loss: 0.007073
2025-05-06 07:15:04,519 - INFO - ATE: 0.4793 ± 0.3165 m
2025-05-06 07:15:04,519 - INFO - RPE Trans: 0.0969 ± 0.0068 m
2025-05-06 07:15:04,519 - INFO - RPE Rot: 0.0134 ± 0.0021 rad
2025-05-06 07:15:04,519 - INFO - Epoch 58/125
2025-05-06 07:27:24,024 - INFO - Train Loss: 3.130888 ± 0.067306
2025-05-06 07:27:24,024 - INFO - Val Loss: 3.188631 ± 0.262271
2025-05-06 07:27:24,024 - INFO - Train Depth Trans Loss: 0.000000
2025-05-06 07:27:24,024 - INFO - Train GPS Trans Loss: 0.001545
2025-05-06 07:27:24,024 - INFO - Val Depth Trans Loss: 0.000000
2025-05-06 07:27:24,024 - INFO - Val GPS Trans Loss: 0.006805
2025-05-06 07:27:24,024 - INFO - ATE: 0.5141 ± 0.3389 m
2025-05-06 07:27:24,024 - INFO - RPE Trans: 0.1035 ± 0.0077 m
2025-05-06 07:27:24,024 - INFO - RPE Rot: 0.0140 ± 0.0021 rad
2025-05-06 07:27:24,024 - INFO - Epoch 59/125
2025-05-06 07:39:42,344 - INFO - Train Loss: 3.130910 ± 0.068420
2025-05-06 07:39:42,344 - INFO - Val Loss: 3.194297 ± 0.268826
2025-05-06 07:39:42,344 - INFO - Train Depth Trans Loss: 0.000000
2025-05-06 07:39:42,344 - INFO - Train GPS Trans Loss: 0.001528
2025-05-06 07:39:42,344 - INFO - Val Depth Trans Loss: 0.000000
2025-05-06 07:39:42,344 - INFO - Val GPS Trans Loss: 0.007043
2025-05-06 07:39:42,344 - INFO - ATE: 0.5040 ± 0.3324 m
2025-05-06 07:39:42,344 - INFO - RPE Trans: 0.1021 ± 0.0090 m
2025-05-06 07:39:42,344 - INFO - RPE Rot: 0.0153 ± 0.0021 rad
2025-05-06 07:39:42,344 - INFO - Epoch 60/125
2025-05-06 07:52:21,929 - INFO - Train Loss: 3.130793 ± 0.068982
2025-05-06 07:52:21,930 - INFO - Val Loss: 3.189568 ± 0.265895
2025-05-06 07:52:21,930 - INFO - Train Depth Trans Loss: 0.000000
2025-05-06 07:52:21,930 - INFO - Train GPS Trans Loss: 0.001523
2025-05-06 07:52:21,930 - INFO - Val Depth Trans Loss: 0.000000
2025-05-06 07:52:21,930 - INFO - Val GPS Trans Loss: 0.006804
2025-05-06 07:52:21,930 - INFO - ATE: 0.4735 ± 0.3131 m
2025-05-06 07:52:21,930 - INFO - RPE Trans: 0.0966 ± 0.0091 m
2025-05-06 07:52:21,930 - INFO - RPE Rot: 0.0158 ± 0.0021 rad
2025-05-06 07:52:22,187 - INFO - New best ATE model saved with ATE: 0.4735m
2025-05-06 07:52:22,405 - INFO - Checkpoint saved at epoch 60
2025-05-06 07:52:22,752 - INFO - Epoch 61/125
2025-05-06 08:05:02,565 - INFO - Train Loss: 3.130742 ± 0.068345
2025-05-06 08:05:02,565 - INFO - Val Loss: 3.185360 ± 0.263055
2025-05-06 08:05:02,565 - INFO - Train Depth Trans Loss: 0.000000
2025-05-06 08:05:02,565 - INFO - Train GPS Trans Loss: 0.001519
2025-05-06 08:05:02,565 - INFO - Val Depth Trans Loss: 0.000000
2025-05-06 08:05:02,565 - INFO - Val GPS Trans Loss: 0.006622
2025-05-06 08:05:02,565 - INFO - ATE: 0.4649 ± 0.3069 m
2025-05-06 08:05:02,565 - INFO - RPE Trans: 0.0947 ± 0.0084 m
2025-05-06 08:05:02,565 - INFO - RPE Rot: 0.0152 ± 0.0021 rad
2025-05-06 08:05:02,828 - INFO - New best model saved with validation loss: 3.185360
2025-05-06 08:05:03,088 - INFO - New best ATE model saved with ATE: 0.4649m
2025-05-06 08:05:03,088 - INFO - Epoch 62/125
2025-05-06 08:17:22,479 - INFO - Train Loss: 3.130642 ± 0.070089
2025-05-06 08:17:22,479 - INFO - Val Loss: 3.194602 ± 0.273955
2025-05-06 08:17:22,479 - INFO - Train Depth Trans Loss: 0.000000
2025-05-06 08:17:22,479 - INFO - Train GPS Trans Loss: 0.001518
2025-05-06 08:17:22,479 - INFO - Val Depth Trans Loss: 0.000000
2025-05-06 08:17:22,479 - INFO - Val GPS Trans Loss: 0.007370
2025-05-06 08:17:22,479 - INFO - ATE: 0.4928 ± 0.3258 m
2025-05-06 08:17:22,479 - INFO - RPE Trans: 0.1001 ± 0.0081 m
2025-05-06 08:17:22,479 - INFO - RPE Rot: 0.0149 ± 0.0021 rad
2025-05-06 08:17:22,479 - INFO - Epoch 63/125
2025-05-06 08:30:13,510 - INFO - Train Loss: 3.130575 ± 0.066387
2025-05-06 08:30:13,510 - INFO - Val Loss: 3.188946 ± 0.266196
2025-05-06 08:30:13,510 - INFO - Train Depth Trans Loss: 0.000000
2025-05-06 08:30:13,510 - INFO - Train GPS Trans Loss: 0.001517
2025-05-06 08:30:13,510 - INFO - Val Depth Trans Loss: 0.000000
2025-05-06 08:30:13,510 - INFO - Val GPS Trans Loss: 0.006728
2025-05-06 08:30:13,510 - INFO - ATE: 0.4880 ± 0.3235 m
2025-05-06 08:30:13,510 - INFO - RPE Trans: 0.0992 ± 0.0083 m
2025-05-06 08:30:13,510 - INFO - RPE Rot: 0.0149 ± 0.0021 rad
2025-05-06 08:30:13,510 - INFO - Epoch 64/125
2025-05-06 08:42:59,934 - INFO - Train Loss: 3.130592 ± 0.066841
2025-05-06 08:42:59,934 - INFO - Val Loss: 3.188657 ± 0.264813
2025-05-06 08:42:59,934 - INFO - Train Depth Trans Loss: 0.000000
2025-05-06 08:42:59,934 - INFO - Train GPS Trans Loss: 0.001523
2025-05-06 08:42:59,934 - INFO - Val Depth Trans Loss: 0.000000
2025-05-06 08:42:59,934 - INFO - Val GPS Trans Loss: 0.006856
2025-05-06 08:42:59,934 - INFO - ATE: 0.4904 ± 0.3249 m
2025-05-06 08:42:59,934 - INFO - RPE Trans: 0.0996 ± 0.0079 m
2025-05-06 08:42:59,934 - INFO - RPE Rot: 0.0148 ± 0.0022 rad
2025-05-06 08:42:59,934 - INFO - Epoch 65/125
2025-05-06 08:55:18,939 - INFO - Train Loss: 3.130544 ± 0.067057
2025-05-06 08:55:18,939 - INFO - Val Loss: 3.197584 ± 0.273965
2025-05-06 08:55:18,939 - INFO - Train Depth Trans Loss: 0.000000
2025-05-06 08:55:18,939 - INFO - Train GPS Trans Loss: 0.001516
2025-05-06 08:55:18,939 - INFO - Val Depth Trans Loss: 0.000000
2025-05-06 08:55:18,939 - INFO - Val GPS Trans Loss: 0.007531
2025-05-06 08:55:18,939 - INFO - ATE: 0.5024 ± 0.3316 m
2025-05-06 08:55:18,939 - INFO - RPE Trans: 0.1020 ± 0.0086 m
2025-05-06 08:55:18,939 - INFO - RPE Rot: 0.0157 ± 0.0021 rad
2025-05-06 08:55:18,939 - INFO - Epoch 66/125
2025-05-06 09:07:47,155 - INFO - Train Loss: 3.130414 ± 0.068485
2025-05-06 09:07:47,155 - INFO - Val Loss: 3.190152 ± 0.268179
2025-05-06 09:07:47,155 - INFO - Train Depth Trans Loss: 0.000000
2025-05-06 09:07:47,155 - INFO - Train GPS Trans Loss: 0.001505
2025-05-06 09:07:47,155 - INFO - Val Depth Trans Loss: 0.000000
2025-05-06 09:07:47,155 - INFO - Val GPS Trans Loss: 0.006759
2025-05-06 09:07:47,155 - INFO - ATE: 0.4853 ± 0.3217 m
2025-05-06 09:07:47,155 - INFO - RPE Trans: 0.0988 ± 0.0087 m
2025-05-06 09:07:47,156 - INFO - RPE Rot: 0.0151 ± 0.0021 rad
2025-05-06 09:07:47,156 - INFO - Epoch 67/125
2025-05-06 09:20:25,558 - INFO - Train Loss: 3.130409 ± 0.068561
2025-05-06 09:20:25,559 - INFO - Val Loss: 3.196514 ± 0.273400
2025-05-06 09:20:25,559 - INFO - Train Depth Trans Loss: 0.000000
2025-05-06 09:20:25,559 - INFO - Train GPS Trans Loss: 0.001507
2025-05-06 09:20:25,559 - INFO - Val Depth Trans Loss: 0.000000
2025-05-06 09:20:25,559 - INFO - Val GPS Trans Loss: 0.007427
2025-05-06 09:20:25,559 - INFO - ATE: 0.5040 ± 0.3325 m
2025-05-06 09:20:25,559 - INFO - RPE Trans: 0.1021 ± 0.0084 m
2025-05-06 09:20:25,559 - INFO - RPE Rot: 0.0154 ± 0.0021 rad
2025-05-06 09:20:25,559 - INFO - Epoch 68/125
2025-05-06 09:33:02,362 - INFO - Train Loss: 3.130123 ± 0.067404
2025-05-06 09:33:02,363 - INFO - Val Loss: 3.198924 ± 0.277334
2025-05-06 09:33:02,363 - INFO - Train Depth Trans Loss: 0.000000
2025-05-06 09:33:02,363 - INFO - Train GPS Trans Loss: 0.001496
2025-05-06 09:33:02,363 - INFO - Val Depth Trans Loss: 0.000000
2025-05-06 09:33:02,363 - INFO - Val GPS Trans Loss: 0.007628
2025-05-06 09:33:02,363 - INFO - ATE: 0.5044 ± 0.3332 m
2025-05-06 09:33:02,363 - INFO - RPE Trans: 0.1025 ± 0.0082 m
2025-05-06 09:33:02,363 - INFO - RPE Rot: 0.0155 ± 0.0021 rad
2025-05-06 09:33:02,363 - INFO - Epoch 69/125
2025-05-06 09:45:21,476 - INFO - Train Loss: 3.130097 ± 0.067980
2025-05-06 09:45:21,476 - INFO - Val Loss: 3.193983 ± 0.272391
2025-05-06 09:45:21,476 - INFO - Train Depth Trans Loss: 0.000000
2025-05-06 09:45:21,476 - INFO - Train GPS Trans Loss: 0.001492
2025-05-06 09:45:21,476 - INFO - Val Depth Trans Loss: 0.000000
2025-05-06 09:45:21,476 - INFO - Val GPS Trans Loss: 0.007299
2025-05-06 09:45:21,476 - INFO - ATE: 0.4961 ± 0.3289 m
2025-05-06 09:45:21,476 - INFO - RPE Trans: 0.1009 ± 0.0081 m
2025-05-06 09:45:21,476 - INFO - RPE Rot: 0.0148 ± 0.0021 rad
2025-05-06 09:45:21,476 - INFO - Epoch 70/125
2025-05-06 09:57:46,944 - INFO - Train Loss: 3.130013 ± 0.069468
2025-05-06 09:57:46,944 - INFO - Val Loss: 3.194832 ± 0.272468
2025-05-06 09:57:46,944 - INFO - Train Depth Trans Loss: 0.000000
2025-05-06 09:57:46,944 - INFO - Train GPS Trans Loss: 0.001490
2025-05-06 09:57:46,944 - INFO - Val Depth Trans Loss: 0.000000
2025-05-06 09:57:46,944 - INFO - Val GPS Trans Loss: 0.007176
2025-05-06 09:57:46,944 - INFO - ATE: 0.4897 ± 0.3248 m
2025-05-06 09:57:46,944 - INFO - RPE Trans: 0.1000 ± 0.0092 m
2025-05-06 09:57:46,945 - INFO - RPE Rot: 0.0163 ± 0.0021 rad
2025-05-06 09:57:47,154 - INFO - Checkpoint saved at epoch 70
2025-05-06 09:57:47,618 - INFO - Epoch 71/125
2025-05-06 10:10:34,943 - INFO - Train Loss: 3.130003 ± 0.066938
2025-05-06 10:10:34,943 - INFO - Val Loss: 3.195900 ± 0.272424
2025-05-06 10:10:34,943 - INFO - Train Depth Trans Loss: 0.000000
2025-05-06 10:10:34,943 - INFO - Train GPS Trans Loss: 0.001494
2025-05-06 10:10:34,943 - INFO - Val Depth Trans Loss: 0.000000
2025-05-06 10:10:34,943 - INFO - Val GPS Trans Loss: 0.007293
2025-05-06 10:10:34,943 - INFO - ATE: 0.4944 ± 0.3286 m
2025-05-06 10:10:34,943 - INFO - RPE Trans: 0.1013 ± 0.0096 m
2025-05-06 10:10:34,943 - INFO - RPE Rot: 0.0164 ± 0.0021 rad
2025-05-06 10:10:34,943 - INFO - Epoch 72/125
2025-05-06 10:23:02,107 - INFO - Train Loss: 3.130012 ± 0.066891
2025-05-06 10:23:02,107 - INFO - Val Loss: 3.192701 ± 0.269512
2025-05-06 10:23:02,107 - INFO - Train Depth Trans Loss: 0.000000
2025-05-06 10:23:02,107 - INFO - Train GPS Trans Loss: 0.001492
2025-05-06 10:23:02,107 - INFO - Val Depth Trans Loss: 0.000000
2025-05-06 10:23:02,107 - INFO - Val GPS Trans Loss: 0.006918
2025-05-06 10:23:02,107 - INFO - ATE: 0.4849 ± 0.3211 m
2025-05-06 10:23:02,107 - INFO - RPE Trans: 0.0990 ± 0.0090 m
2025-05-06 10:23:02,107 - INFO - RPE Rot: 0.0160 ± 0.0021 rad
2025-05-06 10:23:02,107 - INFO - Epoch 73/125
2025-05-06 10:47:35,178 - INFO - Epoch 1/125
