2025-05-01 19:33:37,201 - INFO - Epoch 1/200
2025-05-01 19:46:45,034 - INFO - IMU grad norm: 622.4213, Visual grad norm: 5096.0101, IMU/Visual ratio: 0.1221
2025-05-01 19:51:30,241 - INFO - Train Loss: 0.447553 ± 1.056170
2025-05-01 19:51:30,241 - INFO - Val Loss: 0.592201 ± 0.424059
2025-05-01 19:51:30,241 - INFO - Train Depth Trans Loss: 0.000000
2025-05-01 19:51:30,241 - INFO - Train GPS Trans Loss: 0.000000
2025-05-01 19:51:30,241 - INFO - Val Depth Trans Loss: 0.000000
2025-05-01 19:51:30,241 - INFO - Val GPS Trans Loss: 0.000000
2025-05-01 19:51:30,241 - INFO - ATE: 14.6355 ± 10.9406 m
2025-05-01 19:51:30,241 - INFO - RPE Trans: 5.8712 ± 0.0234 m
2025-05-01 19:51:30,241 - INFO - RPE Rot: 0.0734 ± 0.0008 rad
2025-05-01 19:51:30,414 - INFO - New best model saved with validation loss: 0.592201
2025-05-01 19:51:30,577 - INFO - New best ATE model saved with ATE: 14.6355m
2025-05-01 19:51:30,577 - INFO - Epoch 2/200
2025-05-01 20:04:44,957 - INFO - IMU grad norm: 12.8243, Visual grad norm: 3656.7815, IMU/Visual ratio: 0.0035
2025-05-01 20:09:35,540 - INFO - Train Loss: 0.077686 ± 0.031077
2025-05-01 20:09:35,541 - INFO - Val Loss: 0.625390 ± 0.419972
2025-05-01 20:09:35,541 - INFO - Train Depth Trans Loss: 0.000000
2025-05-01 20:09:35,541 - INFO - Train GPS Trans Loss: 0.000000
2025-05-01 20:09:35,541 - INFO - Val Depth Trans Loss: 0.000000
2025-05-01 20:09:35,541 - INFO - Val GPS Trans Loss: 0.000000
2025-05-01 20:09:35,541 - INFO - ATE: 14.7542 ± 11.0397 m
2025-05-01 20:09:35,541 - INFO - RPE Trans: 5.9040 ± 0.0305 m
2025-05-01 20:09:35,541 - INFO - RPE Rot: 0.0260 ± 0.0006 rad
2025-05-01 20:09:35,541 - INFO - Epoch 3/200
2025-05-01 20:22:58,704 - INFO - IMU grad norm: 20.5386, Visual grad norm: 2482.0110, IMU/Visual ratio: 0.0083
2025-05-01 20:27:58,853 - INFO - Train Loss: 0.040687 ± 0.014060
2025-05-01 20:27:58,854 - INFO - Val Loss: 0.601400 ± 0.436239
2025-05-01 20:27:58,854 - INFO - Train Depth Trans Loss: 0.000000
2025-05-01 20:27:58,854 - INFO - Train GPS Trans Loss: 0.000000
2025-05-01 20:27:58,854 - INFO - Val Depth Trans Loss: 0.000000
2025-05-01 20:27:58,854 - INFO - Val GPS Trans Loss: 0.000000
2025-05-01 20:27:58,854 - INFO - ATE: 25.2228 ± 18.8721 m
2025-05-01 20:27:58,854 - INFO - RPE Trans: 10.0913 ± 0.0621 m
2025-05-01 20:27:58,854 - INFO - RPE Rot: 0.0223 ± 0.0007 rad
2025-05-01 20:27:58,854 - INFO - Epoch 4/200
2025-05-01 20:41:20,993 - INFO - IMU grad norm: 17.3255, Visual grad norm: 2011.7173, IMU/Visual ratio: 0.0086
2025-05-01 20:46:06,482 - INFO - Train Loss: 0.028479 ± 0.009428
2025-05-01 20:46:06,482 - INFO - Val Loss: 0.678065 ± 0.437425
2025-05-01 20:46:06,482 - INFO - Train Depth Trans Loss: 0.000000
2025-05-01 20:46:06,482 - INFO - Train GPS Trans Loss: 0.000000
2025-05-01 20:46:06,483 - INFO - Val Depth Trans Loss: 0.000000
2025-05-01 20:46:06,483 - INFO - Val GPS Trans Loss: 0.000000
2025-05-01 20:46:06,483 - INFO - ATE: 33.5373 ± 25.0958 m
2025-05-01 20:46:06,483 - INFO - RPE Trans: 13.4162 ± 0.0981 m
2025-05-01 20:46:06,483 - INFO - RPE Rot: 0.0128 ± 0.0006 rad
2025-05-01 20:46:06,483 - INFO - Epoch 5/200
2025-05-01 20:59:23,662 - INFO - IMU grad norm: 17.0316, Visual grad norm: 1707.7769, IMU/Visual ratio: 0.0100
2025-05-01 21:04:14,876 - INFO - Train Loss: 0.022238 ± 0.006910
2025-05-01 21:04:14,876 - INFO - Val Loss: 0.676727 ± 0.438650
2025-05-01 21:04:14,876 - INFO - Train Depth Trans Loss: 0.000000
2025-05-01 21:04:14,876 - INFO - Train GPS Trans Loss: 0.000000
2025-05-01 21:04:14,876 - INFO - Val Depth Trans Loss: 0.000000
2025-05-01 21:04:14,876 - INFO - Val GPS Trans Loss: 0.000000
2025-05-01 21:04:14,876 - INFO - ATE: 23.7074 ± 17.7409 m
2025-05-01 21:04:14,876 - INFO - RPE Trans: 9.4833 ± 0.0820 m
2025-05-01 21:04:14,876 - INFO - RPE Rot: 0.0074 ± 0.0005 rad
2025-05-01 21:04:14,877 - INFO - Epoch 6/200
2025-05-01 21:17:10,400 - INFO - IMU grad norm: 20.4452, Visual grad norm: 1523.0297, IMU/Visual ratio: 0.0134
2025-05-01 21:22:02,367 - INFO - Train Loss: 0.018510 ± 0.005829
2025-05-01 21:22:02,367 - INFO - Val Loss: 0.635767 ± 0.430806
2025-05-01 21:22:02,367 - INFO - Train Depth Trans Loss: 0.000000
2025-05-01 21:22:02,367 - INFO - Train GPS Trans Loss: 0.000000
2025-05-01 21:22:02,367 - INFO - Val Depth Trans Loss: 0.000000
2025-05-01 21:22:02,367 - INFO - Val GPS Trans Loss: 0.000000
2025-05-01 21:22:02,367 - INFO - ATE: 14.5023 ± 10.8523 m
2025-05-01 21:22:02,367 - INFO - RPE Trans: 5.8010 ± 0.0566 m
2025-05-01 21:22:02,367 - INFO - RPE Rot: 0.0073 ± 0.0005 rad
2025-05-01 21:22:02,590 - INFO - New best ATE model saved with ATE: 14.5023m
2025-05-01 21:22:02,591 - INFO - Epoch 7/200
2025-05-01 21:34:57,254 - INFO - IMU grad norm: 26.2358, Visual grad norm: 1528.3042, IMU/Visual ratio: 0.0172
2025-05-01 21:39:38,877 - INFO - Train Loss: 0.016879 ± 0.005407
2025-05-01 21:39:38,877 - INFO - Val Loss: 0.695908 ± 0.440809
2025-05-01 21:39:38,877 - INFO - Train Depth Trans Loss: 0.000000
2025-05-01 21:39:38,877 - INFO - Train GPS Trans Loss: 0.000000
2025-05-01 21:39:38,877 - INFO - Val Depth Trans Loss: 0.000000
2025-05-01 21:39:38,877 - INFO - Val GPS Trans Loss: 0.000000
2025-05-01 21:39:38,877 - INFO - ATE: 7.9894 ± 5.9787 m
2025-05-01 21:39:38,877 - INFO - RPE Trans: 3.1958 ± 0.0371 m
2025-05-01 21:39:38,877 - INFO - RPE Rot: 0.0068 ± 0.0005 rad
2025-05-01 21:39:39,087 - INFO - New best ATE model saved with ATE: 7.9894m
2025-05-01 21:39:39,088 - INFO - Epoch 8/200
2025-05-01 21:52:57,160 - INFO - IMU grad norm: 25.5749, Visual grad norm: 1189.0369, IMU/Visual ratio: 0.0215
2025-05-01 21:57:41,632 - INFO - Train Loss: 0.011565 ± 0.003426
2025-05-01 21:57:41,633 - INFO - Val Loss: 0.657874 ± 0.433532
2025-05-01 21:57:41,633 - INFO - Train Depth Trans Loss: 0.000000
2025-05-01 21:57:41,633 - INFO - Train GPS Trans Loss: 0.000000
2025-05-01 21:57:41,633 - INFO - Val Depth Trans Loss: 0.000000
2025-05-01 21:57:41,633 - INFO - Val GPS Trans Loss: 0.000000
2025-05-01 21:57:41,633 - INFO - ATE: 4.6046 ± 3.4458 m
2025-05-01 21:57:41,633 - INFO - RPE Trans: 1.8419 ± 0.0229 m
2025-05-01 21:57:41,633 - INFO - RPE Rot: 0.0067 ± 0.0005 rad
2025-05-01 21:57:41,867 - INFO - New best ATE model saved with ATE: 4.6046m
2025-05-01 21:57:41,867 - INFO - Epoch 9/200
2025-05-01 22:10:58,400 - INFO - IMU grad norm: 31.9703, Visual grad norm: 1195.0332, IMU/Visual ratio: 0.0268
2025-05-01 22:15:41,504 - INFO - Train Loss: 0.010625 ± 0.002938
2025-05-01 22:15:41,504 - INFO - Val Loss: 0.648491 ± 0.428865
2025-05-01 22:15:41,504 - INFO - Train Depth Trans Loss: 0.000000
2025-05-01 22:15:41,504 - INFO - Train GPS Trans Loss: 0.000000
2025-05-01 22:15:41,504 - INFO - Val Depth Trans Loss: 0.000000
2025-05-01 22:15:41,505 - INFO - Val GPS Trans Loss: 0.000000
2025-05-01 22:15:41,505 - INFO - ATE: 2.9888 ± 2.2368 m
2025-05-01 22:15:41,505 - INFO - RPE Trans: 1.1957 ± 0.0144 m
2025-05-01 22:15:41,505 - INFO - RPE Rot: 0.0068 ± 0.0005 rad
2025-05-01 22:15:41,716 - INFO - New best ATE model saved with ATE: 2.9888m
2025-05-01 22:15:58,154 - INFO - Epoch 10/200
2025-05-01 22:29:16,922 - INFO - IMU grad norm: 38.8058, Visual grad norm: 1244.2299, IMU/Visual ratio: 0.0312
2025-05-01 22:34:03,310 - INFO - Train Loss: 0.010208 ± 0.003164
2025-05-01 22:34:03,310 - INFO - Val Loss: 0.678201 ± 0.426692
2025-05-01 22:34:03,310 - INFO - Train Depth Trans Loss: 0.000000
2025-05-01 22:34:03,310 - INFO - Train GPS Trans Loss: 0.000000
2025-05-01 22:34:03,310 - INFO - Val Depth Trans Loss: 0.000000
2025-05-01 22:34:03,310 - INFO - Val GPS Trans Loss: 0.000000
2025-05-01 22:34:03,310 - INFO - ATE: 2.1598 ± 1.6161 m
2025-05-01 22:34:03,310 - INFO - RPE Trans: 0.8639 ± 0.0103 m
2025-05-01 22:34:03,310 - INFO - RPE Rot: 0.0067 ± 0.0005 rad
2025-05-01 22:34:03,518 - INFO - New best ATE model saved with ATE: 2.1598m
2025-05-01 22:34:03,689 - INFO - Checkpoint saved at epoch 10
2025-05-01 22:34:05,700 - INFO - Epoch 11/200
2025-05-01 22:47:11,285 - INFO - IMU grad norm: 40.8262, Visual grad norm: 1222.9142, IMU/Visual ratio: 0.0334
2025-05-01 22:52:01,560 - INFO - Train Loss: 0.009415 ± 0.002500
2025-05-01 22:52:01,560 - INFO - Val Loss: 0.684719 ± 0.436894
2025-05-01 22:52:01,560 - INFO - Train Depth Trans Loss: 0.000000
2025-05-01 22:52:01,560 - INFO - Train GPS Trans Loss: 0.000000
2025-05-01 22:52:01,560 - INFO - Val Depth Trans Loss: 0.000000
2025-05-01 22:52:01,560 - INFO - Val GPS Trans Loss: 0.000000
2025-05-01 22:52:01,560 - INFO - ATE: 1.7028 ± 1.2741 m
2025-05-01 22:52:01,560 - INFO - RPE Trans: 0.6811 ± 0.0080 m
2025-05-01 22:52:01,560 - INFO - RPE Rot: 0.0068 ± 0.0005 rad
2025-05-01 22:52:01,788 - INFO - New best ATE model saved with ATE: 1.7028m
2025-05-01 22:52:01,788 - INFO - Epoch 12/200
2025-05-01 23:04:56,360 - INFO - IMU grad norm: 45.3120, Visual grad norm: 1271.3105, IMU/Visual ratio: 0.0356
2025-05-01 23:09:42,160 - INFO - Train Loss: 0.009162 ± 0.002351
2025-05-01 23:09:42,161 - INFO - Val Loss: 0.656552 ± 0.430018
2025-05-01 23:09:42,161 - INFO - Train Depth Trans Loss: 0.000000
2025-05-01 23:09:42,161 - INFO - Train GPS Trans Loss: 0.000000
2025-05-01 23:09:42,161 - INFO - Val Depth Trans Loss: 0.000000
2025-05-01 23:09:42,161 - INFO - Val GPS Trans Loss: 0.000000
2025-05-01 23:09:42,161 - INFO - ATE: 1.4147 ± 1.0586 m
2025-05-01 23:09:42,161 - INFO - RPE Trans: 0.5659 ± 0.0056 m
2025-05-01 23:09:42,161 - INFO - RPE Rot: 0.0067 ± 0.0005 rad
2025-05-01 23:09:42,382 - INFO - New best ATE model saved with ATE: 1.4147m
2025-05-01 23:09:42,382 - INFO - Epoch 13/200
2025-05-01 23:22:49,763 - INFO - IMU grad norm: 48.0640, Visual grad norm: 1280.3666, IMU/Visual ratio: 0.0375
2025-05-01 23:27:38,964 - INFO - Train Loss: 0.008676 ± 0.002340
2025-05-01 23:27:38,964 - INFO - Val Loss: 0.701192 ± 0.422621
2025-05-01 23:27:38,964 - INFO - Train Depth Trans Loss: 0.000000
2025-05-01 23:27:38,964 - INFO - Train GPS Trans Loss: 0.000000
2025-05-01 23:27:38,964 - INFO - Val Depth Trans Loss: 0.000000
2025-05-01 23:27:38,964 - INFO - Val GPS Trans Loss: 0.000000
2025-05-01 23:27:38,964 - INFO - ATE: 1.3324 ± 0.9970 m
2025-05-01 23:27:38,964 - INFO - RPE Trans: 0.5330 ± 0.0050 m
2025-05-01 23:27:38,964 - INFO - RPE Rot: 0.0068 ± 0.0005 rad
2025-05-01 23:27:39,190 - INFO - New best ATE model saved with ATE: 1.3324m
2025-05-01 23:27:39,190 - INFO - Epoch 14/200
2025-05-01 23:40:30,406 - INFO - IMU grad norm: 42.3466, Visual grad norm: 1081.2207, IMU/Visual ratio: 0.0392
2025-05-01 23:45:17,362 - INFO - Train Loss: 0.006728 ± 0.001670
2025-05-01 23:45:17,363 - INFO - Val Loss: 0.676459 ± 0.428791
2025-05-01 23:45:17,363 - INFO - Train Depth Trans Loss: 0.000000
2025-05-01 23:45:17,363 - INFO - Train GPS Trans Loss: 0.000000
2025-05-01 23:45:17,363 - INFO - Val Depth Trans Loss: 0.000000
2025-05-01 23:45:17,363 - INFO - Val GPS Trans Loss: 0.000000
2025-05-01 23:45:17,363 - INFO - ATE: 1.2176 ± 0.9110 m
2025-05-01 23:45:17,363 - INFO - RPE Trans: 0.4870 ± 0.0041 m
2025-05-01 23:45:17,363 - INFO - RPE Rot: 0.0067 ± 0.0005 rad
2025-05-01 23:45:17,591 - INFO - New best ATE model saved with ATE: 1.2176m
2025-05-01 23:45:17,592 - INFO - Epoch 15/200
2025-05-01 23:58:24,393 - INFO - IMU grad norm: 47.1768, Visual grad norm: 1097.0620, IMU/Visual ratio: 0.0430
2025-05-02 00:02:47,263 - INFO - Train Loss: 0.006457 ± 0.001609
2025-05-02 00:02:47,263 - INFO - Val Loss: 0.682764 ± 0.422322
2025-05-02 00:02:47,263 - INFO - Train Depth Trans Loss: 0.000000
2025-05-02 00:02:47,263 - INFO - Train GPS Trans Loss: 0.000000
2025-05-02 00:02:47,263 - INFO - Val Depth Trans Loss: 0.000000
2025-05-02 00:02:47,263 - INFO - Val GPS Trans Loss: 0.000000
2025-05-02 00:02:47,263 - INFO - ATE: 1.1641 ± 0.8710 m
2025-05-02 00:02:47,263 - INFO - RPE Trans: 0.4656 ± 0.0034 m
2025-05-02 00:02:47,263 - INFO - RPE Rot: 0.0066 ± 0.0005 rad
2025-05-02 00:02:47,488 - INFO - New best ATE model saved with ATE: 1.1641m
2025-05-02 00:02:47,489 - INFO - Epoch 16/200
2025-05-02 00:15:55,181 - INFO - IMU grad norm: 50.8909, Visual grad norm: 1131.6673, IMU/Visual ratio: 0.0450
2025-05-02 00:20:58,191 - INFO - Train Loss: 0.006245 ± 0.001466
2025-05-02 00:20:58,192 - INFO - Val Loss: 0.704000 ± 0.425931
2025-05-02 00:20:58,192 - INFO - Train Depth Trans Loss: 0.000000
2025-05-02 00:20:58,192 - INFO - Train GPS Trans Loss: 0.000000
2025-05-02 00:20:58,192 - INFO - Val Depth Trans Loss: 0.000000
2025-05-02 00:20:58,192 - INFO - Val GPS Trans Loss: 0.000000
2025-05-02 00:20:58,192 - INFO - ATE: 1.1507 ± 0.8609 m
2025-05-02 00:20:58,192 - INFO - RPE Trans: 0.4602 ± 0.0031 m
2025-05-02 00:20:58,192 - INFO - RPE Rot: 0.0067 ± 0.0005 rad
2025-05-02 00:20:58,410 - INFO - New best ATE model saved with ATE: 1.1507m
2025-05-02 00:20:58,411 - INFO - Epoch 17/200
2025-05-02 00:33:51,240 - INFO - IMU grad norm: 55.5531, Visual grad norm: 1155.0400, IMU/Visual ratio: 0.0481
2025-05-02 00:38:37,801 - INFO - Train Loss: 0.006170 ± 0.001547
2025-05-02 00:38:37,801 - INFO - Val Loss: 0.683376 ± 0.424091
2025-05-02 00:38:37,801 - INFO - Train Depth Trans Loss: 0.000000
2025-05-02 00:38:37,801 - INFO - Train GPS Trans Loss: 0.000000
2025-05-02 00:38:37,801 - INFO - Val Depth Trans Loss: 0.000000
2025-05-02 00:38:37,801 - INFO - Val GPS Trans Loss: 0.000000
2025-05-02 00:38:37,801 - INFO - ATE: 1.1132 ± 0.8329 m
2025-05-02 00:38:37,801 - INFO - RPE Trans: 0.4453 ± 0.0027 m
2025-05-02 00:38:37,801 - INFO - RPE Rot: 0.0066 ± 0.0005 rad
2025-05-02 00:38:38,028 - INFO - New best ATE model saved with ATE: 1.1132m
2025-05-02 00:38:38,028 - INFO - Epoch 18/200
2025-05-02 00:51:56,387 - INFO - IMU grad norm: 59.1066, Visual grad norm: 1175.1479, IMU/Visual ratio: 0.0503
2025-05-02 00:56:42,302 - INFO - Train Loss: 0.005921 ± 0.001406
2025-05-02 00:56:42,302 - INFO - Val Loss: 0.662772 ± 0.423969
2025-05-02 00:56:42,302 - INFO - Train Depth Trans Loss: 0.000000
2025-05-02 00:56:42,302 - INFO - Train GPS Trans Loss: 0.000000
2025-05-02 00:56:42,302 - INFO - Val Depth Trans Loss: 0.000000
2025-05-02 00:56:42,302 - INFO - Val GPS Trans Loss: 0.000000
2025-05-02 00:56:42,302 - INFO - ATE: 1.0871 ± 0.8134 m
2025-05-02 00:56:42,302 - INFO - RPE Trans: 0.4348 ± 0.0025 m
2025-05-02 00:56:42,302 - INFO - RPE Rot: 0.0066 ± 0.0005 rad
2025-05-02 00:56:42,535 - INFO - New best ATE model saved with ATE: 1.0871m
2025-05-02 00:56:42,536 - INFO - Epoch 19/200
2025-05-02 01:10:00,222 - INFO - IMU grad norm: 62.0654, Visual grad norm: 1175.7392, IMU/Visual ratio: 0.0528
2025-05-02 01:14:58,901 - INFO - Train Loss: 0.005761 ± 0.001351
2025-05-02 01:14:58,901 - INFO - Val Loss: 0.675245 ± 0.420609
2025-05-02 01:14:58,901 - INFO - Train Depth Trans Loss: 0.000000
2025-05-02 01:14:58,901 - INFO - Train GPS Trans Loss: 0.000000
2025-05-02 01:14:58,901 - INFO - Val Depth Trans Loss: 0.000000
2025-05-02 01:14:58,902 - INFO - Val GPS Trans Loss: 0.000000
2025-05-02 01:14:58,902 - INFO - ATE: 1.0811 ± 0.8089 m
2025-05-02 01:14:58,902 - INFO - RPE Trans: 0.4324 ± 0.0023 m
2025-05-02 01:14:58,902 - INFO - RPE Rot: 0.0066 ± 0.0005 rad
2025-05-02 01:14:59,126 - INFO - New best ATE model saved with ATE: 1.0811m
2025-05-02 01:14:59,126 - INFO - Epoch 20/200
2025-05-02 01:28:20,466 - INFO - IMU grad norm: 56.9261, Visual grad norm: 1077.3869, IMU/Visual ratio: 0.0528
2025-05-02 01:33:09,446 - INFO - Train Loss: 0.004938 ± 0.001476
2025-05-02 01:33:09,446 - INFO - Val Loss: 0.682178 ± 0.422519
2025-05-02 01:33:09,446 - INFO - Train Depth Trans Loss: 0.000000
2025-05-02 01:33:09,446 - INFO - Train GPS Trans Loss: 0.000000
2025-05-02 01:33:09,446 - INFO - Val Depth Trans Loss: 0.000000
2025-05-02 01:33:09,446 - INFO - Val GPS Trans Loss: 0.000000
2025-05-02 01:33:09,446 - INFO - ATE: 1.0773 ± 0.8060 m
2025-05-02 01:33:09,446 - INFO - RPE Trans: 0.4309 ± 0.0022 m
2025-05-02 01:33:09,446 - INFO - RPE Rot: 0.0066 ± 0.0005 rad
2025-05-02 01:33:09,655 - INFO - New best ATE model saved with ATE: 1.0773m
2025-05-02 01:33:09,852 - INFO - Checkpoint saved at epoch 20
2025-05-02 01:33:10,203 - INFO - Epoch 21/200
2025-05-02 01:46:24,436 - INFO - IMU grad norm: 58.2155, Visual grad norm: 1058.0438, IMU/Visual ratio: 0.0550
2025-05-02 01:51:14,948 - INFO - Train Loss: 0.004765 ± 0.001095
2025-05-02 01:51:14,948 - INFO - Val Loss: 0.687273 ± 0.423696
2025-05-02 01:51:14,948 - INFO - Train Depth Trans Loss: 0.000000
2025-05-02 01:51:14,948 - INFO - Train GPS Trans Loss: 0.000000
2025-05-02 01:51:14,948 - INFO - Val Depth Trans Loss: 0.000000
2025-05-02 01:51:14,948 - INFO - Val GPS Trans Loss: 0.000000
2025-05-02 01:51:14,948 - INFO - ATE: 1.0736 ± 0.8033 m
2025-05-02 01:51:14,948 - INFO - RPE Trans: 0.4294 ± 0.0021 m
2025-05-02 01:51:14,948 - INFO - RPE Rot: 0.0065 ± 0.0005 rad
2025-05-02 01:51:15,181 - INFO - New best ATE model saved with ATE: 1.0736m
2025-05-02 01:51:15,181 - INFO - Epoch 22/200
2025-05-02 02:04:35,253 - INFO - IMU grad norm: 61.1397, Visual grad norm: 1088.4203, IMU/Visual ratio: 0.0562
2025-05-02 02:09:26,062 - INFO - Train Loss: 0.004695 ± 0.001083
2025-05-02 02:09:26,062 - INFO - Val Loss: 0.676310 ± 0.422138
2025-05-02 02:09:26,062 - INFO - Train Depth Trans Loss: 0.000000
2025-05-02 02:09:26,062 - INFO - Train GPS Trans Loss: 0.000000
2025-05-02 02:09:26,062 - INFO - Val Depth Trans Loss: 0.000000
2025-05-02 02:09:26,062 - INFO - Val GPS Trans Loss: 0.000000
2025-05-02 02:09:26,062 - INFO - ATE: 1.0674 ± 0.7987 m
2025-05-02 02:09:26,062 - INFO - RPE Trans: 0.4269 ± 0.0020 m
2025-05-02 02:09:26,062 - INFO - RPE Rot: 0.0065 ± 0.0005 rad
2025-05-02 02:09:26,277 - INFO - New best ATE model saved with ATE: 1.0674m
2025-05-02 02:09:26,278 - INFO - Epoch 23/200
2025-05-02 02:22:21,288 - INFO - IMU grad norm: 64.5750, Visual grad norm: 1112.1558, IMU/Visual ratio: 0.0581
2025-05-02 02:27:11,619 - INFO - Train Loss: 0.004657 ± 0.001028
2025-05-02 02:27:11,619 - INFO - Val Loss: 0.680444 ± 0.423843
2025-05-02 02:27:11,619 - INFO - Train Depth Trans Loss: 0.000000
2025-05-02 02:27:11,619 - INFO - Train GPS Trans Loss: 0.000000
2025-05-02 02:27:11,619 - INFO - Val Depth Trans Loss: 0.000000
2025-05-02 02:27:11,619 - INFO - Val GPS Trans Loss: 0.000000
2025-05-02 02:27:11,619 - INFO - ATE: 1.0630 ± 0.7954 m
2025-05-02 02:27:11,619 - INFO - RPE Trans: 0.4252 ± 0.0020 m
2025-05-02 02:27:11,619 - INFO - RPE Rot: 0.0066 ± 0.0005 rad
2025-05-02 02:27:11,859 - INFO - New best ATE model saved with ATE: 1.0630m
2025-05-02 02:27:11,860 - INFO - Epoch 24/200
2025-05-02 02:40:05,202 - INFO - IMU grad norm: 66.9613, Visual grad norm: 1138.0799, IMU/Visual ratio: 0.0588
2025-05-02 02:45:01,360 - INFO - Train Loss: 0.004635 ± 0.001052
2025-05-02 02:45:01,360 - INFO - Val Loss: 0.689817 ± 0.427504
2025-05-02 02:45:01,360 - INFO - Train Depth Trans Loss: 0.000000
2025-05-02 02:45:01,360 - INFO - Train GPS Trans Loss: 0.000000
2025-05-02 02:45:01,360 - INFO - Val Depth Trans Loss: 0.000000
2025-05-02 02:45:01,360 - INFO - Val GPS Trans Loss: 0.000000
2025-05-02 02:45:01,361 - INFO - ATE: 1.0648 ± 0.7967 m
2025-05-02 02:45:01,361 - INFO - RPE Trans: 0.4259 ± 0.0019 m
2025-05-02 02:45:01,361 - INFO - RPE Rot: 0.0065 ± 0.0005 rad
2025-05-02 02:45:01,361 - INFO - Epoch 25/200
2025-05-02 02:57:57,085 - INFO - IMU grad norm: 68.8427, Visual grad norm: 1136.6524, IMU/Visual ratio: 0.0606
2025-05-02 03:02:36,517 - INFO - Train Loss: 0.004476 ± 0.001006
2025-05-02 03:02:36,517 - INFO - Val Loss: 0.686036 ± 0.422626
2025-05-02 03:02:36,517 - INFO - Train Depth Trans Loss: 0.000000
2025-05-02 03:02:36,517 - INFO - Train GPS Trans Loss: 0.000000
2025-05-02 03:02:36,517 - INFO - Val Depth Trans Loss: 0.000000
2025-05-02 03:02:36,517 - INFO - Val GPS Trans Loss: 0.000000
2025-05-02 03:02:36,517 - INFO - ATE: 1.0597 ± 0.7929 m
2025-05-02 03:02:36,517 - INFO - RPE Trans: 0.4238 ± 0.0019 m
2025-05-02 03:02:36,517 - INFO - RPE Rot: 0.0065 ± 0.0005 rad
2025-05-02 03:02:36,744 - INFO - New best ATE model saved with ATE: 1.0597m
2025-05-02 03:02:36,744 - INFO - Epoch 26/200
2025-05-02 03:16:00,549 - INFO - IMU grad norm: 65.3753, Visual grad norm: 1093.0374, IMU/Visual ratio: 0.0598
2025-05-02 03:20:59,016 - INFO - Train Loss: 0.004170 ± 0.000988
2025-05-02 03:20:59,017 - INFO - Val Loss: 0.693980 ± 0.422457
2025-05-02 03:20:59,017 - INFO - Train Depth Trans Loss: 0.000000
2025-05-02 03:20:59,017 - INFO - Train GPS Trans Loss: 0.000000
2025-05-02 03:20:59,017 - INFO - Val Depth Trans Loss: 0.000000
2025-05-02 03:20:59,017 - INFO - Val GPS Trans Loss: 0.000000
2025-05-02 03:20:59,017 - INFO - ATE: 1.0601 ± 0.7932 m
2025-05-02 03:20:59,017 - INFO - RPE Trans: 0.4240 ± 0.0018 m
2025-05-02 03:20:59,017 - INFO - RPE Rot: 0.0065 ± 0.0005 rad
2025-05-02 03:20:59,017 - INFO - Epoch 27/200
2025-05-02 03:33:54,115 - INFO - IMU grad norm: 64.9382, Visual grad norm: 1080.1124, IMU/Visual ratio: 0.0601
2025-05-02 03:38:37,941 - INFO - Train Loss: 0.004058 ± 0.000879
2025-05-02 03:38:37,941 - INFO - Val Loss: 0.681504 ± 0.422325
2025-05-02 03:38:37,941 - INFO - Train Depth Trans Loss: 0.000000
2025-05-02 03:38:37,941 - INFO - Train GPS Trans Loss: 0.000000
2025-05-02 03:38:37,941 - INFO - Val Depth Trans Loss: 0.000000
2025-05-02 03:38:37,941 - INFO - Val GPS Trans Loss: 0.000000
2025-05-02 03:38:37,941 - INFO - ATE: 1.0556 ± 0.7898 m
2025-05-02 03:38:37,941 - INFO - RPE Trans: 0.4222 ± 0.0018 m
2025-05-02 03:38:37,941 - INFO - RPE Rot: 0.0065 ± 0.0005 rad
2025-05-02 03:38:38,163 - INFO - New best ATE model saved with ATE: 1.0556m
2025-05-02 03:38:38,164 - INFO - Epoch 28/200
2025-05-02 03:51:33,320 - INFO - IMU grad norm: 68.4772, Visual grad norm: 1089.9769, IMU/Visual ratio: 0.0628
2025-05-02 03:56:19,149 - INFO - Train Loss: 0.003995 ± 0.000892
2025-05-02 03:56:19,149 - INFO - Val Loss: 0.673362 ± 0.420820
2025-05-02 03:56:19,149 - INFO - Train Depth Trans Loss: 0.000000
2025-05-02 03:56:19,149 - INFO - Train GPS Trans Loss: 0.000000
2025-05-02 03:56:19,149 - INFO - Val Depth Trans Loss: 0.000000
2025-05-02 03:56:19,149 - INFO - Val GPS Trans Loss: 0.000000
2025-05-02 03:56:19,149 - INFO - ATE: 1.0514 ± 0.7867 m
2025-05-02 03:56:19,150 - INFO - RPE Trans: 0.4206 ± 0.0018 m
2025-05-02 03:56:19,150 - INFO - RPE Rot: 0.0065 ± 0.0005 rad
2025-05-02 03:56:19,367 - INFO - New best ATE model saved with ATE: 1.0514m
2025-05-02 03:56:19,368 - INFO - Epoch 29/200
2025-05-02 04:09:39,765 - INFO - IMU grad norm: 70.6787, Visual grad norm: 1104.2561, IMU/Visual ratio: 0.0640
2025-05-02 04:14:27,940 - INFO - Train Loss: 0.003958 ± 0.000910
2025-05-02 04:14:27,941 - INFO - Val Loss: 0.685836 ± 0.421400
2025-05-02 04:14:27,941 - INFO - Train Depth Trans Loss: 0.000000
2025-05-02 04:14:27,941 - INFO - Train GPS Trans Loss: 0.000000
2025-05-02 04:14:27,941 - INFO - Val Depth Trans Loss: 0.000000
2025-05-02 04:14:27,941 - INFO - Val GPS Trans Loss: 0.000000
2025-05-02 04:14:27,941 - INFO - ATE: 1.0546 ± 0.7890 m
2025-05-02 04:14:27,941 - INFO - RPE Trans: 0.4218 ± 0.0017 m
2025-05-02 04:14:27,941 - INFO - RPE Rot: 0.0065 ± 0.0005 rad
2025-05-02 04:14:27,941 - INFO - Epoch 30/200
2025-05-02 04:27:47,616 - INFO - IMU grad norm: 70.8014, Visual grad norm: 1102.0726, IMU/Visual ratio: 0.0642
2025-05-02 04:32:39,502 - INFO - Train Loss: 0.003917 ± 0.000849
2025-05-02 04:32:39,502 - INFO - Val Loss: 0.684419 ± 0.424554
2025-05-02 04:32:39,502 - INFO - Train Depth Trans Loss: 0.000000
2025-05-02 04:32:39,502 - INFO - Train GPS Trans Loss: 0.000000
2025-05-02 04:32:39,502 - INFO - Val Depth Trans Loss: 0.000000
2025-05-02 04:32:39,502 - INFO - Val GPS Trans Loss: 0.000000
2025-05-02 04:32:39,502 - INFO - ATE: 1.0535 ± 0.7882 m
2025-05-02 04:32:39,502 - INFO - RPE Trans: 0.4214 ± 0.0018 m
2025-05-02 04:32:39,502 - INFO - RPE Rot: 0.0065 ± 0.0005 rad
2025-05-02 04:32:39,665 - INFO - Checkpoint saved at epoch 30
2025-05-02 04:32:40,003 - INFO - Epoch 31/200
2025-05-02 04:45:45,490 - INFO - IMU grad norm: 73.3832, Visual grad norm: 1107.0023, IMU/Visual ratio: 0.0663
2025-05-02 04:50:36,732 - INFO - Train Loss: 0.003855 ± 0.000861
2025-05-02 04:50:36,732 - INFO - Val Loss: 0.693640 ± 0.422138
2025-05-02 04:50:36,732 - INFO - Train Depth Trans Loss: 0.000000
2025-05-02 04:50:36,732 - INFO - Train GPS Trans Loss: 0.000000
2025-05-02 04:50:36,732 - INFO - Val Depth Trans Loss: 0.000000
2025-05-02 04:50:36,732 - INFO - Val GPS Trans Loss: 0.000000
2025-05-02 04:50:36,732 - INFO - ATE: 1.0528 ± 0.7878 m
2025-05-02 04:50:36,732 - INFO - RPE Trans: 0.4211 ± 0.0017 m
2025-05-02 04:50:36,732 - INFO - RPE Rot: 0.0065 ± 0.0005 rad
2025-05-02 04:50:36,732 - INFO - Epoch 32/200
2025-05-02 05:03:32,239 - INFO - IMU grad norm: 68.8306, Visual grad norm: 1061.8807, IMU/Visual ratio: 0.0648
2025-05-02 05:08:19,733 - INFO - Train Loss: 0.003685 ± 0.000784
2025-05-02 05:08:19,734 - INFO - Val Loss: 0.683604 ± 0.424724
2025-05-02 05:08:19,734 - INFO - Train Depth Trans Loss: 0.000000
2025-05-02 05:08:19,734 - INFO - Train GPS Trans Loss: 0.000000
2025-05-02 05:08:19,734 - INFO - Val Depth Trans Loss: 0.000000
2025-05-02 05:08:19,734 - INFO - Val GPS Trans Loss: 0.000000
2025-05-02 05:08:19,734 - INFO - ATE: 1.0510 ± 0.7864 m
2025-05-02 05:08:19,734 - INFO - RPE Trans: 0.4204 ± 0.0017 m
2025-05-02 05:08:19,734 - INFO - RPE Rot: 0.0065 ± 0.0005 rad
2025-05-02 05:08:19,970 - INFO - New best ATE model saved with ATE: 1.0510m
2025-05-02 05:08:19,970 - INFO - Epoch 33/200
2025-05-02 05:21:14,885 - INFO - IMU grad norm: 70.1359, Visual grad norm: 1084.0884, IMU/Visual ratio: 0.0647
2025-05-02 05:26:03,501 - INFO - Train Loss: 0.003685 ± 0.000833
2025-05-02 05:26:03,502 - INFO - Val Loss: 0.674348 ± 0.422466
2025-05-02 05:26:03,502 - INFO - Train Depth Trans Loss: 0.000000
2025-05-02 05:26:03,502 - INFO - Train GPS Trans Loss: 0.000000
2025-05-02 05:26:03,502 - INFO - Val Depth Trans Loss: 0.000000
2025-05-02 05:26:03,502 - INFO - Val GPS Trans Loss: 0.000000
2025-05-02 05:26:03,502 - INFO - ATE: 1.0485 ± 0.7845 m
2025-05-02 05:26:03,502 - INFO - RPE Trans: 0.4194 ± 0.0017 m
2025-05-02 05:26:03,502 - INFO - RPE Rot: 0.0065 ± 0.0005 rad
2025-05-02 05:26:03,719 - INFO - New best ATE model saved with ATE: 1.0485m
2025-05-02 05:26:03,720 - INFO - Epoch 34/200
2025-05-02 05:38:56,386 - INFO - IMU grad norm: 70.1788, Visual grad norm: 1097.0490, IMU/Visual ratio: 0.0640
2025-05-02 05:43:58,369 - INFO - Train Loss: 0.003648 ± 0.000805
2025-05-02 05:43:58,369 - INFO - Val Loss: 0.690026 ± 0.420901
2025-05-02 05:43:58,369 - INFO - Train Depth Trans Loss: 0.000000
2025-05-02 05:43:58,369 - INFO - Train GPS Trans Loss: 0.000000
2025-05-02 05:43:58,369 - INFO - Val Depth Trans Loss: 0.000000
2025-05-02 05:43:58,369 - INFO - Val GPS Trans Loss: 0.000000
2025-05-02 05:43:58,369 - INFO - ATE: 1.0514 ± 0.7867 m
2025-05-02 05:43:58,369 - INFO - RPE Trans: 0.4205 ± 0.0017 m
2025-05-02 05:43:58,369 - INFO - RPE Rot: 0.0065 ± 0.0005 rad
2025-05-02 05:43:58,369 - INFO - Epoch 35/200
2025-05-02 05:57:04,399 - INFO - IMU grad norm: 72.5559, Visual grad norm: 1093.4483, IMU/Visual ratio: 0.0664
2025-05-02 06:02:00,936 - INFO - Train Loss: 0.003596 ± 0.000756
2025-05-02 06:02:00,937 - INFO - Val Loss: 0.682027 ± 0.419021
2025-05-02 06:02:00,937 - INFO - Train Depth Trans Loss: 0.000000
2025-05-02 06:02:00,937 - INFO - Train GPS Trans Loss: 0.000000
2025-05-02 06:02:00,937 - INFO - Val Depth Trans Loss: 0.000000
2025-05-02 06:02:00,937 - INFO - Val GPS Trans Loss: 0.000000
2025-05-02 06:02:00,937 - INFO - ATE: 1.0498 ± 0.7855 m
2025-05-02 06:02:00,937 - INFO - RPE Trans: 0.4199 ± 0.0017 m
2025-05-02 06:02:00,937 - INFO - RPE Rot: 0.0065 ± 0.0005 rad
2025-05-02 06:02:00,937 - INFO - Epoch 36/200
2025-05-02 06:14:54,771 - INFO - IMU grad norm: 71.5003, Visual grad norm: 1087.1543, IMU/Visual ratio: 0.0658
2025-05-02 06:19:58,213 - INFO - Train Loss: 0.003533 ± 0.000758
2025-05-02 06:19:58,214 - INFO - Val Loss: 0.682179 ± 0.421449
2025-05-02 06:19:58,214 - INFO - Train Depth Trans Loss: 0.000000
2025-05-02 06:19:58,214 - INFO - Train GPS Trans Loss: 0.000000
2025-05-02 06:19:58,214 - INFO - Val Depth Trans Loss: 0.000000
2025-05-02 06:19:58,214 - INFO - Val GPS Trans Loss: 0.000000
2025-05-02 06:19:58,214 - INFO - ATE: 1.0481 ± 0.7843 m
2025-05-02 06:19:58,214 - INFO - RPE Trans: 0.4192 ± 0.0017 m
2025-05-02 06:19:58,214 - INFO - RPE Rot: 0.0065 ± 0.0005 rad
2025-05-02 06:19:58,447 - INFO - New best ATE model saved with ATE: 1.0481m
2025-05-02 06:19:58,447 - INFO - Epoch 37/200
2025-05-02 06:32:51,511 - INFO - IMU grad norm: 73.0435, Visual grad norm: 1104.2471, IMU/Visual ratio: 0.0661
2025-05-02 06:37:58,224 - INFO - Train Loss: 0.003580 ± 0.000822
2025-05-02 06:37:58,225 - INFO - Val Loss: 0.679157 ± 0.420705
2025-05-02 06:37:58,225 - INFO - Train Depth Trans Loss: 0.000000
2025-05-02 06:37:58,225 - INFO - Train GPS Trans Loss: 0.000000
2025-05-02 06:37:58,225 - INFO - Val Depth Trans Loss: 0.000000
2025-05-02 06:37:58,225 - INFO - Val GPS Trans Loss: 0.000000
2025-05-02 06:37:58,225 - INFO - ATE: 1.0473 ± 0.7836 m
2025-05-02 06:37:58,225 - INFO - RPE Trans: 0.4189 ± 0.0017 m
2025-05-02 06:37:58,225 - INFO - RPE Rot: 0.0065 ± 0.0005 rad
2025-05-02 06:37:58,465 - INFO - New best ATE model saved with ATE: 1.0473m
2025-05-02 06:37:58,465 - INFO - Epoch 38/200
2025-05-02 06:50:51,956 - INFO - IMU grad norm: 70.5348, Visual grad norm: 1084.7355, IMU/Visual ratio: 0.0650
2025-05-02 06:55:37,784 - INFO - Train Loss: 0.003475 ± 0.000700
2025-05-02 06:55:37,784 - INFO - Val Loss: 0.685710 ± 0.421086
2025-05-02 06:55:37,785 - INFO - Train Depth Trans Loss: 0.000000
2025-05-02 06:55:37,785 - INFO - Train GPS Trans Loss: 0.000000
2025-05-02 06:55:37,785 - INFO - Val Depth Trans Loss: 0.000000
2025-05-02 06:55:37,785 - INFO - Val GPS Trans Loss: 0.000000
2025-05-02 06:55:37,785 - INFO - ATE: 1.0493 ± 0.7851 m
2025-05-02 06:55:37,785 - INFO - RPE Trans: 0.4197 ± 0.0017 m
2025-05-02 06:55:37,785 - INFO - RPE Rot: 0.0065 ± 0.0005 rad
2025-05-02 06:55:37,785 - INFO - Epoch 39/200
2025-05-02 07:08:40,907 - INFO - IMU grad norm: 70.3321, Visual grad norm: 1070.4720, IMU/Visual ratio: 0.0657
2025-05-02 07:13:29,652 - INFO - Train Loss: 0.003435 ± 0.000734
2025-05-02 07:13:29,652 - INFO - Val Loss: 0.676952 ± 0.422554
2025-05-02 07:13:29,652 - INFO - Train Depth Trans Loss: 0.000000
2025-05-02 07:13:29,652 - INFO - Train GPS Trans Loss: 0.000000
2025-05-02 07:13:29,653 - INFO - Val Depth Trans Loss: 0.000000
2025-05-02 07:13:29,653 - INFO - Val GPS Trans Loss: 0.000000
2025-05-02 07:13:29,653 - INFO - ATE: 1.0467 ± 0.7832 m
2025-05-02 07:13:29,653 - INFO - RPE Trans: 0.4187 ± 0.0017 m
2025-05-02 07:13:29,653 - INFO - RPE Rot: 0.0065 ± 0.0005 rad
2025-05-02 07:13:29,872 - INFO - New best ATE model saved with ATE: 1.0467m
2025-05-02 07:13:29,873 - INFO - Epoch 40/200
2025-05-02 07:26:22,184 - INFO - IMU grad norm: 70.5123, Visual grad norm: 1071.6023, IMU/Visual ratio: 0.0658
2025-05-02 07:31:13,519 - INFO - Train Loss: 0.003420 ± 0.000710
2025-05-02 07:31:13,519 - INFO - Val Loss: 0.681196 ± 0.421271
2025-05-02 07:31:13,519 - INFO - Train Depth Trans Loss: 0.000000
2025-05-02 07:31:13,519 - INFO - Train GPS Trans Loss: 0.000000
2025-05-02 07:31:13,519 - INFO - Val Depth Trans Loss: 0.000000
2025-05-02 07:31:13,519 - INFO - Val GPS Trans Loss: 0.000000
2025-05-02 07:31:13,520 - INFO - ATE: 1.0472 ± 0.7836 m
2025-05-02 07:31:13,520 - INFO - RPE Trans: 0.4189 ± 0.0016 m
2025-05-02 07:31:13,520 - INFO - RPE Rot: 0.0065 ± 0.0005 rad
2025-05-02 07:31:13,682 - INFO - Checkpoint saved at epoch 40
2025-05-02 07:31:14,038 - INFO - Epoch 41/200
2025-05-02 07:44:17,717 - INFO - IMU grad norm: 72.4274, Visual grad norm: 1094.1811, IMU/Visual ratio: 0.0662
2025-05-02 07:49:03,420 - INFO - Train Loss: 0.003448 ± 0.000736
2025-05-02 07:49:03,420 - INFO - Val Loss: 0.684757 ± 0.420247
2025-05-02 07:49:03,420 - INFO - Train Depth Trans Loss: 0.000000
2025-05-02 07:49:03,420 - INFO - Train GPS Trans Loss: 0.000000
2025-05-02 07:49:03,420 - INFO - Val Depth Trans Loss: 0.000000
2025-05-02 07:49:03,420 - INFO - Val GPS Trans Loss: 0.000000
2025-05-02 07:49:03,420 - INFO - ATE: 1.0482 ± 0.7843 m
2025-05-02 07:49:03,420 - INFO - RPE Trans: 0.4192 ± 0.0017 m
2025-05-02 07:49:03,420 - INFO - RPE Rot: 0.0065 ± 0.0005 rad
2025-05-02 07:49:03,420 - INFO - Epoch 42/200
2025-05-02 08:02:24,577 - INFO - IMU grad norm: 72.1635, Visual grad norm: 1084.0684, IMU/Visual ratio: 0.0666
2025-05-02 08:07:10,749 - INFO - Train Loss: 0.003407 ± 0.000707
2025-05-02 08:07:10,749 - INFO - Val Loss: 0.680580 ± 0.424701
2025-05-02 08:07:10,749 - INFO - Train Depth Trans Loss: 0.000000
2025-05-02 08:07:10,749 - INFO - Train GPS Trans Loss: 0.000000
2025-05-02 08:07:10,749 - INFO - Val Depth Trans Loss: 0.000000
2025-05-02 08:07:10,749 - INFO - Val GPS Trans Loss: 0.000000
2025-05-02 08:07:10,749 - INFO - ATE: 1.0471 ± 0.7835 m
2025-05-02 08:07:10,749 - INFO - RPE Trans: 0.4188 ± 0.0016 m
2025-05-02 08:07:10,749 - INFO - RPE Rot: 0.0065 ± 0.0005 rad
2025-05-02 08:07:10,749 - INFO - Epoch 43/200
2025-05-02 08:20:04,606 - INFO - IMU grad norm: 73.0211, Visual grad norm: 1088.0513, IMU/Visual ratio: 0.0671
2025-05-02 08:25:01,385 - INFO - Train Loss: 0.003413 ± 0.000723
2025-05-02 08:25:01,385 - INFO - Val Loss: 0.678487 ± 0.423400
2025-05-02 08:25:01,385 - INFO - Train Depth Trans Loss: 0.000000
2025-05-02 08:25:01,385 - INFO - Train GPS Trans Loss: 0.000000
2025-05-02 08:25:01,385 - INFO - Val Depth Trans Loss: 0.000000
2025-05-02 08:25:01,385 - INFO - Val GPS Trans Loss: 0.000000
2025-05-02 08:25:01,385 - INFO - ATE: 1.0471 ± 0.7835 m
2025-05-02 08:25:01,385 - INFO - RPE Trans: 0.4188 ± 0.0017 m
2025-05-02 08:25:01,385 - INFO - RPE Rot: 0.0065 ± 0.0005 rad
2025-05-02 08:25:01,385 - INFO - Epoch 44/200
2025-05-02 08:37:51,364 - INFO - IMU grad norm: 70.7960, Visual grad norm: 1078.4242, IMU/Visual ratio: 0.0656
2025-05-02 08:42:36,028 - INFO - Train Loss: 0.003354 ± 0.000686
2025-05-02 08:42:36,028 - INFO - Val Loss: 0.680440 ± 0.421576
2025-05-02 08:42:36,028 - INFO - Train Depth Trans Loss: 0.000000
2025-05-02 08:42:36,028 - INFO - Train GPS Trans Loss: 0.000000
2025-05-02 08:42:36,029 - INFO - Val Depth Trans Loss: 0.000000
2025-05-02 08:42:36,029 - INFO - Val GPS Trans Loss: 0.000000
2025-05-02 08:42:36,029 - INFO - ATE: 1.0470 ± 0.7834 m
2025-05-02 08:42:36,029 - INFO - RPE Trans: 0.4188 ± 0.0017 m
2025-05-02 08:42:36,029 - INFO - RPE Rot: 0.0065 ± 0.0005 rad
2025-05-02 08:42:36,029 - INFO - Epoch 45/200
2025-05-02 08:55:30,315 - INFO - IMU grad norm: 72.8573, Visual grad norm: 1089.5767, IMU/Visual ratio: 0.0669
2025-05-02 09:00:17,227 - INFO - Train Loss: 0.003349 ± 0.000669
2025-05-02 09:00:17,227 - INFO - Val Loss: 0.684582 ± 0.421721
2025-05-02 09:00:17,227 - INFO - Train Depth Trans Loss: 0.000000
2025-05-02 09:00:17,227 - INFO - Train GPS Trans Loss: 0.000000
2025-05-02 09:00:17,227 - INFO - Val Depth Trans Loss: 0.000000
2025-05-02 09:00:17,227 - INFO - Val GPS Trans Loss: 0.000000
2025-05-02 09:00:17,227 - INFO - ATE: 1.0475 ± 0.7838 m
2025-05-02 09:00:17,227 - INFO - RPE Trans: 0.4190 ± 0.0017 m
2025-05-02 09:00:17,228 - INFO - RPE Rot: 0.0065 ± 0.0005 rad
2025-05-02 09:00:17,228 - INFO - Epoch 46/200
2025-05-02 09:13:36,983 - INFO - IMU grad norm: 71.6696, Visual grad norm: 1070.7476, IMU/Visual ratio: 0.0669
2025-05-02 09:18:22,301 - INFO - Train Loss: 0.003331 ± 0.000716
2025-05-02 09:18:22,301 - INFO - Val Loss: 0.685187 ± 0.422181
2025-05-02 09:18:22,301 - INFO - Train Depth Trans Loss: 0.000000
2025-05-02 09:18:22,301 - INFO - Train GPS Trans Loss: 0.000000
2025-05-02 09:18:22,301 - INFO - Val Depth Trans Loss: 0.000000
2025-05-02 09:18:22,301 - INFO - Val GPS Trans Loss: 0.000000
2025-05-02 09:18:22,301 - INFO - ATE: 1.0474 ± 0.7837 m
2025-05-02 09:18:22,301 - INFO - RPE Trans: 0.4189 ± 0.0016 m
2025-05-02 09:18:22,301 - INFO - RPE Rot: 0.0065 ± 0.0005 rad
2025-05-02 09:18:22,301 - INFO - Epoch 47/200
2025-05-02 09:31:30,437 - INFO - IMU grad norm: 72.4670, Visual grad norm: 1093.6539, IMU/Visual ratio: 0.0663
2025-05-02 09:36:17,273 - INFO - Train Loss: 0.003371 ± 0.000703
2025-05-02 09:36:17,273 - INFO - Val Loss: 0.686318 ± 0.420127
2025-05-02 09:36:17,273 - INFO - Train Depth Trans Loss: 0.000000
2025-05-02 09:36:17,273 - INFO - Train GPS Trans Loss: 0.000000
2025-05-02 09:36:17,273 - INFO - Val Depth Trans Loss: 0.000000
2025-05-02 09:36:17,273 - INFO - Val GPS Trans Loss: 0.000000
2025-05-02 09:36:17,273 - INFO - ATE: 1.0474 ± 0.7837 m
2025-05-02 09:36:17,273 - INFO - RPE Trans: 0.4189 ± 0.0016 m
2025-05-02 09:36:17,273 - INFO - RPE Rot: 0.0065 ± 0.0005 rad
2025-05-02 09:36:17,273 - INFO - Epoch 48/200
2025-05-02 09:49:35,582 - INFO - IMU grad norm: 72.8761, Visual grad norm: 1083.2987, IMU/Visual ratio: 0.0673
2025-05-02 09:54:25,059 - INFO - Train Loss: 0.003319 ± 0.000687
2025-05-02 09:54:25,059 - INFO - Val Loss: 0.687159 ± 0.422564
2025-05-02 09:54:25,059 - INFO - Train Depth Trans Loss: 0.000000
2025-05-02 09:54:25,059 - INFO - Train GPS Trans Loss: 0.000000
2025-05-02 09:54:25,059 - INFO - Val Depth Trans Loss: 0.000000
2025-05-02 09:54:25,059 - INFO - Val GPS Trans Loss: 0.000000
2025-05-02 09:54:25,059 - INFO - ATE: 1.0479 ± 0.7841 m
2025-05-02 09:54:25,060 - INFO - RPE Trans: 0.4191 ± 0.0016 m
2025-05-02 09:54:25,060 - INFO - RPE Rot: 0.0065 ± 0.0005 rad
2025-05-02 09:54:25,060 - INFO - Epoch 49/200
2025-05-02 10:07:20,217 - INFO - IMU grad norm: 72.1101, Visual grad norm: 1078.8772, IMU/Visual ratio: 0.0668
2025-05-02 10:12:04,756 - INFO - Train Loss: 0.003302 ± 0.000673
2025-05-02 10:12:04,757 - INFO - Val Loss: 0.687568 ± 0.421827
2025-05-02 10:12:04,757 - INFO - Train Depth Trans Loss: 0.000000
2025-05-02 10:12:04,757 - INFO - Train GPS Trans Loss: 0.000000
2025-05-02 10:12:04,757 - INFO - Val Depth Trans Loss: 0.000000
2025-05-02 10:12:04,757 - INFO - Val GPS Trans Loss: 0.000000
2025-05-02 10:12:04,757 - INFO - ATE: 1.0479 ± 0.7840 m
2025-05-02 10:12:04,757 - INFO - RPE Trans: 0.4191 ± 0.0016 m
2025-05-02 10:12:04,757 - INFO - RPE Rot: 0.0065 ± 0.0005 rad
2025-05-02 10:12:04,757 - INFO - Epoch 50/200
2025-05-02 10:25:22,442 - INFO - IMU grad norm: 72.7837, Visual grad norm: 1087.1492, IMU/Visual ratio: 0.0669
2025-05-02 10:30:09,236 - INFO - Train Loss: 0.003328 ± 0.000714
2025-05-02 10:30:09,236 - INFO - Val Loss: 0.687493 ± 0.421648
2025-05-02 10:30:09,236 - INFO - Train Depth Trans Loss: 0.000000
2025-05-02 10:30:09,236 - INFO - Train GPS Trans Loss: 0.000000
2025-05-02 10:30:09,236 - INFO - Val Depth Trans Loss: 0.000000
2025-05-02 10:30:09,236 - INFO - Val GPS Trans Loss: 0.000000
2025-05-02 10:30:09,236 - INFO - ATE: 1.0474 ± 0.7837 m
2025-05-02 10:30:09,236 - INFO - RPE Trans: 0.4189 ± 0.0016 m
2025-05-02 10:30:09,236 - INFO - RPE Rot: 0.0065 ± 0.0005 rad
2025-05-02 10:30:09,400 - INFO - Checkpoint saved at epoch 50
2025-05-02 10:30:09,735 - INFO - Epoch 51/200
2025-05-02 10:43:18,261 - INFO - IMU grad norm: 73.5094, Visual grad norm: 1088.2380, IMU/Visual ratio: 0.0675
2025-05-02 10:48:09,047 - INFO - Train Loss: 0.003304 ± 0.000707
2025-05-02 10:48:09,047 - INFO - Val Loss: 0.690875 ± 0.420556
2025-05-02 10:48:09,047 - INFO - Train Depth Trans Loss: 0.000000
2025-05-02 10:48:09,047 - INFO - Train GPS Trans Loss: 0.000000
2025-05-02 10:48:09,047 - INFO - Val Depth Trans Loss: 0.000000
2025-05-02 10:48:09,047 - INFO - Val GPS Trans Loss: 0.000000
2025-05-02 10:48:09,047 - INFO - ATE: 1.0478 ± 0.7840 m
2025-05-02 10:48:09,047 - INFO - RPE Trans: 0.4191 ± 0.0016 m
2025-05-02 10:48:09,047 - INFO - RPE Rot: 0.0065 ± 0.0005 rad
2025-05-02 10:48:09,047 - INFO - Epoch 52/200
2025-05-02 11:01:28,741 - INFO - IMU grad norm: 73.6294, Visual grad norm: 1088.8928, IMU/Visual ratio: 0.0676
2025-05-02 11:06:20,858 - INFO - Train Loss: 0.003318 ± 0.000669
2025-05-02 11:06:20,858 - INFO - Val Loss: 0.687121 ± 0.422484
2025-05-02 11:06:20,858 - INFO - Train Depth Trans Loss: 0.000000
2025-05-02 11:06:20,858 - INFO - Train GPS Trans Loss: 0.000000
2025-05-02 11:06:20,858 - INFO - Val Depth Trans Loss: 0.000000
2025-05-02 11:06:20,858 - INFO - Val GPS Trans Loss: 0.000000
2025-05-02 11:06:20,858 - INFO - ATE: 1.0473 ± 0.7836 m
2025-05-02 11:06:20,858 - INFO - RPE Trans: 0.4189 ± 0.0016 m
2025-05-02 11:06:20,858 - INFO - RPE Rot: 0.0065 ± 0.0005 rad
2025-05-02 11:06:20,858 - INFO - Epoch 53/200
2025-05-02 11:19:42,665 - INFO - IMU grad norm: 72.6316, Visual grad norm: 1089.8478, IMU/Visual ratio: 0.0666
2025-05-02 11:24:34,064 - INFO - Train Loss: 0.003323 ± 0.000711
2025-05-02 11:24:34,064 - INFO - Val Loss: 0.690122 ± 0.420793
2025-05-02 11:24:34,064 - INFO - Train Depth Trans Loss: 0.000000
2025-05-02 11:24:34,064 - INFO - Train GPS Trans Loss: 0.000000
2025-05-02 11:24:34,064 - INFO - Val Depth Trans Loss: 0.000000
2025-05-02 11:24:34,064 - INFO - Val GPS Trans Loss: 0.000000
2025-05-02 11:24:34,064 - INFO - ATE: 1.0479 ± 0.7841 m
2025-05-02 11:24:34,064 - INFO - RPE Trans: 0.4191 ± 0.0016 m
2025-05-02 11:24:34,064 - INFO - RPE Rot: 0.0065 ± 0.0005 rad
2025-05-02 11:24:34,064 - INFO - Epoch 54/200
2025-05-02 11:37:24,696 - INFO - IMU grad norm: 71.8076, Visual grad norm: 1078.8332, IMU/Visual ratio: 0.0666
2025-05-02 11:42:14,081 - INFO - Train Loss: 0.003262 ± 0.000685
2025-05-02 11:42:14,082 - INFO - Val Loss: 0.687178 ± 0.420592
2025-05-02 11:42:14,082 - INFO - Train Depth Trans Loss: 0.000000
2025-05-02 11:42:14,082 - INFO - Train GPS Trans Loss: 0.000000
2025-05-02 11:42:14,082 - INFO - Val Depth Trans Loss: 0.000000
2025-05-02 11:42:14,082 - INFO - Val GPS Trans Loss: 0.000000
2025-05-02 11:42:14,082 - INFO - ATE: 1.0470 ± 0.7834 m
2025-05-02 11:42:14,082 - INFO - RPE Trans: 0.4188 ± 0.0016 m
2025-05-02 11:42:14,082 - INFO - RPE Rot: 0.0065 ± 0.0005 rad
2025-05-02 11:42:14,082 - INFO - Epoch 55/200
2025-05-02 11:55:32,768 - INFO - IMU grad norm: 70.1136, Visual grad norm: 1081.3020, IMU/Visual ratio: 0.0648
2025-05-02 12:00:18,441 - INFO - Train Loss: 0.003286 ± 0.000698
2025-05-02 12:00:18,442 - INFO - Val Loss: 0.688065 ± 0.421572
2025-05-02 12:00:18,442 - INFO - Train Depth Trans Loss: 0.000000
2025-05-02 12:00:18,442 - INFO - Train GPS Trans Loss: 0.000000
2025-05-02 12:00:18,442 - INFO - Val Depth Trans Loss: 0.000000
2025-05-02 12:00:18,442 - INFO - Val GPS Trans Loss: 0.000000
2025-05-02 12:00:18,442 - INFO - ATE: 1.0479 ± 0.7841 m
2025-05-02 12:00:18,442 - INFO - RPE Trans: 0.4191 ± 0.0016 m
2025-05-02 12:00:18,442 - INFO - RPE Rot: 0.0065 ± 0.0005 rad
2025-05-02 12:00:18,442 - INFO - Epoch 56/200
2025-05-02 12:13:11,850 - INFO - IMU grad norm: 71.7038, Visual grad norm: 1072.2929, IMU/Visual ratio: 0.0669
2025-05-02 12:18:02,928 - INFO - Train Loss: 0.003260 ± 0.000659
2025-05-02 12:18:02,928 - INFO - Val Loss: 0.684546 ± 0.420481
2025-05-02 12:18:02,928 - INFO - Train Depth Trans Loss: 0.000000
2025-05-02 12:18:02,928 - INFO - Train GPS Trans Loss: 0.000000
2025-05-02 12:18:02,928 - INFO - Val Depth Trans Loss: 0.000000
2025-05-02 12:18:02,928 - INFO - Val GPS Trans Loss: 0.000000
2025-05-02 12:18:02,928 - INFO - ATE: 1.0469 ± 0.7833 m
2025-05-02 12:18:02,928 - INFO - RPE Trans: 0.4187 ± 0.0016 m
2025-05-02 12:18:02,928 - INFO - RPE Rot: 0.0065 ± 0.0005 rad
2025-05-02 12:18:02,928 - INFO - Epoch 57/200
2025-05-02 12:31:18,674 - INFO - IMU grad norm: 71.8319, Visual grad norm: 1077.3640, IMU/Visual ratio: 0.0667
2025-05-02 12:36:09,173 - INFO - Train Loss: 0.003276 ± 0.000661
2025-05-02 12:36:09,173 - INFO - Val Loss: 0.686840 ± 0.421478
2025-05-02 12:36:09,173 - INFO - Train Depth Trans Loss: 0.000000
2025-05-02 12:36:09,173 - INFO - Train GPS Trans Loss: 0.000000
2025-05-02 12:36:09,173 - INFO - Val Depth Trans Loss: 0.000000
2025-05-02 12:36:09,173 - INFO - Val GPS Trans Loss: 0.000000
2025-05-02 12:36:09,173 - INFO - ATE: 1.0470 ± 0.7834 m
2025-05-02 12:36:09,173 - INFO - RPE Trans: 0.4188 ± 0.0016 m
2025-05-02 12:36:09,173 - INFO - RPE Rot: 0.0065 ± 0.0005 rad
2025-05-02 12:36:09,173 - INFO - Epoch 58/200
2025-05-02 12:49:28,444 - INFO - IMU grad norm: 72.3379, Visual grad norm: 1075.6756, IMU/Visual ratio: 0.0672
2025-05-02 12:54:15,335 - INFO - Train Loss: 0.003250 ± 0.000661
2025-05-02 12:54:15,336 - INFO - Val Loss: 0.686027 ± 0.421880
2025-05-02 12:54:15,336 - INFO - Train Depth Trans Loss: 0.000000
2025-05-02 12:54:15,336 - INFO - Train GPS Trans Loss: 0.000000
2025-05-02 12:54:15,336 - INFO - Val Depth Trans Loss: 0.000000
2025-05-02 12:54:15,336 - INFO - Val GPS Trans Loss: 0.000000
2025-05-02 12:54:15,336 - INFO - ATE: 1.0471 ± 0.7835 m
2025-05-02 12:54:15,336 - INFO - RPE Trans: 0.4188 ± 0.0016 m
2025-05-02 12:54:15,336 - INFO - RPE Rot: 0.0065 ± 0.0005 rad
2025-05-02 12:54:15,336 - INFO - Epoch 59/200
2025-05-02 13:07:24,508 - INFO - IMU grad norm: 70.9806, Visual grad norm: 1073.7013, IMU/Visual ratio: 0.0661
2025-05-02 13:12:15,393 - INFO - Train Loss: 0.003272 ± 0.000684
2025-05-02 13:12:15,394 - INFO - Val Loss: 0.685994 ± 0.421593
2025-05-02 13:12:15,394 - INFO - Train Depth Trans Loss: 0.000000
2025-05-02 13:12:15,394 - INFO - Train GPS Trans Loss: 0.000000
2025-05-02 13:12:15,394 - INFO - Val Depth Trans Loss: 0.000000
2025-05-02 13:12:15,394 - INFO - Val GPS Trans Loss: 0.000000
2025-05-02 13:12:15,394 - INFO - ATE: 1.0471 ± 0.7835 m
2025-05-02 13:12:15,394 - INFO - RPE Trans: 0.4188 ± 0.0016 m
2025-05-02 13:12:15,394 - INFO - RPE Rot: 0.0065 ± 0.0005 rad
2025-05-02 13:12:15,394 - INFO - Epoch 60/200
2025-05-02 13:25:37,088 - INFO - IMU grad norm: 72.6100, Visual grad norm: 1088.7695, IMU/Visual ratio: 0.0667
2025-05-02 13:30:25,448 - INFO - Train Loss: 0.003263 ± 0.000688
2025-05-02 13:30:25,448 - INFO - Val Loss: 0.688194 ± 0.421528
2025-05-02 13:30:25,449 - INFO - Train Depth Trans Loss: 0.000000
2025-05-02 13:30:25,449 - INFO - Train GPS Trans Loss: 0.000000
2025-05-02 13:30:25,449 - INFO - Val Depth Trans Loss: 0.000000
2025-05-02 13:30:25,449 - INFO - Val GPS Trans Loss: 0.000000
2025-05-02 13:30:25,449 - INFO - ATE: 1.0475 ± 0.7838 m
2025-05-02 13:30:25,449 - INFO - RPE Trans: 0.4190 ± 0.0016 m
2025-05-02 13:30:25,449 - INFO - RPE Rot: 0.0065 ± 0.0005 rad
2025-05-02 13:30:25,613 - INFO - Checkpoint saved at epoch 60
2025-05-02 13:30:25,953 - INFO - Epoch 61/200
2025-05-02 13:43:36,373 - INFO - IMU grad norm: 72.1854, Visual grad norm: 1074.5693, IMU/Visual ratio: 0.0672
2025-05-02 13:48:22,222 - INFO - Train Loss: 0.003258 ± 0.000643
2025-05-02 13:48:22,222 - INFO - Val Loss: 0.688584 ± 0.421284
2025-05-02 13:48:22,222 - INFO - Train Depth Trans Loss: 0.000000
2025-05-02 13:48:22,222 - INFO - Train GPS Trans Loss: 0.000000
2025-05-02 13:48:22,222 - INFO - Val Depth Trans Loss: 0.000000
2025-05-02 13:48:22,222 - INFO - Val GPS Trans Loss: 0.000000
2025-05-02 13:48:22,222 - INFO - ATE: 1.0476 ± 0.7838 m
2025-05-02 13:48:22,222 - INFO - RPE Trans: 0.4190 ± 0.0016 m
2025-05-02 13:48:22,222 - INFO - RPE Rot: 0.0065 ± 0.0005 rad
2025-05-02 13:48:22,222 - INFO - Epoch 62/200
2025-05-02 14:01:18,000 - INFO - IMU grad norm: 72.5998, Visual grad norm: 1087.3036, IMU/Visual ratio: 0.0668
2025-05-02 14:06:04,017 - INFO - Train Loss: 0.003274 ± 0.000681
2025-05-02 14:06:04,017 - INFO - Val Loss: 0.685975 ± 0.421631
2025-05-02 14:06:04,017 - INFO - Train Depth Trans Loss: 0.000000
2025-05-02 14:06:04,017 - INFO - Train GPS Trans Loss: 0.000000
2025-05-02 14:06:04,017 - INFO - Val Depth Trans Loss: 0.000000
2025-05-02 14:06:04,017 - INFO - Val GPS Trans Loss: 0.000000
2025-05-02 14:06:04,017 - INFO - ATE: 1.0471 ± 0.7835 m
2025-05-02 14:06:04,017 - INFO - RPE Trans: 0.4188 ± 0.0016 m
2025-05-02 14:06:04,017 - INFO - RPE Rot: 0.0065 ± 0.0005 rad
2025-05-02 14:06:04,017 - INFO - Epoch 63/200
