2025-04-27 23:10:35,542 - INFO - Epoch 1/100
2025-04-27 23:11:11,292 - INFO - Data batch contains 5 tensors
2025-04-27 23:11:11,295 - INFO - Item 0 is tensor with shape torch.Size([24, 8, 3, 184, 608]) and dtype torch.float32
2025-04-27 23:11:11,296 - INFO - Item 1 is tensor with shape torch.Size([24, 8, 1, 184, 608]) and dtype torch.float32
2025-04-27 23:11:11,297 - INFO - Item 2 is tensor with shape torch.Size([24, 7, 21]) and dtype torch.float32
2025-04-27 23:11:11,298 - INFO - Item 3 is tensor with shape torch.Size([24, 7, 6]) and dtype torch.float32
2025-04-27 23:11:11,298 - INFO - Item 4 is tensor with shape torch.Size([24, 8, 6]) and dtype torch.float32
2025-04-27 23:23:51,863 - INFO - IMU grad norm: 28574.3998, Visual grad norm: 569243.0390, Depth grad norm: 352046.2471, IMU/Visual ratio: 0.0502, Depth/Visual ratio: 0.6184
2025-04-27 23:29:10,068 - INFO - Train Loss: 61.102671 ± 15.701194
2025-04-27 23:29:10,068 - INFO - Val Loss: 44.970739 ± 4.634182
2025-04-27 23:29:10,068 - INFO - Train Depth Trans Loss: 0.457693
2025-04-27 23:29:10,068 - INFO - Train GPS Trans Loss: 0.000000
2025-04-27 23:29:10,068 - INFO - Val Depth Trans Loss: 0.368101
2025-04-27 23:29:10,068 - INFO - Val GPS Trans Loss: 0.000000
2025-04-27 23:29:10,068 - INFO - ATE: 1.8357 ± 1.2822 m
2025-04-27 23:29:10,068 - INFO - RPE Trans: 0.5240 ± 0.0098 m
2025-04-27 23:29:10,068 - INFO - RPE Rot: 0.0327 ± 0.0006 rad
2025-04-27 23:29:10,266 - INFO - New best model saved with validation loss: 44.970739
2025-04-27 23:29:10,453 - INFO - New best ATE model saved with ATE: 1.8357m
2025-04-27 23:29:10,454 - INFO - Epoch 2/100
2025-04-27 23:29:44,474 - INFO - Data batch contains 5 tensors
2025-04-27 23:29:44,480 - INFO - Item 0 is tensor with shape torch.Size([24, 8, 3, 184, 608]) and dtype torch.float32
2025-04-27 23:29:44,482 - INFO - Item 1 is tensor with shape torch.Size([24, 8, 1, 184, 608]) and dtype torch.float32
2025-04-27 23:29:44,482 - INFO - Item 2 is tensor with shape torch.Size([24, 7, 21]) and dtype torch.float32
2025-04-27 23:29:44,483 - INFO - Item 3 is tensor with shape torch.Size([24, 7, 6]) and dtype torch.float32
2025-04-27 23:29:44,483 - INFO - Item 4 is tensor with shape torch.Size([24, 8, 6]) and dtype torch.float32
2025-04-27 23:33:34,705 - INFO - Epoch 1/100
2025-04-27 23:34:14,038 - INFO - Data batch contains 5 tensors
2025-04-27 23:34:14,041 - INFO - Item 0 is tensor with shape torch.Size([24, 8, 3, 184, 608]) and dtype torch.float32
2025-04-27 23:34:14,042 - INFO - Item 1 is tensor with shape torch.Size([24, 8, 1, 184, 608]) and dtype torch.float32
2025-04-27 23:34:14,042 - INFO - Item 2 is tensor with shape torch.Size([24, 7, 21]) and dtype torch.float32
2025-04-27 23:34:14,043 - INFO - Item 3 is tensor with shape torch.Size([24, 7, 6]) and dtype torch.float32
2025-04-27 23:34:14,043 - INFO - Item 4 is tensor with shape torch.Size([24, 8, 6]) and dtype torch.float32
2025-04-27 23:46:47,824 - INFO - IMU grad norm: 36663.8047, Visual grad norm: 1712104.0732, Depth grad norm: 1016371.6056, IMU/Visual ratio: 0.0214, Depth/Visual ratio: 0.5936
2025-04-27 23:52:13,059 - INFO - Train Loss: 62.013943 ± 28.666244
2025-04-27 23:52:13,059 - INFO - Val Loss: 45.065482 ± 5.945145
2025-04-27 23:52:13,059 - INFO - Train Depth Trans Loss: 0.301106
2025-04-27 23:52:13,059 - INFO - Train GPS Trans Loss: 0.000000
2025-04-27 23:52:13,059 - INFO - Val Depth Trans Loss: 0.198147
2025-04-27 23:52:13,059 - INFO - Val GPS Trans Loss: 0.000000
2025-04-27 23:52:13,059 - INFO - ATE: 2.3428 ± 1.6367 m
2025-04-27 23:52:13,059 - INFO - RPE Trans: 0.6686 ± 0.0142 m
2025-04-27 23:52:13,059 - INFO - RPE Rot: 0.0175 ± 0.0006 rad
2025-04-27 23:52:13,326 - INFO - New best model saved with validation loss: 45.065482
2025-04-27 23:52:13,592 - INFO - New best ATE model saved with ATE: 2.3428m
2025-04-27 23:52:13,592 - INFO - Epoch 2/100
2025-04-27 23:52:55,789 - INFO - Data batch contains 5 tensors
2025-04-27 23:52:55,792 - INFO - Item 0 is tensor with shape torch.Size([24, 8, 3, 184, 608]) and dtype torch.float32
2025-04-27 23:52:55,793 - INFO - Item 1 is tensor with shape torch.Size([24, 8, 1, 184, 608]) and dtype torch.float32
2025-04-27 23:52:55,793 - INFO - Item 2 is tensor with shape torch.Size([24, 7, 21]) and dtype torch.float32
2025-04-27 23:52:55,794 - INFO - Item 3 is tensor with shape torch.Size([24, 7, 6]) and dtype torch.float32
2025-04-27 23:52:55,794 - INFO - Item 4 is tensor with shape torch.Size([24, 8, 6]) and dtype torch.float32
2025-04-28 00:05:42,727 - INFO - IMU grad norm: 6827.5859, Visual grad norm: 611953.8114, Depth grad norm: 455504.7992, IMU/Visual ratio: 0.0112, Depth/Visual ratio: 0.7443
2025-04-28 00:10:51,175 - INFO - Train Loss: 33.709847 ± 3.419214
2025-04-28 00:10:51,175 - INFO - Val Loss: 35.106738 ± 6.996508
2025-04-28 00:10:51,175 - INFO - Train Depth Trans Loss: 0.184279
2025-04-28 00:10:51,175 - INFO - Train GPS Trans Loss: 0.000000
2025-04-28 00:10:51,175 - INFO - Val Depth Trans Loss: 0.231168
2025-04-28 00:10:51,175 - INFO - Val GPS Trans Loss: 0.000000
2025-04-28 00:10:51,175 - INFO - ATE: 2.3734 ± 1.6608 m
2025-04-28 00:10:51,175 - INFO - RPE Trans: 0.6781 ± 0.0076 m
2025-04-28 00:10:51,175 - INFO - RPE Rot: 0.0078 ± 0.0009 rad
2025-04-28 00:10:51,418 - INFO - New best model saved with validation loss: 35.106738
2025-04-28 00:10:51,419 - INFO - Epoch 3/100
