2025-05-06 13:00:54,879 - INFO - Epoch 1/100
2025-05-06 13:02:19,010 - INFO - Epoch 1/100
2025-05-06 13:15:18,591 - INFO - IMU grad norm: 249787.9679, Visual grad norm: 1449159.8376, Depth grad norm: 1534660.4509, GPS grad norm: 2002780.8563, IMU/Visual ratio: 0.1724, Depth/Visual ratio: 1.0590, GPS/Visual ratio: 1.3820
2025-05-06 13:20:27,869 - INFO - Train Loss: 147.069265 ± 461.277508
2025-05-06 13:20:27,869 - INFO - Val Loss: 35.470222 ± 1.712355
2025-05-06 13:20:27,869 - INFO - Train Depth Trans Loss: 1.490750
2025-05-06 13:20:27,869 - INFO - Train GPS Trans Loss: 1.453850
2025-05-06 13:20:27,869 - INFO - Val Depth Trans Loss: 0.162203
2025-05-06 13:20:27,869 - INFO - Val GPS Trans Loss: 0.177732
2025-05-06 13:20:27,869 - INFO - ATE: 2.0973 ± 1.4703 m
2025-05-06 13:20:27,869 - INFO - RPE Trans: 0.6006 ± 0.0098 m
2025-05-06 13:20:27,870 - INFO - RPE Rot: 0.0258 ± 0.0027 rad
2025-05-06 13:20:28,256 - INFO - New best model saved with validation loss: 35.470222
2025-05-06 13:20:28,635 - INFO - New best ATE model saved with ATE: 2.0973m
2025-05-06 13:20:28,635 - INFO - Epoch 2/100
2025-05-06 13:33:25,980 - INFO - IMU grad norm: 453.4670, Visual grad norm: 16617.7468, Depth grad norm: 21105.2353, GPS grad norm: 11328.2307, IMU/Visual ratio: 0.0273, Depth/Visual ratio: 1.2700, GPS/Visual ratio: 0.6817
2025-05-06 13:38:42,838 - INFO - Train Loss: 29.013368 ± 2.409027
2025-05-06 13:38:42,838 - INFO - Val Loss: 27.523418 ± 1.939950
2025-05-06 13:38:42,838 - INFO - Train Depth Trans Loss: 0.062176
2025-05-06 13:38:42,838 - INFO - Train GPS Trans Loss: 0.044225
2025-05-06 13:38:42,838 - INFO - Val Depth Trans Loss: 0.139706
2025-05-06 13:38:42,839 - INFO - Val GPS Trans Loss: 0.134427
2025-05-06 13:38:42,839 - INFO - ATE: 1.9759 ± 1.3852 m
2025-05-06 13:38:42,839 - INFO - RPE Trans: 0.5657 ± 0.0086 m
2025-05-06 13:38:42,839 - INFO - RPE Rot: 0.0148 ± 0.0018 rad
2025-05-06 13:38:43,320 - INFO - New best model saved with validation loss: 27.523418
2025-05-06 13:38:43,785 - INFO - New best ATE model saved with ATE: 1.9759m
2025-05-06 13:38:43,786 - INFO - Epoch 3/100
2025-05-06 13:51:29,192 - INFO - IMU grad norm: 140.1751, Visual grad norm: 11998.4978, Depth grad norm: 11796.4147, GPS grad norm: 5898.5011, IMU/Visual ratio: 0.0117, Depth/Visual ratio: 0.9832, GPS/Visual ratio: 0.4916
2025-05-06 13:56:41,635 - INFO - Train Loss: 23.258101 ± 1.111270
2025-05-06 13:56:41,636 - INFO - Val Loss: 24.064629 ± 1.688625
2025-05-06 13:56:41,636 - INFO - Train Depth Trans Loss: 0.026338
2025-05-06 13:56:41,636 - INFO - Train GPS Trans Loss: 0.017243
2025-05-06 13:56:41,636 - INFO - Val Depth Trans Loss: 0.141486
2025-05-06 13:56:41,636 - INFO - Val GPS Trans Loss: 0.148509
2025-05-06 13:56:41,636 - INFO - ATE: 2.0726 ± 1.4507 m
2025-05-06 13:56:41,636 - INFO - RPE Trans: 0.5923 ± 0.0039 m
2025-05-06 13:56:41,636 - INFO - RPE Rot: 0.0159 ± 0.0015 rad
2025-05-06 13:56:42,129 - INFO - New best model saved with validation loss: 24.064629
2025-05-06 13:56:42,129 - INFO - Epoch 4/100
2025-05-06 14:09:31,984 - INFO - IMU grad norm: 70.1540, Visual grad norm: 8038.6884, Depth grad norm: 7491.7543, GPS grad norm: 3473.4942, IMU/Visual ratio: 0.0087, Depth/Visual ratio: 0.9320, GPS/Visual ratio: 0.4321
2025-05-06 14:14:49,197 - INFO - Train Loss: 20.455776 ± 0.585514
2025-05-06 14:14:49,197 - INFO - Val Loss: 22.129473 ± 2.535527
2025-05-06 14:14:49,197 - INFO - Train Depth Trans Loss: 0.015334
2025-05-06 14:14:49,197 - INFO - Train GPS Trans Loss: 0.009621
2025-05-06 14:14:49,197 - INFO - Val Depth Trans Loss: 0.132436
2025-05-06 14:14:49,197 - INFO - Val GPS Trans Loss: 0.146984
2025-05-06 14:14:49,197 - INFO - ATE: 1.9925 ± 1.3982 m
2025-05-06 14:14:49,197 - INFO - RPE Trans: 0.5710 ± 0.0055 m
2025-05-06 14:14:49,197 - INFO - RPE Rot: 0.0127 ± 0.0016 rad
2025-05-06 14:14:49,447 - INFO - New best model saved with validation loss: 22.129473
2025-05-06 14:14:49,449 - INFO - Epoch 5/100
2025-05-06 14:27:47,508 - INFO - IMU grad norm: 31.0993, Visual grad norm: 6853.3150, Depth grad norm: 5955.1527, GPS grad norm: 2631.5461, IMU/Visual ratio: 0.0045, Depth/Visual ratio: 0.8689, GPS/Visual ratio: 0.3840
2025-05-06 14:32:55,162 - INFO - Train Loss: 18.974258 ± 0.322289
2025-05-06 14:32:55,162 - INFO - Val Loss: 22.295216 ± 2.728026
2025-05-06 14:32:55,162 - INFO - Train Depth Trans Loss: 0.011190
2025-05-06 14:32:55,162 - INFO - Train GPS Trans Loss: 0.007121
2025-05-06 14:32:55,162 - INFO - Val Depth Trans Loss: 0.193871
2025-05-06 14:32:55,162 - INFO - Val GPS Trans Loss: 0.205571
2025-05-06 14:32:55,162 - INFO - ATE: 2.4901 ± 1.7421 m
2025-05-06 14:32:55,162 - INFO - RPE Trans: 0.7113 ± 0.0042 m
2025-05-06 14:32:55,162 - INFO - RPE Rot: 0.0136 ± 0.0017 rad
2025-05-06 14:32:55,162 - INFO - Epoch 6/100
2025-05-06 14:52:39,075 - INFO - Epoch 1/100
2025-05-06 14:57:16,117 - INFO - Epoch 1/100
2025-05-06 15:05:08,741 - INFO - IMU grad norm: 208088.7707, Visual grad norm: 1103656.6815, Depth grad norm: 946514.0765, GPS grad norm: 1702058.0664, IMU/Visual ratio: 0.1885, Depth/Visual ratio: 0.8576, GPS/Visual ratio: 1.5422
2025-05-06 15:10:24,892 - INFO - Train Loss: 128.064236 ± 462.754689
2025-05-06 15:10:24,893 - INFO - Val Loss: 34.074483 ± 1.417779
2025-05-06 15:10:24,893 - INFO - Train Depth Trans Loss: 24.241941
2025-05-06 15:10:24,893 - INFO - Train GPS Trans Loss: 2.060085
2025-05-06 15:10:24,893 - INFO - Val Depth Trans Loss: 16.798947
2025-05-06 15:10:24,893 - INFO - Val GPS Trans Loss: 0.112337
2025-05-06 15:10:24,893 - INFO - ATE: 1.8612 ± 1.2982 m
2025-05-06 15:10:24,893 - INFO - RPE Trans: 0.5311 ± 0.0146 m
2025-05-06 15:10:24,893 - INFO - RPE Rot: 0.0606 ± 0.0034 rad
2025-05-06 15:10:25,146 - INFO - New best model saved with validation loss: 34.074483
2025-05-06 15:10:25,429 - INFO - New best ATE model saved with ATE: 1.8612m
2025-05-06 15:10:25,430 - INFO - Epoch 2/100
2025-05-06 15:18:23,021 - INFO - IMU grad norm: 1049.7282, Visual grad norm: 9358.4329, Depth grad norm: 8639.9045, GPS grad norm: 9389.8870, IMU/Visual ratio: 0.1122, Depth/Visual ratio: 0.9232, GPS/Visual ratio: 1.0034
2025-05-06 15:23:29,800 - INFO - Train Loss: 28.312432 ± 2.383134
2025-05-06 15:23:29,800 - INFO - Val Loss: 26.657894 ± 2.021339
2025-05-06 15:23:29,800 - INFO - Train Depth Trans Loss: 12.083917
2025-05-06 15:23:29,800 - INFO - Train GPS Trans Loss: 0.044404
2025-05-06 15:23:29,800 - INFO - Val Depth Trans Loss: 15.292629
2025-05-06 15:23:29,800 - INFO - Val GPS Trans Loss: 0.171015
2025-05-06 15:23:29,800 - INFO - ATE: 2.0428 ± 1.4400 m
2025-05-06 15:23:29,800 - INFO - RPE Trans: 0.5887 ± 0.0186 m
2025-05-06 15:23:29,800 - INFO - RPE Rot: 0.0335 ± 0.0034 rad
2025-05-06 15:23:30,050 - INFO - New best model saved with validation loss: 26.657894
2025-05-06 15:23:30,050 - INFO - Epoch 3/100
2025-05-06 15:31:17,601 - INFO - IMU grad norm: 569.6423, Visual grad norm: 7742.3018, Depth grad norm: 4605.4434, GPS grad norm: 5074.9237, IMU/Visual ratio: 0.0736, Depth/Visual ratio: 0.5948, GPS/Visual ratio: 0.6555
2025-05-06 15:36:35,402 - INFO - Train Loss: 22.623787 ± 1.090538
2025-05-06 15:36:35,402 - INFO - Val Loss: 22.260789 ± 1.314818
2025-05-06 15:36:35,402 - INFO - Train Depth Trans Loss: 8.065742
2025-05-06 15:36:35,403 - INFO - Train GPS Trans Loss: 0.020246
2025-05-06 15:36:35,403 - INFO - Val Depth Trans Loss: 7.240904
2025-05-06 15:36:35,403 - INFO - Val GPS Trans Loss: 0.098963
2025-05-06 15:36:35,403 - INFO - ATE: 1.7469 ± 1.2240 m
2025-05-06 15:36:35,403 - INFO - RPE Trans: 0.5002 ± 0.0086 m
2025-05-06 15:36:35,403 - INFO - RPE Rot: 0.0189 ± 0.0024 rad
2025-05-06 15:36:35,656 - INFO - New best model saved with validation loss: 22.260789
2025-05-06 15:36:35,913 - INFO - New best ATE model saved with ATE: 1.7469m
2025-05-06 15:36:35,913 - INFO - Epoch 4/100
2025-05-06 15:44:29,343 - INFO - IMU grad norm: 383.2324, Visual grad norm: 5564.9084, Depth grad norm: 2975.4353, GPS grad norm: 2978.5285, IMU/Visual ratio: 0.0689, Depth/Visual ratio: 0.5347, GPS/Visual ratio: 0.5352
2025-05-06 15:49:36,726 - INFO - Train Loss: 19.878768 ± 0.561878
2025-05-06 15:49:36,727 - INFO - Val Loss: 21.072661 ± 1.478592
2025-05-06 15:49:36,727 - INFO - Train Depth Trans Loss: 4.934554
2025-05-06 15:49:36,727 - INFO - Train GPS Trans Loss: 0.011428
2025-05-06 15:49:36,727 - INFO - Val Depth Trans Loss: 4.028725
2025-05-06 15:49:36,727 - INFO - Val GPS Trans Loss: 0.147953
2025-05-06 15:49:36,727 - INFO - ATE: 2.1386 ± 1.4986 m
2025-05-06 15:49:36,727 - INFO - RPE Trans: 0.6117 ± 0.0071 m
2025-05-06 15:49:36,727 - INFO - RPE Rot: 0.0139 ± 0.0020 rad
2025-05-06 15:49:36,982 - INFO - New best model saved with validation loss: 21.072661
2025-05-06 15:49:36,983 - INFO - Epoch 5/100
2025-05-06 15:57:37,501 - INFO - IMU grad norm: 364.0897, Visual grad norm: 4717.3894, Depth grad norm: 2413.8646, GPS grad norm: 2158.5750, IMU/Visual ratio: 0.0772, Depth/Visual ratio: 0.5117, GPS/Visual ratio: 0.4576
2025-05-06 16:02:48,281 - INFO - Train Loss: 18.449585 ± 0.312247
2025-05-06 16:02:48,281 - INFO - Val Loss: 19.767068 ± 1.496443
2025-05-06 16:02:48,281 - INFO - Train Depth Trans Loss: 2.928910
2025-05-06 16:02:48,281 - INFO - Train GPS Trans Loss: 0.008232
2025-05-06 16:02:48,281 - INFO - Val Depth Trans Loss: 2.846654
2025-05-06 16:02:48,281 - INFO - Val GPS Trans Loss: 0.126533
2025-05-06 16:02:48,281 - INFO - ATE: 1.9652 ± 1.3787 m
2025-05-06 16:02:48,281 - INFO - RPE Trans: 0.5630 ± 0.0076 m
2025-05-06 16:02:48,281 - INFO - RPE Rot: 0.0128 ± 0.0017 rad
2025-05-06 16:02:48,534 - INFO - New best model saved with validation loss: 19.767068
2025-05-06 16:02:48,534 - INFO - Epoch 6/100
2025-05-06 16:10:48,359 - INFO - IMU grad norm: 339.8899, Visual grad norm: 3694.5589, Depth grad norm: 2037.0758, GPS grad norm: 1643.8384, IMU/Visual ratio: 0.0920, Depth/Visual ratio: 0.5514, GPS/Visual ratio: 0.4449
2025-05-06 16:15:55,328 - INFO - Train Loss: 17.616673 ± 0.205233
2025-05-06 16:15:55,328 - INFO - Val Loss: 18.968077 ± 1.517695
2025-05-06 16:15:55,328 - INFO - Train Depth Trans Loss: 1.912101
2025-05-06 16:15:55,328 - INFO - Train GPS Trans Loss: 0.005927
2025-05-06 16:15:55,328 - INFO - Val Depth Trans Loss: 1.600301
2025-05-06 16:15:55,328 - INFO - Val GPS Trans Loss: 0.116061
2025-05-06 16:15:55,328 - INFO - ATE: 1.8704 ± 1.3088 m
2025-05-06 16:15:55,328 - INFO - RPE Trans: 0.5344 ± 0.0044 m
2025-05-06 16:15:55,328 - INFO - RPE Rot: 0.0141 ± 0.0017 rad
2025-05-06 16:15:55,581 - INFO - New best model saved with validation loss: 18.968077
2025-05-06 16:15:55,581 - INFO - Epoch 7/100
2025-05-06 16:23:53,657 - INFO - IMU grad norm: 327.2532, Visual grad norm: 3239.2796, Depth grad norm: 1924.0456, GPS grad norm: 1564.8136, IMU/Visual ratio: 0.1010, Depth/Visual ratio: 0.5940, GPS/Visual ratio: 0.4831
2025-05-06 16:29:11,027 - INFO - Train Loss: 17.045672 ± 0.160923
2025-05-06 16:29:11,027 - INFO - Val Loss: 18.334353 ± 1.455273
2025-05-06 16:29:11,027 - INFO - Train Depth Trans Loss: 1.359653
2025-05-06 16:29:11,027 - INFO - Train GPS Trans Loss: 0.004769
2025-05-06 16:29:11,027 - INFO - Val Depth Trans Loss: 1.177074
2025-05-06 16:29:11,027 - INFO - Val GPS Trans Loss: 0.104582
2025-05-06 16:29:11,027 - INFO - ATE: 1.8052 ± 1.2632 m
2025-05-06 16:29:11,028 - INFO - RPE Trans: 0.5159 ± 0.0052 m
2025-05-06 16:29:11,028 - INFO - RPE Rot: 0.0137 ± 0.0017 rad
2025-05-06 16:29:11,279 - INFO - New best model saved with validation loss: 18.334353
2025-05-06 16:29:11,280 - INFO - Epoch 8/100
2025-05-06 16:37:12,622 - INFO - IMU grad norm: 306.3988, Visual grad norm: 2743.3376, Depth grad norm: 1750.2569, GPS grad norm: 1411.8506, IMU/Visual ratio: 0.1117, Depth/Visual ratio: 0.6380, GPS/Visual ratio: 0.5146
2025-05-06 16:42:29,265 - INFO - Train Loss: 16.590968 ± 0.125648
2025-05-06 16:42:29,265 - INFO - Val Loss: 17.979194 ± 1.622112
2025-05-06 16:42:29,265 - INFO - Train Depth Trans Loss: 1.098445
2025-05-06 16:42:29,265 - INFO - Train GPS Trans Loss: 0.003601
2025-05-06 16:42:29,265 - INFO - Val Depth Trans Loss: 1.435609
2025-05-06 16:42:29,265 - INFO - Val GPS Trans Loss: 0.109114
2025-05-06 16:42:29,265 - INFO - ATE: 1.7689 ± 1.2368 m
2025-05-06 16:42:29,265 - INFO - RPE Trans: 0.5051 ± 0.0058 m
2025-05-06 16:42:29,265 - INFO - RPE Rot: 0.0146 ± 0.0018 rad
2025-05-06 16:42:29,524 - INFO - New best model saved with validation loss: 17.979194
2025-05-06 16:42:29,524 - INFO - Epoch 9/100
2025-05-06 16:50:30,804 - INFO - IMU grad norm: 301.4260, Visual grad norm: 2814.5104, Depth grad norm: 1781.8087, GPS grad norm: 1441.9267, IMU/Visual ratio: 0.1071, Depth/Visual ratio: 0.6331, GPS/Visual ratio: 0.5123
2025-05-06 16:55:38,463 - INFO - Train Loss: 16.225851 ± 0.110253
2025-05-06 16:55:38,463 - INFO - Val Loss: 17.644373 ± 1.206567
2025-05-06 16:55:38,463 - INFO - Train Depth Trans Loss: 0.945084
2025-05-06 16:55:38,463 - INFO - Train GPS Trans Loss: 0.003276
2025-05-06 16:55:38,463 - INFO - Val Depth Trans Loss: 0.864039
2025-05-06 16:55:38,463 - INFO - Val GPS Trans Loss: 0.108259
2025-05-06 16:55:38,463 - INFO - ATE: 1.8469 ± 1.2923 m
2025-05-06 16:55:38,463 - INFO - RPE Trans: 0.5276 ± 0.0057 m
2025-05-06 16:55:38,463 - INFO - RPE Rot: 0.0158 ± 0.0019 rad
2025-05-06 16:55:38,715 - INFO - New best model saved with validation loss: 17.644373
2025-05-06 16:55:38,716 - INFO - Epoch 10/100
2025-05-06 17:03:27,352 - INFO - IMU grad norm: 281.9807, Visual grad norm: 2480.1404, Depth grad norm: 1711.3198, GPS grad norm: 1392.6214, IMU/Visual ratio: 0.1137, Depth/Visual ratio: 0.6900, GPS/Visual ratio: 0.5615
2025-05-06 17:08:45,905 - INFO - Train Loss: 15.902301 ± 0.095420
2025-05-06 17:08:45,906 - INFO - Val Loss: 17.385854 ± 1.239746
2025-05-06 17:08:45,906 - INFO - Train Depth Trans Loss: 0.828678
2025-05-06 17:08:45,906 - INFO - Train GPS Trans Loss: 0.002917
2025-05-06 17:08:45,906 - INFO - Val Depth Trans Loss: 0.516110
2025-05-06 17:08:45,906 - INFO - Val GPS Trans Loss: 0.107611
2025-05-06 17:08:45,906 - INFO - ATE: 1.8949 ± 1.3281 m
2025-05-06 17:08:45,906 - INFO - RPE Trans: 0.5422 ± 0.0052 m
2025-05-06 17:08:45,906 - INFO - RPE Rot: 0.0120 ± 0.0018 rad
2025-05-06 17:08:46,154 - INFO - New best model saved with validation loss: 17.385854
2025-05-06 17:08:46,363 - INFO - Checkpoint saved at epoch 10
2025-05-06 17:08:47,259 - INFO - Epoch 11/100
2025-05-06 17:16:33,150 - INFO - IMU grad norm: 289.5227, Visual grad norm: 2058.8971, Depth grad norm: 1620.0308, GPS grad norm: 1469.9811, IMU/Visual ratio: 0.1406, Depth/Visual ratio: 0.7868, GPS/Visual ratio: 0.7140
2025-05-06 17:21:50,418 - INFO - Train Loss: 15.619259 ± 0.087002
2025-05-06 17:21:50,418 - INFO - Val Loss: 16.891610 ± 1.064863
2025-05-06 17:21:50,418 - INFO - Train Depth Trans Loss: 0.767439
2025-05-06 17:21:50,418 - INFO - Train GPS Trans Loss: 0.002598
2025-05-06 17:21:50,418 - INFO - Val Depth Trans Loss: 0.479372
2025-05-06 17:21:50,418 - INFO - Val GPS Trans Loss: 0.094588
2025-05-06 17:21:50,418 - INFO - ATE: 1.7476 ± 1.2244 m
2025-05-06 17:21:50,418 - INFO - RPE Trans: 0.4998 ± 0.0049 m
2025-05-06 17:21:50,418 - INFO - RPE Rot: 0.0135 ± 0.0019 rad
2025-05-06 17:21:50,671 - INFO - New best model saved with validation loss: 16.891610
2025-05-06 17:21:50,672 - INFO - Epoch 12/100
2025-05-06 17:29:45,750 - INFO - IMU grad norm: 232.1955, Visual grad norm: 1981.8331, Depth grad norm: 1624.0533, GPS grad norm: 1295.5201, IMU/Visual ratio: 0.1172, Depth/Visual ratio: 0.8195, GPS/Visual ratio: 0.6537
2025-05-06 17:35:02,764 - INFO - Train Loss: 15.360306 ± 0.084044
2025-05-06 17:35:02,764 - INFO - Val Loss: 16.401010 ± 1.059910
2025-05-06 17:35:02,764 - INFO - Train Depth Trans Loss: 0.724396
2025-05-06 17:35:02,764 - INFO - Train GPS Trans Loss: 0.002305
2025-05-06 17:35:02,764 - INFO - Val Depth Trans Loss: 0.761216
2025-05-06 17:35:02,764 - INFO - Val GPS Trans Loss: 0.078212
2025-05-06 17:35:02,764 - INFO - ATE: 1.5505 ± 1.0854 m
2025-05-06 17:35:02,764 - INFO - RPE Trans: 0.4434 ± 0.0053 m
2025-05-06 17:35:02,764 - INFO - RPE Rot: 0.0154 ± 0.0018 rad
2025-05-06 17:35:03,017 - INFO - New best model saved with validation loss: 16.401010
2025-05-06 17:35:03,272 - INFO - New best ATE model saved with ATE: 1.5505m
2025-05-06 17:35:03,272 - INFO - Epoch 13/100
2025-05-06 17:43:03,118 - INFO - IMU grad norm: 240.3566, Visual grad norm: 1895.5403, Depth grad norm: 1620.3946, GPS grad norm: 1355.2193, IMU/Visual ratio: 0.1268, Depth/Visual ratio: 0.8548, GPS/Visual ratio: 0.7150
2025-05-06 17:48:20,215 - INFO - Train Loss: 15.129435 ± 0.075283
2025-05-06 17:48:20,216 - INFO - Val Loss: 16.199602 ± 1.093316
2025-05-06 17:48:20,216 - INFO - Train Depth Trans Loss: 0.687478
2025-05-06 17:48:20,216 - INFO - Train GPS Trans Loss: 0.002182
2025-05-06 17:48:20,216 - INFO - Val Depth Trans Loss: 0.508332
2025-05-06 17:48:20,216 - INFO - Val GPS Trans Loss: 0.081414
2025-05-06 17:48:20,216 - INFO - ATE: 1.5467 ± 1.0837 m
2025-05-06 17:48:20,216 - INFO - RPE Trans: 0.4424 ± 0.0045 m
2025-05-06 17:48:20,216 - INFO - RPE Rot: 0.0141 ± 0.0018 rad
2025-05-06 17:48:20,470 - INFO - New best model saved with validation loss: 16.199602
2025-05-06 17:48:20,723 - INFO - New best ATE model saved with ATE: 1.5467m
2025-05-06 17:48:20,724 - INFO - Epoch 14/100
2025-05-06 17:56:07,060 - INFO - IMU grad norm: 222.9239, Visual grad norm: 1907.1596, Depth grad norm: 1626.6981, GPS grad norm: 1310.4754, IMU/Visual ratio: 0.1169, Depth/Visual ratio: 0.8529, GPS/Visual ratio: 0.6871
2025-05-06 18:01:22,152 - INFO - Train Loss: 14.923089 ± 0.071435
2025-05-06 18:01:22,152 - INFO - Val Loss: 15.884861 ± 1.025619
2025-05-06 18:01:22,152 - INFO - Train Depth Trans Loss: 0.664563
2025-05-06 18:01:22,152 - INFO - Train GPS Trans Loss: 0.002085
2025-05-06 18:01:22,152 - INFO - Val Depth Trans Loss: 0.560779
2025-05-06 18:01:22,152 - INFO - Val GPS Trans Loss: 0.073559
2025-05-06 18:01:22,152 - INFO - ATE: 1.4546 ± 1.0181 m
2025-05-06 18:01:22,152 - INFO - RPE Trans: 0.4158 ± 0.0044 m
2025-05-06 18:01:22,152 - INFO - RPE Rot: 0.0134 ± 0.0021 rad
2025-05-06 18:01:22,400 - INFO - New best model saved with validation loss: 15.884861
2025-05-06 18:01:22,654 - INFO - New best ATE model saved with ATE: 1.4546m
2025-05-06 18:01:22,655 - INFO - Epoch 15/100
2025-05-06 18:09:07,841 - INFO - IMU grad norm: 206.1473, Visual grad norm: 1780.6499, Depth grad norm: 1605.7627, GPS grad norm: 1213.0145, IMU/Visual ratio: 0.1158, Depth/Visual ratio: 0.9018, GPS/Visual ratio: 0.6812
2025-05-06 18:14:18,849 - INFO - Train Loss: 14.730145 ± 0.062615
2025-05-06 18:14:18,849 - INFO - Val Loss: 15.774251 ± 1.090184
2025-05-06 18:14:18,849 - INFO - Train Depth Trans Loss: 0.650299
2025-05-06 18:14:18,849 - INFO - Train GPS Trans Loss: 0.001923
2025-05-06 18:14:18,849 - INFO - Val Depth Trans Loss: 0.388481
2025-05-06 18:14:18,849 - INFO - Val GPS Trans Loss: 0.078401
2025-05-06 18:14:18,849 - INFO - ATE: 1.4988 ± 1.0503 m
2025-05-06 18:14:18,849 - INFO - RPE Trans: 0.4290 ± 0.0052 m
2025-05-06 18:14:18,849 - INFO - RPE Rot: 0.0143 ± 0.0017 rad
2025-05-06 18:14:19,106 - INFO - New best model saved with validation loss: 15.774251
2025-05-06 18:14:19,107 - INFO - Epoch 16/100
2025-05-06 18:22:17,784 - INFO - IMU grad norm: 202.8593, Visual grad norm: 1529.2617, Depth grad norm: 1518.5423, GPS grad norm: 1165.1212, IMU/Visual ratio: 0.1327, Depth/Visual ratio: 0.9930, GPS/Visual ratio: 0.7619
2025-05-06 18:27:26,162 - INFO - Train Loss: 14.554249 ± 0.060939
2025-05-06 18:27:26,162 - INFO - Val Loss: 15.295801 ± 0.798519
2025-05-06 18:27:26,162 - INFO - Train Depth Trans Loss: 0.637031
2025-05-06 18:27:26,162 - INFO - Train GPS Trans Loss: 0.001700
2025-05-06 18:27:26,162 - INFO - Val Depth Trans Loss: 0.541579
2025-05-06 18:27:26,162 - INFO - Val GPS Trans Loss: 0.053385
2025-05-06 18:27:26,162 - INFO - ATE: 1.2864 ± 0.9009 m
2025-05-06 18:27:26,162 - INFO - RPE Trans: 0.3682 ± 0.0063 m
2025-05-06 18:27:26,162 - INFO - RPE Rot: 0.0227 ± 0.0022 rad
2025-05-06 18:27:26,413 - INFO - New best model saved with validation loss: 15.295801
2025-05-06 18:27:26,671 - INFO - New best ATE model saved with ATE: 1.2864m
2025-05-06 18:27:26,672 - INFO - Epoch 17/100
2025-05-06 18:35:26,381 - INFO - IMU grad norm: 237.0987, Visual grad norm: 1331.1726, Depth grad norm: 1400.1666, GPS grad norm: 1308.0546, IMU/Visual ratio: 0.1781, Depth/Visual ratio: 1.0518, GPS/Visual ratio: 0.9826
2025-05-06 18:40:35,182 - INFO - Train Loss: 14.393036 ± 0.054249
2025-05-06 18:40:35,182 - INFO - Val Loss: 14.875349 ± 0.608659
2025-05-06 18:40:35,183 - INFO - Train Depth Trans Loss: 0.634035
2025-05-06 18:40:35,183 - INFO - Train GPS Trans Loss: 0.001555
2025-05-06 18:40:35,183 - INFO - Val Depth Trans Loss: 0.541727
2025-05-06 18:40:35,183 - INFO - Val GPS Trans Loss: 0.033956
2025-05-06 18:40:35,183 - INFO - ATE: 1.0734 ± 0.7526 m
2025-05-06 18:40:35,183 - INFO - RPE Trans: 0.3074 ± 0.0057 m
2025-05-06 18:40:35,183 - INFO - RPE Rot: 0.0149 ± 0.0018 rad
2025-05-06 18:40:35,431 - INFO - New best model saved with validation loss: 14.875349
2025-05-06 18:40:35,686 - INFO - New best ATE model saved with ATE: 1.0734m
2025-05-06 18:40:35,686 - INFO - Epoch 18/100
2025-05-06 18:48:35,522 - INFO - IMU grad norm: 241.7780, Visual grad norm: 1189.5740, Depth grad norm: 1322.4876, GPS grad norm: 1291.3754, IMU/Visual ratio: 0.2032, Depth/Visual ratio: 1.1117, GPS/Visual ratio: 1.0856
2025-05-06 18:53:42,642 - INFO - Train Loss: 14.245195 ± 0.052621
2025-05-06 18:53:42,642 - INFO - Val Loss: 14.540648 ± 0.376090
2025-05-06 18:53:42,642 - INFO - Train Depth Trans Loss: 0.637111
2025-05-06 18:53:42,643 - INFO - Train GPS Trans Loss: 0.001426
2025-05-06 18:53:42,643 - INFO - Val Depth Trans Loss: 0.789489
2025-05-06 18:53:42,643 - INFO - Val GPS Trans Loss: 0.021154
2025-05-06 18:53:42,643 - INFO - ATE: 0.8994 ± 0.6281 m
2025-05-06 18:53:42,643 - INFO - RPE Trans: 0.2566 ± 0.0059 m
2025-05-06 18:53:42,643 - INFO - RPE Rot: 0.0149 ± 0.0021 rad
2025-05-06 18:53:42,893 - INFO - New best model saved with validation loss: 14.540648
2025-05-06 18:53:43,148 - INFO - New best ATE model saved with ATE: 0.8994m
2025-05-06 18:53:43,148 - INFO - Epoch 19/100
2025-05-06 19:01:41,833 - INFO - IMU grad norm: 260.2797, Visual grad norm: 1430.3133, Depth grad norm: 1298.3600, GPS grad norm: 1382.3787, IMU/Visual ratio: 0.1820, Depth/Visual ratio: 0.9077, GPS/Visual ratio: 0.9665
2025-05-06 19:06:49,278 - INFO - Train Loss: 14.114278 ± 0.047469
2025-05-06 19:06:49,278 - INFO - Val Loss: 14.372820 ± 0.402962
2025-05-06 19:06:49,278 - INFO - Train Depth Trans Loss: 0.642058
2025-05-06 19:06:49,278 - INFO - Train GPS Trans Loss: 0.001435
2025-05-06 19:06:49,278 - INFO - Val Depth Trans Loss: 0.606226
2025-05-06 19:06:49,278 - INFO - Val GPS Trans Loss: 0.017960
2025-05-06 19:06:49,278 - INFO - ATE: 0.8484 ± 0.5952 m
2025-05-06 19:06:49,278 - INFO - RPE Trans: 0.2433 ± 0.0045 m
2025-05-06 19:06:49,278 - INFO - RPE Rot: 0.0135 ± 0.0018 rad
2025-05-06 19:06:49,539 - INFO - New best model saved with validation loss: 14.372820
2025-05-06 19:06:49,792 - INFO - New best ATE model saved with ATE: 0.8484m
2025-05-06 19:06:49,793 - INFO - Epoch 20/100
2025-05-06 19:14:48,754 - INFO - IMU grad norm: 279.3665, Visual grad norm: 1171.7746, Depth grad norm: 1218.8009, GPS grad norm: 1451.3632, IMU/Visual ratio: 0.2384, Depth/Visual ratio: 1.0401, GPS/Visual ratio: 1.2386
2025-05-06 19:19:56,564 - INFO - Train Loss: 13.990626 ± 0.047157
2025-05-06 19:19:56,564 - INFO - Val Loss: 14.175721 ± 0.351877
2025-05-06 19:19:56,565 - INFO - Train Depth Trans Loss: 0.644943
2025-05-06 19:19:56,565 - INFO - Train GPS Trans Loss: 0.001368
2025-05-06 19:19:56,565 - INFO - Val Depth Trans Loss: 0.831894
2025-05-06 19:19:56,565 - INFO - Val GPS Trans Loss: 0.013805
2025-05-06 19:19:56,565 - INFO - ATE: 0.7404 ± 0.5201 m
2025-05-06 19:19:56,565 - INFO - RPE Trans: 0.2126 ± 0.0048 m
2025-05-06 19:19:56,565 - INFO - RPE Rot: 0.0121 ± 0.0017 rad
2025-05-06 19:19:56,813 - INFO - New best model saved with validation loss: 14.175721
2025-05-06 19:19:57,066 - INFO - New best ATE model saved with ATE: 0.7404m
2025-05-06 19:19:57,275 - INFO - Checkpoint saved at epoch 20
2025-05-06 19:19:57,651 - INFO - Epoch 21/100
2025-05-06 19:27:56,330 - INFO - IMU grad norm: 335.3607, Visual grad norm: 1300.2883, Depth grad norm: 1182.5595, GPS grad norm: 1634.5302, IMU/Visual ratio: 0.2579, Depth/Visual ratio: 0.9095, GPS/Visual ratio: 1.2571
2025-05-06 19:33:02,857 - INFO - Train Loss: 13.878072 ± 0.042362
2025-05-06 19:33:02,857 - INFO - Val Loss: 14.070889 ± 0.314543
2025-05-06 19:33:02,857 - INFO - Train Depth Trans Loss: 0.654329
2025-05-06 19:33:02,857 - INFO - Train GPS Trans Loss: 0.001373
2025-05-06 19:33:02,858 - INFO - Val Depth Trans Loss: 1.059117
2025-05-06 19:33:02,858 - INFO - Val GPS Trans Loss: 0.011844
2025-05-06 19:33:02,858 - INFO - ATE: 0.6741 ± 0.4769 m
2025-05-06 19:33:02,858 - INFO - RPE Trans: 0.1964 ± 0.0136 m
2025-05-06 19:33:02,858 - INFO - RPE Rot: 0.0345 ± 0.0034 rad
2025-05-06 19:33:03,113 - INFO - New best model saved with validation loss: 14.070889
2025-05-06 19:33:03,367 - INFO - New best ATE model saved with ATE: 0.6741m
2025-05-06 19:33:03,367 - INFO - Epoch 22/100
2025-05-06 19:41:03,094 - INFO - IMU grad norm: 330.6674, Visual grad norm: 1519.3292, Depth grad norm: 1213.8419, GPS grad norm: 1657.1701, IMU/Visual ratio: 0.2176, Depth/Visual ratio: 0.7989, GPS/Visual ratio: 1.0907
2025-05-06 19:46:11,487 - INFO - Train Loss: 13.777684 ± 0.040375
2025-05-06 19:46:11,487 - INFO - Val Loss: 13.951643 ± 0.309805
2025-05-06 19:46:11,487 - INFO - Train Depth Trans Loss: 0.653406
2025-05-06 19:46:11,487 - INFO - Train GPS Trans Loss: 0.001416
2025-05-06 19:46:11,487 - INFO - Val Depth Trans Loss: 0.924501
2025-05-06 19:46:11,487 - INFO - Val GPS Trans Loss: 0.013928
2025-05-06 19:46:11,488 - INFO - ATE: 0.6753 ± 0.4753 m
2025-05-06 19:46:11,488 - INFO - RPE Trans: 0.1945 ± 0.0074 m
2025-05-06 19:46:11,488 - INFO - RPE Rot: 0.0177 ± 0.0018 rad
2025-05-06 19:46:11,740 - INFO - New best model saved with validation loss: 13.951643
2025-05-06 19:46:11,741 - INFO - Epoch 23/100
2025-05-06 19:53:58,341 - INFO - IMU grad norm: 369.5153, Visual grad norm: 1121.1450, Depth grad norm: 1104.6789, GPS grad norm: 1795.9734, IMU/Visual ratio: 0.3296, Depth/Visual ratio: 0.9853, GPS/Visual ratio: 1.6019
2025-05-06 19:59:15,292 - INFO - Train Loss: 13.678659 ± 0.040041
2025-05-06 19:59:15,292 - INFO - Val Loss: 13.802046 ± 0.289017
2025-05-06 19:59:15,293 - INFO - Train Depth Trans Loss: 0.667110
2025-05-06 19:59:15,293 - INFO - Train GPS Trans Loss: 0.001323
2025-05-06 19:59:15,293 - INFO - Val Depth Trans Loss: 1.050591
2025-05-06 19:59:15,293 - INFO - Val GPS Trans Loss: 0.010896
2025-05-06 19:59:15,293 - INFO - ATE: 0.6007 ± 0.4207 m
2025-05-06 19:59:15,293 - INFO - RPE Trans: 0.1722 ± 0.0057 m
2025-05-06 19:59:15,293 - INFO - RPE Rot: 0.0146 ± 0.0018 rad
2025-05-06 19:59:15,542 - INFO - New best model saved with validation loss: 13.802046
2025-05-06 19:59:15,797 - INFO - New best ATE model saved with ATE: 0.6007m
2025-05-06 19:59:15,797 - INFO - Epoch 24/100
2025-05-06 20:07:04,042 - INFO - IMU grad norm: 345.5509, Visual grad norm: 1545.1095, Depth grad norm: 1212.8915, GPS grad norm: 1721.7636, IMU/Visual ratio: 0.2236, Depth/Visual ratio: 0.7850, GPS/Visual ratio: 1.1143
2025-05-06 20:12:14,942 - INFO - Train Loss: 13.591385 ± 0.038779
2025-05-06 20:12:14,942 - INFO - Val Loss: 13.726820 ± 0.298138
2025-05-06 20:12:14,942 - INFO - Train Depth Trans Loss: 0.678339
2025-05-06 20:12:14,942 - INFO - Train GPS Trans Loss: 0.001411
2025-05-06 20:12:14,942 - INFO - Val Depth Trans Loss: 0.896152
2025-05-06 20:12:14,942 - INFO - Val GPS Trans Loss: 0.010621
2025-05-06 20:12:14,942 - INFO - ATE: 0.6146 ± 0.4326 m
2025-05-06 20:12:14,942 - INFO - RPE Trans: 0.1770 ± 0.0060 m
2025-05-06 20:12:14,942 - INFO - RPE Rot: 0.0155 ± 0.0018 rad
2025-05-06 20:12:15,211 - INFO - New best model saved with validation loss: 13.726820
2025-05-06 20:12:15,212 - INFO - Epoch 25/100
2025-05-06 20:20:10,466 - INFO - IMU grad norm: 360.1119, Visual grad norm: 1309.4180, Depth grad norm: 1155.7931, GPS grad norm: 1774.0611, IMU/Visual ratio: 0.2750, Depth/Visual ratio: 0.8827, GPS/Visual ratio: 1.3548
2025-05-06 20:25:17,659 - INFO - Train Loss: 13.503491 ± 0.037592
2025-05-06 20:25:17,659 - INFO - Val Loss: 13.628552 ± 0.290649
2025-05-06 20:25:17,659 - INFO - Train Depth Trans Loss: 0.701354
2025-05-06 20:25:17,659 - INFO - Train GPS Trans Loss: 0.001342
2025-05-06 20:25:17,659 - INFO - Val Depth Trans Loss: 1.232894
2025-05-06 20:25:17,659 - INFO - Val GPS Trans Loss: 0.010062
2025-05-06 20:25:17,659 - INFO - ATE: 0.5572 ± 0.3878 m
2025-05-06 20:25:17,659 - INFO - RPE Trans: 0.1595 ± 0.0082 m
2025-05-06 20:25:17,659 - INFO - RPE Rot: 0.0186 ± 0.0020 rad
2025-05-06 20:25:17,914 - INFO - New best model saved with validation loss: 13.628552
2025-05-06 20:25:18,177 - INFO - New best ATE model saved with ATE: 0.5572m
2025-05-06 20:25:18,177 - INFO - Epoch 26/100
2025-05-06 20:33:16,213 - INFO - IMU grad norm: 367.8625, Visual grad norm: 1372.9628, Depth grad norm: 1151.6622, GPS grad norm: 1805.2217, IMU/Visual ratio: 0.2679, Depth/Visual ratio: 0.8388, GPS/Visual ratio: 1.3148
2025-05-06 20:38:27,438 - INFO - Train Loss: 13.423705 ± 0.034394
2025-05-06 20:38:27,438 - INFO - Val Loss: 13.639097 ± 0.338757
2025-05-06 20:38:27,439 - INFO - Train Depth Trans Loss: 0.712362
2025-05-06 20:38:27,439 - INFO - Train GPS Trans Loss: 0.001324
2025-05-06 20:38:27,439 - INFO - Val Depth Trans Loss: 1.212770
2025-05-06 20:38:27,439 - INFO - Val GPS Trans Loss: 0.012146
2025-05-06 20:38:27,439 - INFO - ATE: 0.6397 ± 0.4550 m
2025-05-06 20:38:27,439 - INFO - RPE Trans: 0.1871 ± 0.0151 m
2025-05-06 20:38:27,439 - INFO - RPE Rot: 0.0362 ± 0.0036 rad
2025-05-06 20:38:27,439 - INFO - Epoch 27/100
2025-05-06 20:46:23,651 - INFO - IMU grad norm: 373.5541, Visual grad norm: 1574.7521, Depth grad norm: 1210.2216, GPS grad norm: 1840.1946, IMU/Visual ratio: 0.2372, Depth/Visual ratio: 0.7685, GPS/Visual ratio: 1.1686
2025-05-06 20:51:29,858 - INFO - Train Loss: 13.354195 ± 0.035731
2025-05-06 20:51:29,858 - INFO - Val Loss: 13.607571 ± 0.406353
2025-05-06 20:51:29,858 - INFO - Train Depth Trans Loss: 0.729770
2025-05-06 20:51:29,858 - INFO - Train GPS Trans Loss: 0.001343
2025-05-06 20:51:29,858 - INFO - Val Depth Trans Loss: 1.237005
2025-05-06 20:51:29,858 - INFO - Val GPS Trans Loss: 0.012590
2025-05-06 20:51:29,858 - INFO - ATE: 0.6546 ± 0.4670 m
2025-05-06 20:51:29,858 - INFO - RPE Trans: 0.1925 ± 0.0150 m
2025-05-06 20:51:29,858 - INFO - RPE Rot: 0.0362 ± 0.0058 rad
2025-05-06 20:51:30,117 - INFO - New best model saved with validation loss: 13.607571
2025-05-06 20:51:30,117 - INFO - Epoch 28/100
2025-05-06 20:59:17,515 - INFO - IMU grad norm: 375.7887, Visual grad norm: 1299.0470, Depth grad norm: 1160.5621, GPS grad norm: 1849.2454, IMU/Visual ratio: 0.2893, Depth/Visual ratio: 0.8934, GPS/Visual ratio: 1.4235
2025-05-06 21:04:27,037 - INFO - Train Loss: 13.284702 ± 0.030870
2025-05-06 21:04:27,037 - INFO - Val Loss: 13.459104 ± 0.316773
2025-05-06 21:04:27,037 - INFO - Train Depth Trans Loss: 0.751662
2025-05-06 21:04:27,037 - INFO - Train GPS Trans Loss: 0.001336
2025-05-06 21:04:27,037 - INFO - Val Depth Trans Loss: 1.141392
2025-05-06 21:04:27,037 - INFO - Val GPS Trans Loss: 0.010997
2025-05-06 21:04:27,037 - INFO - ATE: 0.6057 ± 0.4248 m
2025-05-06 21:04:27,037 - INFO - RPE Trans: 0.1746 ± 0.0125 m
2025-05-06 21:04:27,037 - INFO - RPE Rot: 0.0284 ± 0.0031 rad
2025-05-06 21:04:27,289 - INFO - New best model saved with validation loss: 13.459104
2025-05-06 21:04:27,289 - INFO - Epoch 29/100
2025-05-06 21:12:18,229 - INFO - IMU grad norm: 404.7809, Visual grad norm: 1458.5415, Depth grad norm: 1203.1079, GPS grad norm: 1899.0520, IMU/Visual ratio: 0.2775, Depth/Visual ratio: 0.8249, GPS/Visual ratio: 1.3020
2025-05-06 21:17:34,683 - INFO - Train Loss: 13.223375 ± 0.031184
2025-05-06 21:17:34,683 - INFO - Val Loss: 13.385255 ± 0.321055
2025-05-06 21:17:34,683 - INFO - Train Depth Trans Loss: 0.765402
2025-05-06 21:17:34,683 - INFO - Train GPS Trans Loss: 0.001315
2025-05-06 21:17:34,683 - INFO - Val Depth Trans Loss: 1.404608
2025-05-06 21:17:34,683 - INFO - Val GPS Trans Loss: 0.011792
2025-05-06 21:17:34,683 - INFO - ATE: 0.6257 ± 0.4391 m
2025-05-06 21:17:34,683 - INFO - RPE Trans: 0.1796 ± 0.0079 m
2025-05-06 21:17:34,683 - INFO - RPE Rot: 0.0167 ± 0.0018 rad
2025-05-06 21:17:34,935 - INFO - New best model saved with validation loss: 13.385255
2025-05-06 21:17:34,936 - INFO - Epoch 30/100
2025-05-06 21:25:34,813 - INFO - IMU grad norm: 388.1587, Visual grad norm: 1477.1362, Depth grad norm: 1217.7373, GPS grad norm: 1874.7494, IMU/Visual ratio: 0.2628, Depth/Visual ratio: 0.8244, GPS/Visual ratio: 1.2692
2025-05-06 21:30:43,589 - INFO - Train Loss: 13.168872 ± 0.031703
2025-05-06 21:30:43,589 - INFO - Val Loss: 13.328482 ± 0.322564
2025-05-06 21:30:43,589 - INFO - Train Depth Trans Loss: 0.779570
2025-05-06 21:30:43,589 - INFO - Train GPS Trans Loss: 0.001335
2025-05-06 21:30:43,589 - INFO - Val Depth Trans Loss: 1.435494
2025-05-06 21:30:43,589 - INFO - Val GPS Trans Loss: 0.011890
2025-05-06 21:30:43,589 - INFO - ATE: 0.5990 ± 0.4202 m
2025-05-06 21:30:43,589 - INFO - RPE Trans: 0.1722 ± 0.0078 m
2025-05-06 21:30:43,589 - INFO - RPE Rot: 0.0169 ± 0.0023 rad
2025-05-06 21:30:43,840 - INFO - New best model saved with validation loss: 13.328482
2025-05-06 21:30:44,051 - INFO - Checkpoint saved at epoch 30
2025-05-06 21:30:44,407 - INFO - Epoch 31/100
2025-05-06 21:38:41,819 - INFO - IMU grad norm: 360.7252, Visual grad norm: 1368.3489, Depth grad norm: 1225.3903, GPS grad norm: 1733.8769, IMU/Visual ratio: 0.2636, Depth/Visual ratio: 0.8955, GPS/Visual ratio: 1.2671
2025-05-06 21:43:53,799 - INFO - Train Loss: 13.118087 ± 0.030206
2025-05-06 21:43:53,799 - INFO - Val Loss: 13.253132 ± 0.302700
2025-05-06 21:43:53,799 - INFO - Train Depth Trans Loss: 0.792359
2025-05-06 21:43:53,799 - INFO - Train GPS Trans Loss: 0.001284
2025-05-06 21:43:53,799 - INFO - Val Depth Trans Loss: 1.292586
2025-05-06 21:43:53,799 - INFO - Val GPS Trans Loss: 0.009779
2025-05-06 21:43:53,799 - INFO - ATE: 0.5655 ± 0.3971 m
2025-05-06 21:43:53,799 - INFO - RPE Trans: 0.1629 ± 0.0078 m
2025-05-06 21:43:53,799 - INFO - RPE Rot: 0.0176 ± 0.0021 rad
2025-05-06 21:43:54,055 - INFO - New best model saved with validation loss: 13.253132
2025-05-06 21:43:54,055 - INFO - Epoch 32/100
2025-05-06 21:51:40,620 - INFO - IMU grad norm: 398.1700, Visual grad norm: 1354.2578, Depth grad norm: 1244.6316, GPS grad norm: 1856.6169, IMU/Visual ratio: 0.2940, Depth/Visual ratio: 0.9191, GPS/Visual ratio: 1.3709
2025-05-07 01:55:03,128 - INFO - Epoch 1/100
2025-05-07 02:02:53,888 - INFO - IMU grad norm: 252730.8204, Visual grad norm: 1226262.4660, Depth grad norm: 1049455.0314, GPS grad norm: 1766532.0370, IMU/Visual ratio: 0.2061, Depth/Visual ratio: 0.8558, GPS/Visual ratio: 1.4406
2025-05-07 02:08:04,194 - INFO - Train Loss: 128.953946 ± 808.237887
2025-05-07 02:08:04,195 - INFO - Val Loss: 32.007847 ± 0.303017
2025-05-07 02:08:04,195 - INFO - Train Depth Trans Loss: 54.115974
2025-05-07 02:08:04,195 - INFO - Train GPS Trans Loss: 4.418054
2025-05-07 02:08:04,195 - INFO - Val Depth Trans Loss: 44.136581
2025-05-07 02:08:04,195 - INFO - Val GPS Trans Loss: 0.108845
2025-05-07 02:08:04,195 - INFO - ATE: 1.9740 ± 1.3896 m
2025-05-07 02:08:04,195 - INFO - RPE Trans: 0.5687 ± 0.0349 m
2025-05-07 02:08:04,195 - INFO - RPE Rot: 0.0596 ± 0.0026 rad
2025-05-07 02:08:04,448 - INFO - New best model saved with validation loss: 32.007847
2025-05-07 02:08:04,704 - INFO - New best ATE model saved with ATE: 1.9740m
2025-05-07 02:08:04,704 - INFO - Epoch 2/100
2025-05-07 02:15:52,745 - INFO - IMU grad norm: 63.9664, Visual grad norm: 1155.0761, Depth grad norm: 1956.9758, GPS grad norm: 2494.8614, IMU/Visual ratio: 0.0554, Depth/Visual ratio: 1.6942, GPS/Visual ratio: 2.1599
2025-05-07 02:20:59,558 - INFO - Train Loss: 27.087076 ± 2.411865
2025-05-07 02:20:59,558 - INFO - Val Loss: 23.567467 ± 0.300680
2025-05-07 02:20:59,558 - INFO - Train Depth Trans Loss: 32.418443
2025-05-07 02:20:59,558 - INFO - Train GPS Trans Loss: 0.079343
2025-05-07 02:20:59,558 - INFO - Val Depth Trans Loss: 30.063319
2025-05-07 02:20:59,558 - INFO - Val GPS Trans Loss: 0.133875
2025-05-07 02:20:59,558 - INFO - ATE: 1.8843 ± 1.3198 m
2025-05-07 02:20:59,558 - INFO - RPE Trans: 0.5391 ± 0.0116 m
2025-05-07 02:20:59,558 - INFO - RPE Rot: 0.0119 ± 0.0017 rad
2025-05-07 02:20:59,808 - INFO - New best model saved with validation loss: 23.567467
2025-05-07 02:21:00,062 - INFO - New best ATE model saved with ATE: 1.8843m
2025-05-07 02:21:00,063 - INFO - Epoch 3/100
2025-05-07 02:28:58,935 - INFO - IMU grad norm: 9.0478, Visual grad norm: 1567.0634, Depth grad norm: 1288.3578, GPS grad norm: 1063.9451, IMU/Visual ratio: 0.0058, Depth/Visual ratio: 0.8221, GPS/Visual ratio: 0.6789
2025-05-07 02:34:15,546 - INFO - Train Loss: 21.332506 ± 1.062907
2025-05-07 02:34:15,546 - INFO - Val Loss: 19.990315 ± 0.326471
2025-05-07 02:34:15,546 - INFO - Train Depth Trans Loss: 17.833099
2025-05-07 02:34:15,546 - INFO - Train GPS Trans Loss: 0.046135
2025-05-07 02:34:15,546 - INFO - Val Depth Trans Loss: 14.117201
2025-05-07 02:34:15,546 - INFO - Val GPS Trans Loss: 0.181667
2025-05-07 02:34:15,546 - INFO - ATE: 2.3381 ± 1.6403 m
2025-05-07 02:34:15,546 - INFO - RPE Trans: 0.6697 ± 0.0120 m
2025-05-07 02:34:15,546 - INFO - RPE Rot: 0.0137 ± 0.0015 rad
2025-05-07 02:34:15,809 - INFO - New best model saved with validation loss: 19.990315
2025-05-07 02:34:15,809 - INFO - Epoch 4/100
2025-05-07 02:42:14,736 - INFO - IMU grad norm: 6.1761, Visual grad norm: 1470.8202, Depth grad norm: 1185.5794, GPS grad norm: 626.8158, IMU/Visual ratio: 0.0042, Depth/Visual ratio: 0.8061, GPS/Visual ratio: 0.4262
2025-05-07 02:47:30,346 - INFO - Train Loss: 18.711975 ± 0.519338
2025-05-07 02:47:30,346 - INFO - Val Loss: 18.175225 ± 0.316218
2025-05-07 02:47:30,347 - INFO - Train Depth Trans Loss: 7.396239
2025-05-07 02:47:30,347 - INFO - Train GPS Trans Loss: 0.033181
2025-05-07 02:47:30,347 - INFO - Val Depth Trans Loss: 5.216808
2025-05-07 02:47:30,347 - INFO - Val GPS Trans Loss: 0.146795
2025-05-07 02:47:30,347 - INFO - ATE: 2.3341 ± 1.6438 m
2025-05-07 02:47:30,347 - INFO - RPE Trans: 0.6704 ± 0.0137 m
2025-05-07 02:47:30,347 - INFO - RPE Rot: 0.0194 ± 0.0017 rad
2025-05-07 02:47:30,595 - INFO - New best model saved with validation loss: 18.175225
2025-05-07 02:47:30,596 - INFO - Epoch 5/100
2025-05-07 02:55:29,381 - INFO - IMU grad norm: 7.4205, Visual grad norm: 1373.6793, Depth grad norm: 1209.2385, GPS grad norm: 394.1392, IMU/Visual ratio: 0.0054, Depth/Visual ratio: 0.8803, GPS/Visual ratio: 0.2869
2025-05-07 03:00:41,557 - INFO - Train Loss: 17.425892 ± 0.273140
2025-05-07 03:00:41,558 - INFO - Val Loss: 17.340089 ± 0.345399
2025-05-07 03:00:41,558 - INFO - Train Depth Trans Loss: 2.396871
2025-05-07 03:00:41,558 - INFO - Train GPS Trans Loss: 0.022892
2025-05-07 03:00:41,558 - INFO - Val Depth Trans Loss: 1.500108
2025-05-07 03:00:41,558 - INFO - Val GPS Trans Loss: 0.187832
2025-05-07 03:00:41,558 - INFO - ATE: 2.4510 ± 1.7178 m
2025-05-07 03:00:41,558 - INFO - RPE Trans: 0.7014 ± 0.0085 m
2025-05-07 03:00:41,558 - INFO - RPE Rot: 0.0148 ± 0.0017 rad
2025-05-07 03:00:41,810 - INFO - New best model saved with validation loss: 17.340089
2025-05-07 03:00:41,811 - INFO - Epoch 6/100
2025-05-07 03:08:25,944 - INFO - IMU grad norm: 14.3666, Visual grad norm: 1372.4440, Depth grad norm: 1438.7511, GPS grad norm: 314.4435, IMU/Visual ratio: 0.0105, Depth/Visual ratio: 1.0483, GPS/Visual ratio: 0.2291
2025-05-07 03:13:41,706 - INFO - Train Loss: 16.729093 ± 0.170015
2025-05-07 03:13:41,706 - INFO - Val Loss: 16.745809 ± 0.368812
2025-05-07 03:13:41,706 - INFO - Train Depth Trans Loss: 0.969227
2025-05-07 03:13:41,706 - INFO - Train GPS Trans Loss: 0.016960
2025-05-07 03:13:41,706 - INFO - Val Depth Trans Loss: 0.973277
2025-05-07 03:13:41,706 - INFO - Val GPS Trans Loss: 0.154949
2025-05-07 03:13:41,706 - INFO - ATE: 2.0973 ± 1.4641 m
2025-05-07 03:13:41,706 - INFO - RPE Trans: 0.5981 ± 0.0100 m
2025-05-07 03:13:41,706 - INFO - RPE Rot: 0.0164 ± 0.0018 rad
2025-05-07 03:13:41,955 - INFO - New best model saved with validation loss: 16.745809
2025-05-07 03:13:41,956 - INFO - Epoch 7/100
2025-05-07 03:21:25,954 - INFO - IMU grad norm: 18.6756, Visual grad norm: 1120.9026, Depth grad norm: 1566.8624, GPS grad norm: 274.1750, IMU/Visual ratio: 0.0167, Depth/Visual ratio: 1.3979, GPS/Visual ratio: 0.2446
2025-05-07 03:26:32,554 - INFO - Train Loss: 16.277323 ± 0.126237
2025-05-07 03:26:32,554 - INFO - Val Loss: 16.390664 ± 0.375076
2025-05-07 03:26:32,554 - INFO - Train Depth Trans Loss: 0.657599
2025-05-07 03:26:32,554 - INFO - Train GPS Trans Loss: 0.011506
2025-05-07 03:26:32,554 - INFO - Val Depth Trans Loss: 1.020239
2025-05-07 03:26:32,554 - INFO - Val GPS Trans Loss: 0.156090
2025-05-07 03:26:32,554 - INFO - ATE: 2.1703 ± 1.5136 m
2025-05-07 03:26:32,555 - INFO - RPE Trans: 0.6183 ± 0.0093 m
2025-05-07 03:26:32,555 - INFO - RPE Rot: 0.0157 ± 0.0016 rad
2025-05-07 03:26:32,798 - INFO - New best model saved with validation loss: 16.390664
2025-05-07 03:26:32,799 - INFO - Epoch 8/100
2025-05-07 03:34:30,168 - INFO - IMU grad norm: 15.4931, Visual grad norm: 1167.1215, Depth grad norm: 1652.7332, GPS grad norm: 240.1581, IMU/Visual ratio: 0.0133, Depth/Visual ratio: 1.4161, GPS/Visual ratio: 0.2058
2025-05-07 03:39:41,877 - INFO - Train Loss: 15.949623 ± 0.103861
2025-05-07 03:39:41,877 - INFO - Val Loss: 16.162832 ± 0.327819
2025-05-07 03:39:41,877 - INFO - Train Depth Trans Loss: 0.523305
2025-05-07 03:39:41,878 - INFO - Train GPS Trans Loss: 0.010055
2025-05-07 03:39:41,878 - INFO - Val Depth Trans Loss: 0.624816
2025-05-07 03:39:41,878 - INFO - Val GPS Trans Loss: 0.185928
2025-05-07 03:39:41,878 - INFO - ATE: 2.4707 ± 1.7308 m
2025-05-07 03:39:41,878 - INFO - RPE Trans: 0.7065 ± 0.0075 m
2025-05-07 03:39:41,878 - INFO - RPE Rot: 0.0150 ± 0.0019 rad
2025-05-07 03:39:42,129 - INFO - New best model saved with validation loss: 16.162832
2025-05-07 03:39:42,129 - INFO - Epoch 9/100
2025-05-07 03:47:32,532 - INFO - IMU grad norm: 21.1166, Visual grad norm: 1193.6682, Depth grad norm: 1761.1365, GPS grad norm: 235.9104, IMU/Visual ratio: 0.0177, Depth/Visual ratio: 1.4754, GPS/Visual ratio: 0.1976
2025-05-07 03:52:47,632 - INFO - Train Loss: 15.677308 ± 0.091840
2025-05-07 03:52:47,632 - INFO - Val Loss: 15.809909 ± 0.360865
2025-05-07 03:52:47,632 - INFO - Train Depth Trans Loss: 0.465518
2025-05-07 03:52:47,632 - INFO - Train GPS Trans Loss: 0.008316
2025-05-07 03:52:47,632 - INFO - Val Depth Trans Loss: 0.727676
2025-05-07 03:52:47,632 - INFO - Val GPS Trans Loss: 0.138486
2025-05-07 03:52:47,632 - INFO - ATE: 1.9550 ± 1.3707 m
2025-05-07 03:52:47,632 - INFO - RPE Trans: 0.5595 ± 0.0069 m
2025-05-07 03:52:47,632 - INFO - RPE Rot: 0.0139 ± 0.0019 rad
2025-05-07 03:52:47,880 - INFO - New best model saved with validation loss: 15.809909
2025-05-07 03:52:47,880 - INFO - Epoch 10/100
2025-05-07 04:00:32,185 - INFO - IMU grad norm: 24.3635, Visual grad norm: 1291.9663, Depth grad norm: 1807.8133, GPS grad norm: 246.5436, IMU/Visual ratio: 0.0189, Depth/Visual ratio: 1.3993, GPS/Visual ratio: 0.1908
2025-05-07 04:05:48,521 - INFO - Train Loss: 15.440907 ± 0.080790
2025-05-07 04:05:48,522 - INFO - Val Loss: 15.809094 ± 0.383515
2025-05-07 04:05:48,522 - INFO - Train Depth Trans Loss: 0.448560
2025-05-07 04:05:48,522 - INFO - Train GPS Trans Loss: 0.007765
2025-05-07 04:05:48,522 - INFO - Val Depth Trans Loss: 0.775921
2025-05-07 04:05:48,522 - INFO - Val GPS Trans Loss: 0.243904
2025-05-07 04:05:48,522 - INFO - ATE: 2.8245 ± 1.9731 m
2025-05-07 04:05:48,522 - INFO - RPE Trans: 0.8054 ± 0.0128 m
2025-05-07 04:05:48,522 - INFO - RPE Rot: 0.0166 ± 0.0021 rad
2025-05-07 04:05:48,766 - INFO - New best model saved with validation loss: 15.809094
2025-05-07 04:05:49,022 - INFO - Checkpoint saved at epoch 10
2025-05-07 04:05:49,951 - INFO - Epoch 11/100
2025-05-07 04:13:40,564 - INFO - IMU grad norm: 24.1375, Visual grad norm: 1207.2730, Depth grad norm: 1851.2592, GPS grad norm: 257.0115, IMU/Visual ratio: 0.0200, Depth/Visual ratio: 1.5334, GPS/Visual ratio: 0.2129
2025-05-07 04:18:48,241 - INFO - Train Loss: 15.228063 ± 0.075202
2025-05-07 04:18:48,242 - INFO - Val Loss: 15.433780 ± 0.357802
2025-05-07 04:18:48,242 - INFO - Train Depth Trans Loss: 0.456208
2025-05-07 04:18:48,242 - INFO - Train GPS Trans Loss: 0.007005
2025-05-07 04:18:48,242 - INFO - Val Depth Trans Loss: 0.608785
2025-05-07 04:18:48,242 - INFO - Val GPS Trans Loss: 0.156901
2025-05-07 04:18:48,242 - INFO - ATE: 2.1778 ± 1.5249 m
2025-05-07 04:18:48,242 - INFO - RPE Trans: 0.6226 ± 0.0079 m
2025-05-07 04:18:48,242 - INFO - RPE Rot: 0.0168 ± 0.0020 rad
2025-05-07 04:18:48,498 - INFO - New best model saved with validation loss: 15.433780
2025-05-07 04:18:48,499 - INFO - Epoch 12/100
2025-05-07 04:26:41,194 - INFO - IMU grad norm: 21.9623, Visual grad norm: 1226.5176, Depth grad norm: 1859.0674, GPS grad norm: 290.7841, IMU/Visual ratio: 0.0179, Depth/Visual ratio: 1.5157, GPS/Visual ratio: 0.2371
2025-05-07 04:31:48,098 - INFO - Train Loss: 15.032617 ± 0.068424
2025-05-07 04:31:48,098 - INFO - Val Loss: 15.186944 ± 0.344142
2025-05-07 04:31:48,098 - INFO - Train Depth Trans Loss: 0.462311
2025-05-07 04:31:48,098 - INFO - Train GPS Trans Loss: 0.006446
2025-05-07 04:31:48,098 - INFO - Val Depth Trans Loss: 0.488775
2025-05-07 04:31:48,098 - INFO - Val GPS Trans Loss: 0.126171
2025-05-07 04:31:48,098 - INFO - ATE: 1.8962 ± 1.3296 m
2025-05-07 04:31:48,098 - INFO - RPE Trans: 0.5431 ± 0.0059 m
2025-05-07 04:31:48,098 - INFO - RPE Rot: 0.0177 ± 0.0018 rad
2025-05-07 04:31:48,353 - INFO - New best model saved with validation loss: 15.186944
2025-05-07 04:31:48,354 - INFO - Epoch 13/100
2025-05-07 04:39:46,974 - INFO - IMU grad norm: 26.1008, Visual grad norm: 1089.0911, Depth grad norm: 1862.2660, GPS grad norm: 408.1342, IMU/Visual ratio: 0.0240, Depth/Visual ratio: 1.7099, GPS/Visual ratio: 0.3747
2025-05-07 04:45:03,393 - INFO - Train Loss: 14.851337 ± 0.068505
2025-05-07 04:45:03,393 - INFO - Val Loss: 14.970540 ± 0.331949
2025-05-07 04:45:03,393 - INFO - Train Depth Trans Loss: 0.497465
2025-05-07 04:45:03,393 - INFO - Train GPS Trans Loss: 0.005835
2025-05-07 04:45:03,393 - INFO - Val Depth Trans Loss: 0.649658
2025-05-07 04:45:03,393 - INFO - Val GPS Trans Loss: 0.104012
2025-05-07 04:45:03,393 - INFO - ATE: 1.6952 ± 1.1871 m
2025-05-07 04:45:03,393 - INFO - RPE Trans: 0.4848 ± 0.0067 m
2025-05-07 04:45:03,393 - INFO - RPE Rot: 0.0148 ± 0.0017 rad
2025-05-07 04:45:03,647 - INFO - New best model saved with validation loss: 14.970540
2025-05-07 04:45:03,899 - INFO - New best ATE model saved with ATE: 1.6952m
2025-05-07 04:45:03,900 - INFO - Epoch 14/100
2025-05-07 04:52:46,590 - INFO - IMU grad norm: 35.0977, Visual grad norm: 1109.7076, Depth grad norm: 1811.3476, GPS grad norm: 557.6888, IMU/Visual ratio: 0.0316, Depth/Visual ratio: 1.6323, GPS/Visual ratio: 0.5026
2025-05-07 04:58:02,159 - INFO - Train Loss: 14.680328 ± 0.059847
2025-05-07 04:58:02,159 - INFO - Val Loss: 14.726912 ± 0.254862
2025-05-07 04:58:02,159 - INFO - Train Depth Trans Loss: 0.517213
2025-05-07 04:58:02,159 - INFO - Train GPS Trans Loss: 0.005316
2025-05-07 04:58:02,159 - INFO - Val Depth Trans Loss: 0.625093
2025-05-07 04:58:02,159 - INFO - Val GPS Trans Loss: 0.054296
2025-05-07 04:58:02,159 - INFO - ATE: 1.5357 ± 1.0781 m
2025-05-07 04:58:02,159 - INFO - RPE Trans: 0.4400 ± 0.0071 m
2025-05-07 04:58:02,159 - INFO - RPE Rot: 0.0131 ± 0.0019 rad
2025-05-07 04:58:02,413 - INFO - New best model saved with validation loss: 14.726912
2025-05-07 04:58:02,668 - INFO - New best ATE model saved with ATE: 1.5357m
2025-05-07 04:58:02,668 - INFO - Epoch 15/100
2025-05-07 05:05:47,157 - INFO - IMU grad norm: 50.1223, Visual grad norm: 1005.8085, Depth grad norm: 1699.4172, GPS grad norm: 725.0734, IMU/Visual ratio: 0.0498, Depth/Visual ratio: 1.6896, GPS/Visual ratio: 0.7209
2025-05-07 05:10:53,242 - INFO - Train Loss: 14.523265 ± 0.057304
2025-05-07 05:10:53,242 - INFO - Val Loss: 14.488534 ± 0.223143
2025-05-07 05:10:53,242 - INFO - Train Depth Trans Loss: 0.552851
2025-05-07 05:10:53,242 - INFO - Train GPS Trans Loss: 0.004583
2025-05-07 05:10:53,242 - INFO - Val Depth Trans Loss: 0.477767
2025-05-07 05:10:53,242 - INFO - Val GPS Trans Loss: 0.019249
2025-05-07 05:10:53,242 - INFO - ATE: 0.9169 ± 0.6427 m
2025-05-07 05:10:53,242 - INFO - RPE Trans: 0.2626 ± 0.0038 m
2025-05-07 05:10:53,242 - INFO - RPE Rot: 0.0136 ± 0.0018 rad
2025-05-07 05:10:53,497 - INFO - New best model saved with validation loss: 14.488534
2025-05-07 05:10:53,756 - INFO - New best ATE model saved with ATE: 0.9169m
2025-05-07 05:10:53,757 - INFO - Epoch 16/100
2025-05-07 05:18:37,028 - INFO - IMU grad norm: 63.3392, Visual grad norm: 938.0360, Depth grad norm: 1663.0524, GPS grad norm: 771.3682, IMU/Visual ratio: 0.0675, Depth/Visual ratio: 1.7729, GPS/Visual ratio: 0.8223
2025-05-07 05:23:52,845 - INFO - Train Loss: 14.375416 ± 0.052945
2025-05-07 05:23:52,845 - INFO - Val Loss: 14.336528 ± 0.216408
2025-05-07 05:23:52,845 - INFO - Train Depth Trans Loss: 0.577056
2025-05-07 05:23:52,845 - INFO - Train GPS Trans Loss: 0.004306
2025-05-07 05:23:52,845 - INFO - Val Depth Trans Loss: 0.742813
2025-05-07 05:23:52,845 - INFO - Val GPS Trans Loss: 0.013844
2025-05-07 05:23:52,845 - INFO - ATE: 0.7237 ± 0.5075 m
2025-05-07 05:23:52,845 - INFO - RPE Trans: 0.2078 ± 0.0066 m
2025-05-07 05:23:52,845 - INFO - RPE Rot: 0.0168 ± 0.0017 rad
2025-05-07 05:23:53,092 - INFO - New best model saved with validation loss: 14.336528
2025-05-07 05:23:53,350 - INFO - New best ATE model saved with ATE: 0.7237m
2025-05-07 05:23:53,351 - INFO - Epoch 17/100
2025-05-07 05:31:53,769 - INFO - IMU grad norm: 74.9096, Visual grad norm: 931.7627, Depth grad norm: 1638.4415, GPS grad norm: 786.0351, IMU/Visual ratio: 0.0804, Depth/Visual ratio: 1.7584, GPS/Visual ratio: 0.8436
2025-05-07 05:37:09,176 - INFO - Train Loss: 14.236566 ± 0.054794
2025-05-07 05:37:09,176 - INFO - Val Loss: 14.210030 ± 0.235859
2025-05-07 05:37:09,176 - INFO - Train Depth Trans Loss: 0.597842
2025-05-07 05:37:09,176 - INFO - Train GPS Trans Loss: 0.004075
2025-05-07 05:37:09,176 - INFO - Val Depth Trans Loss: 0.733811
2025-05-07 05:37:09,176 - INFO - Val GPS Trans Loss: 0.014434
2025-05-07 05:37:09,176 - INFO - ATE: 0.7017 ± 0.4943 m
2025-05-07 05:37:09,176 - INFO - RPE Trans: 0.2022 ± 0.0071 m
2025-05-07 05:37:09,176 - INFO - RPE Rot: 0.0189 ± 0.0021 rad
2025-05-07 05:37:09,428 - INFO - New best model saved with validation loss: 14.210030
2025-05-07 05:37:09,682 - INFO - New best ATE model saved with ATE: 0.7017m
2025-05-07 05:37:09,682 - INFO - Epoch 18/100
2025-05-07 05:44:54,033 - INFO - IMU grad norm: 85.4589, Visual grad norm: 920.8362, Depth grad norm: 1591.8642, GPS grad norm: 838.9897, IMU/Visual ratio: 0.0928, Depth/Visual ratio: 1.7287, GPS/Visual ratio: 0.9111
2025-05-07 05:50:00,418 - INFO - Train Loss: 14.106023 ± 0.051267
2025-05-07 05:50:00,418 - INFO - Val Loss: 14.074509 ± 0.222443
2025-05-07 05:50:00,418 - INFO - Train Depth Trans Loss: 0.622022
2025-05-07 05:50:00,418 - INFO - Train GPS Trans Loss: 0.004025
2025-05-07 05:50:00,418 - INFO - Val Depth Trans Loss: 0.902760
2025-05-07 05:50:00,418 - INFO - Val GPS Trans Loss: 0.013629
2025-05-07 05:50:00,419 - INFO - ATE: 0.6186 ± 0.4332 m
2025-05-07 05:50:00,419 - INFO - RPE Trans: 0.1776 ± 0.0058 m
2025-05-07 05:50:00,419 - INFO - RPE Rot: 0.0186 ± 0.0017 rad
2025-05-07 05:50:00,665 - INFO - New best model saved with validation loss: 14.074509
2025-05-07 05:50:00,923 - INFO - New best ATE model saved with ATE: 0.6186m
2025-05-07 05:50:00,923 - INFO - Epoch 19/100
2025-05-07 05:57:46,259 - INFO - IMU grad norm: 96.5196, Visual grad norm: 835.9314, Depth grad norm: 1570.6062, GPS grad norm: 853.0727, IMU/Visual ratio: 0.1155, Depth/Visual ratio: 1.8789, GPS/Visual ratio: 1.0205
2025-05-07 06:02:57,267 - INFO - Train Loss: 13.983157 ± 0.047148
2025-05-07 06:02:57,267 - INFO - Val Loss: 13.951218 ± 0.210177
2025-05-07 06:02:57,267 - INFO - Train Depth Trans Loss: 0.667176
2025-05-07 06:02:57,267 - INFO - Train GPS Trans Loss: 0.003959
2025-05-07 06:02:57,267 - INFO - Val Depth Trans Loss: 0.953894
2025-05-07 06:02:57,267 - INFO - Val GPS Trans Loss: 0.012589
2025-05-07 06:02:57,267 - INFO - ATE: 0.6388 ± 0.4483 m
2025-05-07 06:02:57,267 - INFO - RPE Trans: 0.1835 ± 0.0053 m
2025-05-07 06:02:57,267 - INFO - RPE Rot: 0.0150 ± 0.0016 rad
2025-05-07 06:02:57,535 - INFO - New best model saved with validation loss: 13.951218
2025-05-07 06:02:57,536 - INFO - Epoch 20/100
2025-05-07 06:10:54,801 - INFO - IMU grad norm: 98.3649, Visual grad norm: 981.5558, Depth grad norm: 1579.1621, GPS grad norm: 889.0331, IMU/Visual ratio: 0.1002, Depth/Visual ratio: 1.6088, GPS/Visual ratio: 0.9057
2025-05-07 06:16:11,339 - INFO - Train Loss: 13.868428 ± 0.048373
2025-05-07 06:16:11,340 - INFO - Val Loss: 13.858519 ± 0.240148
2025-05-07 06:16:11,340 - INFO - Train Depth Trans Loss: 0.700507
2025-05-07 06:16:11,340 - INFO - Train GPS Trans Loss: 0.003951
2025-05-07 06:16:11,340 - INFO - Val Depth Trans Loss: 1.196298
2025-05-07 06:16:11,340 - INFO - Val GPS Trans Loss: 0.012174
2025-05-07 06:16:11,340 - INFO - ATE: 0.6343 ± 0.4453 m
2025-05-07 06:16:11,340 - INFO - RPE Trans: 0.1825 ± 0.0079 m
2025-05-07 06:16:11,340 - INFO - RPE Rot: 0.0201 ± 0.0021 rad
2025-05-07 06:16:11,584 - INFO - New best model saved with validation loss: 13.858519
2025-05-07 06:16:11,827 - INFO - Checkpoint saved at epoch 20
2025-05-07 06:16:12,199 - INFO - Epoch 21/100
2025-05-07 06:24:07,950 - INFO - IMU grad norm: 106.6278, Visual grad norm: 843.7648, Depth grad norm: 1557.1294, GPS grad norm: 886.8670, IMU/Visual ratio: 0.1264, Depth/Visual ratio: 1.8455, GPS/Visual ratio: 1.0511
2025-05-07 06:29:22,787 - INFO - Train Loss: 13.758172 ± 0.044790
2025-05-07 06:29:22,787 - INFO - Val Loss: 13.740990 ± 0.219305
2025-05-07 06:29:22,787 - INFO - Train Depth Trans Loss: 0.751196
2025-05-07 06:29:22,787 - INFO - Train GPS Trans Loss: 0.003860
2025-05-07 06:29:22,787 - INFO - Val Depth Trans Loss: 0.908730
2025-05-07 06:29:22,787 - INFO - Val GPS Trans Loss: 0.011667
2025-05-07 06:29:22,787 - INFO - ATE: 0.6639 ± 0.4687 m
2025-05-07 06:29:22,788 - INFO - RPE Trans: 0.1920 ± 0.0076 m
2025-05-07 06:29:22,788 - INFO - RPE Rot: 0.0196 ± 0.0017 rad
2025-05-07 06:29:23,039 - INFO - New best model saved with validation loss: 13.740990
2025-05-07 06:29:23,040 - INFO - Epoch 22/100
2025-05-07 06:37:21,533 - INFO - IMU grad norm: 110.5412, Visual grad norm: 990.4872, Depth grad norm: 1575.8861, GPS grad norm: 900.9453, IMU/Visual ratio: 0.1116, Depth/Visual ratio: 1.5910, GPS/Visual ratio: 0.9096
2025-05-07 06:42:32,390 - INFO - Train Loss: 13.657570 ± 0.044797
2025-05-07 06:42:32,390 - INFO - Val Loss: 13.632143 ± 0.224455
2025-05-07 06:42:32,390 - INFO - Train Depth Trans Loss: 0.819737
2025-05-07 06:42:32,390 - INFO - Train GPS Trans Loss: 0.003861
2025-05-07 06:42:32,390 - INFO - Val Depth Trans Loss: 1.153804
2025-05-07 06:42:32,390 - INFO - Val GPS Trans Loss: 0.010310
2025-05-07 06:42:32,390 - INFO - ATE: 0.5981 ± 0.4223 m
2025-05-07 06:42:32,390 - INFO - RPE Trans: 0.1728 ± 0.0060 m
2025-05-07 06:42:32,390 - INFO - RPE Rot: 0.0155 ± 0.0017 rad
2025-05-07 06:42:32,646 - INFO - New best model saved with validation loss: 13.632143
2025-05-07 06:42:32,901 - INFO - New best ATE model saved with ATE: 0.5981m
2025-05-07 06:42:32,901 - INFO - Epoch 23/100
2025-05-07 06:50:17,410 - INFO - IMU grad norm: 123.6670, Visual grad norm: 898.6919, Depth grad norm: 1520.2621, GPS grad norm: 950.7828, IMU/Visual ratio: 0.1376, Depth/Visual ratio: 1.6916, GPS/Visual ratio: 1.0580
2025-05-07 06:55:33,005 - INFO - Train Loss: 13.562486 ± 0.042860
2025-05-07 06:55:33,005 - INFO - Val Loss: 13.548600 ± 0.212368
2025-05-07 06:55:33,005 - INFO - Train Depth Trans Loss: 0.862280
2025-05-07 06:55:33,005 - INFO - Train GPS Trans Loss: 0.003900
2025-05-07 06:55:33,005 - INFO - Val Depth Trans Loss: 1.050092
2025-05-07 06:55:33,005 - INFO - Val GPS Trans Loss: 0.012368
2025-05-07 06:55:33,005 - INFO - ATE: 0.6464 ± 0.4535 m
2025-05-07 06:55:33,005 - INFO - RPE Trans: 0.1859 ± 0.0061 m
2025-05-07 06:55:33,005 - INFO - RPE Rot: 0.0178 ± 0.0018 rad
2025-05-07 06:55:33,253 - INFO - New best model saved with validation loss: 13.548600
2025-05-07 06:55:33,254 - INFO - Epoch 24/100
2025-05-07 07:03:30,161 - INFO - IMU grad norm: 117.6601, Visual grad norm: 876.9519, Depth grad norm: 1555.0698, GPS grad norm: 887.6704, IMU/Visual ratio: 0.1342, Depth/Visual ratio: 1.7733, GPS/Visual ratio: 1.0122
2025-05-07 07:08:45,282 - INFO - Train Loss: 13.473440 ± 0.039376
2025-05-07 07:08:45,282 - INFO - Val Loss: 13.469137 ± 0.205293
2025-05-07 07:08:45,282 - INFO - Train Depth Trans Loss: 0.899454
2025-05-07 07:08:45,282 - INFO - Train GPS Trans Loss: 0.003796
2025-05-07 07:08:45,282 - INFO - Val Depth Trans Loss: 1.194069
2025-05-07 07:08:45,282 - INFO - Val GPS Trans Loss: 0.010785
2025-05-07 07:08:45,282 - INFO - ATE: 0.5872 ± 0.4117 m
2025-05-07 07:08:45,282 - INFO - RPE Trans: 0.1691 ± 0.0077 m
2025-05-07 07:08:45,282 - INFO - RPE Rot: 0.0211 ± 0.0019 rad
2025-05-07 07:08:45,529 - INFO - New best model saved with validation loss: 13.469137
2025-05-07 07:08:45,788 - INFO - New best ATE model saved with ATE: 0.5872m
2025-05-07 07:08:45,788 - INFO - Epoch 25/100
2025-05-07 07:16:28,850 - INFO - IMU grad norm: 130.6278, Visual grad norm: 998.0871, Depth grad norm: 1529.0681, GPS grad norm: 936.5681, IMU/Visual ratio: 0.1309, Depth/Visual ratio: 1.5320, GPS/Visual ratio: 0.9384
2025-05-07 07:21:43,561 - INFO - Train Loss: 13.393056 ± 0.040753
2025-05-07 07:21:43,561 - INFO - Val Loss: 13.376978 ± 0.226111
2025-05-07 07:21:43,561 - INFO - Train Depth Trans Loss: 0.968361
2025-05-07 07:21:43,561 - INFO - Train GPS Trans Loss: 0.003803
2025-05-07 07:21:43,561 - INFO - Val Depth Trans Loss: 1.658423
2025-05-07 07:21:43,561 - INFO - Val GPS Trans Loss: 0.010971
2025-05-07 07:21:43,562 - INFO - ATE: 0.5961 ± 0.4182 m
2025-05-07 07:21:43,562 - INFO - RPE Trans: 0.1710 ± 0.0047 m
2025-05-07 07:21:43,562 - INFO - RPE Rot: 0.0130 ± 0.0017 rad
2025-05-07 07:21:43,813 - INFO - New best model saved with validation loss: 13.376978
2025-05-07 07:21:43,814 - INFO - Epoch 26/100
2025-05-07 07:29:42,537 - INFO - IMU grad norm: 129.3310, Visual grad norm: 855.7634, Depth grad norm: 1555.6501, GPS grad norm: 899.2890, IMU/Visual ratio: 0.1511, Depth/Visual ratio: 1.8179, GPS/Visual ratio: 1.0509
2025-05-07 07:34:53,003 - INFO - Train Loss: 13.315912 ± 0.035744
2025-05-07 07:34:53,003 - INFO - Val Loss: 13.323885 ± 0.207728
2025-05-07 07:34:53,003 - INFO - Train Depth Trans Loss: 1.003078
2025-05-07 07:34:53,003 - INFO - Train GPS Trans Loss: 0.003697
2025-05-07 07:34:53,003 - INFO - Val Depth Trans Loss: 1.248069
2025-05-07 07:34:53,003 - INFO - Val GPS Trans Loss: 0.011713
2025-05-07 07:34:53,003 - INFO - ATE: 0.6538 ± 0.4613 m
2025-05-07 07:34:53,003 - INFO - RPE Trans: 0.1894 ± 0.0080 m
2025-05-07 07:34:53,003 - INFO - RPE Rot: 0.0209 ± 0.0019 rad
2025-05-07 07:34:53,248 - INFO - New best model saved with validation loss: 13.323885
2025-05-07 07:34:53,249 - INFO - Epoch 27/100
2025-05-07 07:42:51,975 - INFO - IMU grad norm: 136.7301, Visual grad norm: 904.4352, Depth grad norm: 1501.7816, GPS grad norm: 953.8706, IMU/Visual ratio: 0.1512, Depth/Visual ratio: 1.6605, GPS/Visual ratio: 1.0547
2025-05-07 07:48:07,747 - INFO - Train Loss: 13.247297 ± 0.033576
2025-05-07 07:48:07,747 - INFO - Val Loss: 13.246455 ± 0.211791
2025-05-07 07:48:07,747 - INFO - Train Depth Trans Loss: 1.008813
2025-05-07 07:48:07,747 - INFO - Train GPS Trans Loss: 0.003756
2025-05-07 07:48:07,747 - INFO - Val Depth Trans Loss: 1.404852
2025-05-07 07:48:07,747 - INFO - Val GPS Trans Loss: 0.009113
2025-05-07 07:48:07,747 - INFO - ATE: 0.5569 ± 0.3921 m
2025-05-07 07:48:07,747 - INFO - RPE Trans: 0.1610 ± 0.0086 m
2025-05-07 07:48:07,747 - INFO - RPE Rot: 0.0202 ± 0.0019 rad
2025-05-07 07:48:08,000 - INFO - New best model saved with validation loss: 13.246455
2025-05-07 07:48:08,248 - INFO - New best ATE model saved with ATE: 0.5569m
2025-05-07 07:48:08,249 - INFO - Epoch 28/100
2025-05-07 07:55:51,741 - INFO - IMU grad norm: 130.3940, Visual grad norm: 900.6371, Depth grad norm: 1560.7662, GPS grad norm: 904.0310, IMU/Visual ratio: 0.1448, Depth/Visual ratio: 1.7330, GPS/Visual ratio: 1.0038
2025-05-07 08:01:07,212 - INFO - Train Loss: 13.184029 ± 0.033759
2025-05-07 08:01:07,212 - INFO - Val Loss: 13.177402 ± 0.223065
2025-05-07 08:01:07,212 - INFO - Train Depth Trans Loss: 1.057937
2025-05-07 08:01:07,212 - INFO - Train GPS Trans Loss: 0.003743
2025-05-07 08:01:07,213 - INFO - Val Depth Trans Loss: 1.595167
2025-05-07 08:01:07,213 - INFO - Val GPS Trans Loss: 0.009831
2025-05-07 08:01:07,213 - INFO - ATE: 0.5627 ± 0.3945 m
2025-05-07 08:01:07,213 - INFO - RPE Trans: 0.1616 ± 0.0055 m
2025-05-07 08:01:07,213 - INFO - RPE Rot: 0.0127 ± 0.0018 rad
2025-05-07 08:01:07,461 - INFO - New best model saved with validation loss: 13.177402
2025-05-07 08:01:07,461 - INFO - Epoch 29/100
2025-05-07 08:09:04,761 - INFO - IMU grad norm: 138.8313, Visual grad norm: 915.3832, Depth grad norm: 1546.4591, GPS grad norm: 942.2641, IMU/Visual ratio: 0.1517, Depth/Visual ratio: 1.6894, GPS/Visual ratio: 1.0294
2025-05-07 08:14:19,962 - INFO - Train Loss: 13.126182 ± 0.030990
2025-05-07 08:14:19,962 - INFO - Val Loss: 13.131966 ± 0.215603
2025-05-07 08:14:19,962 - INFO - Train Depth Trans Loss: 1.071597
2025-05-07 08:14:19,962 - INFO - Train GPS Trans Loss: 0.003723
2025-05-07 08:14:19,962 - INFO - Val Depth Trans Loss: 1.618828
2025-05-07 08:14:19,962 - INFO - Val GPS Trans Loss: 0.011894
2025-05-07 08:14:19,962 - INFO - ATE: 0.6330 ± 0.4468 m
2025-05-07 08:14:19,962 - INFO - RPE Trans: 0.1828 ± 0.0065 m
2025-05-07 08:14:19,962 - INFO - RPE Rot: 0.0161 ± 0.0020 rad
2025-05-07 08:14:20,217 - INFO - New best model saved with validation loss: 13.131966
2025-05-07 08:14:20,217 - INFO - Epoch 30/100
2025-05-07 08:22:17,517 - INFO - IMU grad norm: 140.6366, Visual grad norm: 872.8131, Depth grad norm: 1541.0632, GPS grad norm: 948.2167, IMU/Visual ratio: 0.1611, Depth/Visual ratio: 1.7656, GPS/Visual ratio: 1.0864
2025-05-07 08:27:23,954 - INFO - Train Loss: 13.075369 ± 0.029494
2025-05-07 08:27:23,955 - INFO - Val Loss: 13.161207 ± 0.233082
2025-05-07 08:27:23,955 - INFO - Train Depth Trans Loss: 1.102785
2025-05-07 08:27:23,955 - INFO - Train GPS Trans Loss: 0.003777
2025-05-07 08:27:23,955 - INFO - Val Depth Trans Loss: 1.487629
2025-05-07 08:27:23,955 - INFO - Val GPS Trans Loss: 0.011763
2025-05-07 08:27:23,955 - INFO - ATE: 0.6137 ± 0.4382 m
2025-05-07 08:27:23,955 - INFO - RPE Trans: 0.1825 ± 0.0163 m
2025-05-07 08:27:23,955 - INFO - RPE Rot: 0.0409 ± 0.0021 rad
2025-05-07 08:27:24,201 - INFO - Checkpoint saved at epoch 30
2025-05-07 08:27:24,568 - INFO - Epoch 31/100
2025-05-07 08:35:19,398 - INFO - IMU grad norm: 131.1004, Visual grad norm: 914.0997, Depth grad norm: 1600.5803, GPS grad norm: 896.0796, IMU/Visual ratio: 0.1434, Depth/Visual ratio: 1.7510, GPS/Visual ratio: 0.9803
2025-05-07 08:40:25,710 - INFO - Train Loss: 13.029842 ± 0.032418
2025-05-07 08:40:25,710 - INFO - Val Loss: 13.073048 ± 0.210159
2025-05-07 08:40:25,710 - INFO - Train Depth Trans Loss: 1.102950
2025-05-07 08:40:25,710 - INFO - Train GPS Trans Loss: 0.003679
2025-05-07 08:40:25,710 - INFO - Val Depth Trans Loss: 1.293252
2025-05-07 08:40:25,710 - INFO - Val GPS Trans Loss: 0.009685
2025-05-07 08:40:25,710 - INFO - ATE: 0.6278 ± 0.4450 m
2025-05-07 08:40:25,711 - INFO - RPE Trans: 0.1836 ± 0.0120 m
2025-05-07 08:40:25,711 - INFO - RPE Rot: 0.0300 ± 0.0032 rad
2025-05-07 08:40:25,968 - INFO - New best model saved with validation loss: 13.073048
2025-05-07 08:40:25,969 - INFO - Epoch 32/100
2025-05-07 08:48:16,249 - INFO - IMU grad norm: 133.0918, Visual grad norm: 735.1211, Depth grad norm: 1557.8536, GPS grad norm: 917.4532, IMU/Visual ratio: 0.1810, Depth/Visual ratio: 2.1192, GPS/Visual ratio: 1.2480
2025-05-07 08:53:30,325 - INFO - Train Loss: 12.987712 ± 0.026622
2025-05-07 08:53:30,325 - INFO - Val Loss: 13.004707 ± 0.214636
2025-05-07 08:53:30,325 - INFO - Train Depth Trans Loss: 1.106080
2025-05-07 08:53:30,325 - INFO - Train GPS Trans Loss: 0.003679
2025-05-07 08:53:30,325 - INFO - Val Depth Trans Loss: 1.356234
2025-05-07 08:53:30,325 - INFO - Val GPS Trans Loss: 0.011943
2025-05-07 08:53:30,325 - INFO - ATE: 0.6589 ± 0.4625 m
2025-05-07 08:53:30,325 - INFO - RPE Trans: 0.1896 ± 0.0065 m
2025-05-07 08:53:30,325 - INFO - RPE Rot: 0.0172 ± 0.0019 rad
2025-05-07 08:53:30,585 - INFO - New best model saved with validation loss: 13.004707
2025-05-07 08:53:30,585 - INFO - Epoch 33/100
2025-05-07 09:01:15,257 - INFO - IMU grad norm: 136.4229, Visual grad norm: 965.1616, Depth grad norm: 1609.6632, GPS grad norm: 929.9105, IMU/Visual ratio: 0.1413, Depth/Visual ratio: 1.6678, GPS/Visual ratio: 0.9635
2025-05-07 09:06:22,927 - INFO - Train Loss: 12.954505 ± 0.031468
2025-05-07 09:06:22,928 - INFO - Val Loss: 12.985574 ± 0.213648
2025-05-07 09:06:22,928 - INFO - Train Depth Trans Loss: 1.147723
2025-05-07 09:06:22,928 - INFO - Train GPS Trans Loss: 0.003715
2025-05-07 09:06:22,928 - INFO - Val Depth Trans Loss: 1.428533
2025-05-07 09:06:22,928 - INFO - Val GPS Trans Loss: 0.013949
2025-05-07 09:06:22,928 - INFO - ATE: 0.6821 ± 0.4784 m
2025-05-07 09:06:22,928 - INFO - RPE Trans: 0.1963 ± 0.0074 m
2025-05-07 09:06:22,928 - INFO - RPE Rot: 0.0213 ± 0.0022 rad
2025-05-07 09:06:23,182 - INFO - New best model saved with validation loss: 12.985574
2025-05-07 09:06:23,183 - INFO - Epoch 34/100
